

Started GET "/" for 127.0.0.1 at 2016-01-05 20:42:43 -0800

ActiveRecord::PendingMigrationError (Migrations are pending; run 'rake db:migrate RAILS_ENV=development' to resolve this issue.):
  activerecord (4.0.0.rc1) lib/active_record/migration.rb:376:in `check_pending!'
  activerecord (4.0.0.rc1) lib/active_record/migration.rb:364:in `block in call'
  activesupport (4.0.0.rc1) lib/active_support/logger_silence.rb:16:in `silence'
  activerecord (4.0.0.rc1) lib/active_record/migration.rb:363:in `call'
  actionpack (4.0.0.rc1) lib/action_dispatch/middleware/callbacks.rb:29:in `block in call'
  activesupport (4.0.0.rc1) lib/active_support/callbacks.rb:392:in `_run__2194672671403680344__call__callbacks'
  activesupport (4.0.0.rc1) lib/active_support/callbacks.rb:80:in `run_callbacks'
  actionpack (4.0.0.rc1) lib/action_dispatch/middleware/callbacks.rb:27:in `call'
  actionpack (4.0.0.rc1) lib/action_dispatch/middleware/reloader.rb:64:in `call'
  actionpack (4.0.0.rc1) lib/action_dispatch/middleware/remote_ip.rb:76:in `call'
  actionpack (4.0.0.rc1) lib/action_dispatch/middleware/debug_exceptions.rb:17:in `call'
  actionpack (4.0.0.rc1) lib/action_dispatch/middleware/show_exceptions.rb:30:in `call'
  railties (4.0.0.rc1) lib/rails/rack/logger.rb:38:in `call_app'
  railties (4.0.0.rc1) lib/rails/rack/logger.rb:21:in `block in call'
  activesupport (4.0.0.rc1) lib/active_support/tagged_logging.rb:67:in `block in tagged'
  activesupport (4.0.0.rc1) lib/active_support/tagged_logging.rb:25:in `tagged'
  activesupport (4.0.0.rc1) lib/active_support/tagged_logging.rb:67:in `tagged'
  railties (4.0.0.rc1) lib/rails/rack/logger.rb:21:in `call'
  actionpack (4.0.0.rc1) lib/action_dispatch/middleware/request_id.rb:21:in `call'
  rack (1.5.5) lib/rack/methodoverride.rb:21:in `call'
  rack (1.5.5) lib/rack/runtime.rb:17:in `call'
  activesupport (4.0.0.rc1) lib/active_support/cache/strategy/local_cache.rb:83:in `call'
  rack (1.5.5) lib/rack/lock.rb:17:in `call'
  actionpack (4.0.0.rc1) lib/action_dispatch/middleware/static.rb:64:in `call'
  railties (4.0.0.rc1) lib/rails/engine.rb:511:in `call'
  railties (4.0.0.rc1) lib/rails/application.rb:96:in `call'
  rack (1.5.5) lib/rack/lock.rb:17:in `call'
  rack (1.5.5) lib/rack/content_length.rb:14:in `call'
  rack (1.5.5) lib/rack/handler/webrick.rb:60:in `service'
  /Users/petershin/.rvm/rubies/ruby-2.2.1/lib/ruby/2.2.0/webrick/httpserver.rb:138:in `service'
  /Users/petershin/.rvm/rubies/ruby-2.2.1/lib/ruby/2.2.0/webrick/httpserver.rb:94:in `run'
  /Users/petershin/.rvm/rubies/ruby-2.2.1/lib/ruby/2.2.0/webrick/server.rb:294:in `block in start_thread'


  Rendered /Users/petershin/.rvm/gems/ruby-2.2.1/gems/actionpack-4.0.0.rc1/lib/action_dispatch/middleware/templates/rescues/_source.erb (0.6ms)
  Rendered /Users/petershin/.rvm/gems/ruby-2.2.1/gems/actionpack-4.0.0.rc1/lib/action_dispatch/middleware/templates/rescues/_trace.erb (1.8ms)
  Rendered /Users/petershin/.rvm/gems/ruby-2.2.1/gems/actionpack-4.0.0.rc1/lib/action_dispatch/middleware/templates/rescues/_request_and_response.erb (0.8ms)
  Rendered /Users/petershin/.rvm/gems/ruby-2.2.1/gems/actionpack-4.0.0.rc1/lib/action_dispatch/middleware/templates/rescues/diagnostics.erb within rescues/layout (51.1ms)
  [1m[36m (0.9ms)[0m  [1mCREATE TABLE "schema_migrations" ("version" varchar(255) NOT NULL) [0m
  [1m[35m (0.9ms)[0m  CREATE UNIQUE INDEX "unique_schema_migrations" ON "schema_migrations" ("version")
  [1m[36mActiveRecord::SchemaMigration Load (0.1ms)[0m  [1mSELECT "schema_migrations".* FROM "schema_migrations"[0m
Migrating to CreateMovies (20130610234924)
  [1m[35m (0.1ms)[0m  begin transaction
  [1m[36m (0.3ms)[0m  [1mCREATE TABLE "movies" ("id" INTEGER PRIMARY KEY AUTOINCREMENT NOT NULL, "title" varchar(255), "description" text, "year_released" integer, "created_at" datetime, "updated_at" datetime) [0m
  [1m[35mSQL (0.2ms)[0m  INSERT INTO "schema_migrations" ("version") VALUES (?)  [["version", "20130610234924"]]
  [1m[36m (1.0ms)[0m  [1mcommit transaction[0m
Migrating to AddRatingToMovies (20130610235644)
  [1m[35m (0.1ms)[0m  begin transaction
  [1m[36m (0.8ms)[0m  [1mALTER TABLE "movies" ADD "rating" integer DEFAULT 3[0m
  [1m[35mSQL (0.1ms)[0m  INSERT INTO "schema_migrations" ("version") VALUES (?)  [["version", "20130610235644"]]
  [1m[36m (0.8ms)[0m  [1mcommit transaction[0m
  [1m[35mActiveRecord::SchemaMigration Load (0.1ms)[0m  SELECT "schema_migrations".* FROM "schema_migrations"


Started GET "/" for 127.0.0.1 at 2016-01-05 20:42:59 -0800
Processing by MoviesController#index as HTML
  [1m[36mMovie Load (0.1ms)[0m  [1mSELECT "movies".* FROM "movies"[0m
  Rendered movies/_list.html.erb (1.0ms)
  Rendered movies/index.html.erb within layouts/application (5.8ms)
Completed 200 OK in 1050ms (Views: 1035.9ms | ActiveRecord: 0.1ms)


Started GET "/assets/application.css?body=1" for 127.0.0.1 at 2016-01-05 20:43:00 -0800


Started GET "/assets/movies.css?body=1" for 127.0.0.1 at 2016-01-05 20:43:00 -0800


Started GET "/assets/movies.js?body=1" for 127.0.0.1 at 2016-01-05 20:43:00 -0800


Started GET "/assets/jquery.js?body=1" for 127.0.0.1 at 2016-01-05 20:43:00 -0800


Started GET "/assets/jquery_ujs.js?body=1" for 127.0.0.1 at 2016-01-05 20:43:00 -0800


Started GET "/assets/turbolinks.js?body=1" for 127.0.0.1 at 2016-01-05 20:43:00 -0800


Started GET "/assets/application.js?body=1" for 127.0.0.1 at 2016-01-05 20:43:00 -0800


Started GET "/info/routes" for 127.0.0.1 at 2016-01-05 20:43:31 -0800

ActionController::RoutingError (No route matches [GET] "/info/routes"):
  actionpack (4.0.0.rc1) lib/action_dispatch/middleware/debug_exceptions.rb:21:in `call'
  actionpack (4.0.0.rc1) lib/action_dispatch/middleware/show_exceptions.rb:30:in `call'
  railties (4.0.0.rc1) lib/rails/rack/logger.rb:38:in `call_app'
  railties (4.0.0.rc1) lib/rails/rack/logger.rb:21:in `block in call'
  activesupport (4.0.0.rc1) lib/active_support/tagged_logging.rb:67:in `block in tagged'
  activesupport (4.0.0.rc1) lib/active_support/tagged_logging.rb:25:in `tagged'
  activesupport (4.0.0.rc1) lib/active_support/tagged_logging.rb:67:in `tagged'
  railties (4.0.0.rc1) lib/rails/rack/logger.rb:21:in `call'
  actionpack (4.0.0.rc1) lib/action_dispatch/middleware/request_id.rb:21:in `call'
  rack (1.5.5) lib/rack/methodoverride.rb:21:in `call'
  rack (1.5.5) lib/rack/runtime.rb:17:in `call'
  activesupport (4.0.0.rc1) lib/active_support/cache/strategy/local_cache.rb:83:in `call'
  rack (1.5.5) lib/rack/lock.rb:17:in `call'
  actionpack (4.0.0.rc1) lib/action_dispatch/middleware/static.rb:64:in `call'
  railties (4.0.0.rc1) lib/rails/engine.rb:511:in `call'
  railties (4.0.0.rc1) lib/rails/application.rb:96:in `call'
  rack (1.5.5) lib/rack/lock.rb:17:in `call'
  rack (1.5.5) lib/rack/content_length.rb:14:in `call'
  rack (1.5.5) lib/rack/handler/webrick.rb:60:in `service'
  /Users/petershin/.rvm/rubies/ruby-2.2.1/lib/ruby/2.2.0/webrick/httpserver.rb:138:in `service'
  /Users/petershin/.rvm/rubies/ruby-2.2.1/lib/ruby/2.2.0/webrick/httpserver.rb:94:in `run'
  /Users/petershin/.rvm/rubies/ruby-2.2.1/lib/ruby/2.2.0/webrick/server.rb:294:in `block in start_thread'


  Rendered /Users/petershin/.rvm/gems/ruby-2.2.1/gems/actionpack-4.0.0.rc1/lib/action_dispatch/middleware/templates/rescues/_trace.erb (2.0ms)
  Rendered /Users/petershin/.rvm/gems/ruby-2.2.1/gems/actionpack-4.0.0.rc1/lib/action_dispatch/middleware/templates/routes/_route.html.erb (0.8ms)
  Rendered /Users/petershin/.rvm/gems/ruby-2.2.1/gems/actionpack-4.0.0.rc1/lib/action_dispatch/middleware/templates/routes/_table.html.erb (6.9ms)
  Rendered /Users/petershin/.rvm/gems/ruby-2.2.1/gems/actionpack-4.0.0.rc1/lib/action_dispatch/middleware/templates/rescues/routing_error.erb within rescues/layout (49.2ms)


Started GET "/info/rake/routes" for 127.0.0.1 at 2016-01-05 20:43:41 -0800

ActionController::RoutingError (No route matches [GET] "/info/rake/routes"):
  actionpack (4.0.0.rc1) lib/action_dispatch/middleware/debug_exceptions.rb:21:in `call'
  actionpack (4.0.0.rc1) lib/action_dispatch/middleware/show_exceptions.rb:30:in `call'
  railties (4.0.0.rc1) lib/rails/rack/logger.rb:38:in `call_app'
  railties (4.0.0.rc1) lib/rails/rack/logger.rb:21:in `block in call'
  activesupport (4.0.0.rc1) lib/active_support/tagged_logging.rb:67:in `block in tagged'
  activesupport (4.0.0.rc1) lib/active_support/tagged_logging.rb:25:in `tagged'
  activesupport (4.0.0.rc1) lib/active_support/tagged_logging.rb:67:in `tagged'
  railties (4.0.0.rc1) lib/rails/rack/logger.rb:21:in `call'
  actionpack (4.0.0.rc1) lib/action_dispatch/middleware/request_id.rb:21:in `call'
  rack (1.5.5) lib/rack/methodoverride.rb:21:in `call'
  rack (1.5.5) lib/rack/runtime.rb:17:in `call'
  activesupport (4.0.0.rc1) lib/active_support/cache/strategy/local_cache.rb:83:in `call'
  rack (1.5.5) lib/rack/lock.rb:17:in `call'
  actionpack (4.0.0.rc1) lib/action_dispatch/middleware/static.rb:64:in `call'
  railties (4.0.0.rc1) lib/rails/engine.rb:511:in `call'
  railties (4.0.0.rc1) lib/rails/application.rb:96:in `call'
  rack (1.5.5) lib/rack/lock.rb:17:in `call'
  rack (1.5.5) lib/rack/content_length.rb:14:in `call'
  rack (1.5.5) lib/rack/handler/webrick.rb:60:in `service'
  /Users/petershin/.rvm/rubies/ruby-2.2.1/lib/ruby/2.2.0/webrick/httpserver.rb:138:in `service'
  /Users/petershin/.rvm/rubies/ruby-2.2.1/lib/ruby/2.2.0/webrick/httpserver.rb:94:in `run'
  /Users/petershin/.rvm/rubies/ruby-2.2.1/lib/ruby/2.2.0/webrick/server.rb:294:in `block in start_thread'


  Rendered /Users/petershin/.rvm/gems/ruby-2.2.1/gems/actionpack-4.0.0.rc1/lib/action_dispatch/middleware/templates/rescues/_trace.erb (1.5ms)
  Rendered /Users/petershin/.rvm/gems/ruby-2.2.1/gems/actionpack-4.0.0.rc1/lib/action_dispatch/middleware/templates/routes/_route.html.erb (0.9ms)
  Rendered /Users/petershin/.rvm/gems/ruby-2.2.1/gems/actionpack-4.0.0.rc1/lib/action_dispatch/middleware/templates/routes/_table.html.erb (1.4ms)
  Rendered /Users/petershin/.rvm/gems/ruby-2.2.1/gems/actionpack-4.0.0.rc1/lib/action_dispatch/middleware/templates/rescues/routing_error.erb within rescues/layout (44.5ms)


Started GET "/rails/info/routes" for 127.0.0.1 at 2016-01-05 20:43:50 -0800
Processing by Rails::InfoController#routes as HTML
  Rendered /Users/petershin/.rvm/gems/ruby-2.2.1/gems/actionpack-4.0.0.rc1/lib/action_dispatch/middleware/templates/routes/_route.html.erb (0.7ms)
  Rendered /Users/petershin/.rvm/gems/ruby-2.2.1/gems/actionpack-4.0.0.rc1/lib/action_dispatch/middleware/templates/routes/_table.html.erb (1.0ms)
  Rendered /Users/petershin/.rvm/gems/ruby-2.2.1/gems/railties-4.0.0.rc1/lib/rails/templates/rails/info/routes.html.erb within layouts/application (5.1ms)
Completed 200 OK in 23ms (Views: 21.6ms | ActiveRecord: 0.0ms)


Started GET "/rails/info/routes" for 127.0.0.1 at 2016-01-05 20:45:17 -0800
Processing by Rails::InfoController#routes as HTML
  Rendered /Users/petershin/.rvm/gems/ruby-2.2.1/gems/actionpack-4.0.0.rc1/lib/action_dispatch/middleware/templates/routes/_route.html.erb (0.7ms)
  Rendered /Users/petershin/.rvm/gems/ruby-2.2.1/gems/actionpack-4.0.0.rc1/lib/action_dispatch/middleware/templates/routes/_table.html.erb (0.4ms)
  Rendered /Users/petershin/.rvm/gems/ruby-2.2.1/gems/railties-4.0.0.rc1/lib/rails/templates/rails/info/routes.html.erb within layouts/application (7.9ms)
Completed 200 OK in 15ms (Views: 14.1ms | ActiveRecord: 0.0ms)


Started GET "/" for 127.0.0.1 at 2016-01-05 20:47:08 -0800
Processing by MoviesController#index as HTML
  [1m[35mMovie Load (0.2ms)[0m  SELECT "movies".* FROM "movies"
  Rendered movies/_list.html.erb (0.9ms)
  Rendered movies/index.html.erb within layouts/application (7.0ms)
Completed 200 OK in 18ms (Views: 14.1ms | ActiveRecord: 0.2ms)


Started GET "/assets/application.css?body=1" for 127.0.0.1 at 2016-01-05 20:47:08 -0800


Started GET "/assets/jquery.js?body=1" for 127.0.0.1 at 2016-01-05 20:47:08 -0800


Started GET "/assets/jquery_ujs.js?body=1" for 127.0.0.1 at 2016-01-05 20:47:09 -0800


Started GET "/assets/turbolinks.js?body=1" for 127.0.0.1 at 2016-01-05 20:47:09 -0800


Started GET "/assets/application.js?body=1" for 127.0.0.1 at 2016-01-05 20:47:09 -0800
  [1m[36mActiveRecord::SchemaMigration Load (0.1ms)[0m  [1mSELECT "schema_migrations".* FROM "schema_migrations"[0m
  [1m[35m (0.1ms)[0m  begin transaction
  [1m[36mSQL (4.3ms)[0m  [1mINSERT INTO "movies" ("created_at", "description", "title", "updated_at", "year_released") VALUES (?, ?, ?, ?, ?)[0m  [["created_at", Wed, 06 Jan 2016 04:47:15 UTC +00:00], ["description", "Morgan Freeman in Jail"], ["title", "The Shawshank Redemption"], ["updated_at", Wed, 06 Jan 2016 04:47:15 UTC +00:00], ["year_released", 1994]]
  [1m[35m (0.8ms)[0m  commit transaction
  [1m[36m (0.0ms)[0m  [1mbegin transaction[0m
  [1m[35mSQL (0.3ms)[0m  INSERT INTO "movies" ("created_at", "description", "title", "updated_at", "year_released") VALUES (?, ?, ?, ?, ?)  [["created_at", Wed, 06 Jan 2016 04:47:15 UTC +00:00], ["description", "Hard core Gangster activity"], ["title", "The Godfather"], ["updated_at", Wed, 06 Jan 2016 04:47:15 UTC +00:00], ["year_released", 1972]]
  [1m[36m (0.8ms)[0m  [1mcommit transaction[0m
  [1m[35m (0.0ms)[0m  begin transaction
  [1m[36mSQL (0.3ms)[0m  [1mINSERT INTO "movies" ("created_at", "description", "title", "updated_at", "year_released") VALUES (?, ?, ?, ?, ?)[0m  [["created_at", Wed, 06 Jan 2016 04:47:15 UTC +00:00], ["description", "More Gangsters, aw yea"], ["title", "The Godfather: Part II"], ["updated_at", Wed, 06 Jan 2016 04:47:15 UTC +00:00], ["year_released", 1974]]
  [1m[35m (0.6ms)[0m  commit transaction
  [1m[36m (0.0ms)[0m  [1mbegin transaction[0m
  [1m[35mSQL (0.2ms)[0m  INSERT INTO "movies" ("created_at", "description", "title", "updated_at", "year_released") VALUES (?, ?, ?, ?, ?)  [["created_at", Wed, 06 Jan 2016 04:47:15 UTC +00:00], ["description", "Samuel Jackson screams a LOT! Say What again!"], ["title", "Pulp Fiction"], ["updated_at", Wed, 06 Jan 2016 04:47:15 UTC +00:00], ["year_released", 1994]]
  [1m[36m (0.7ms)[0m  [1mcommit transaction[0m
  [1m[35m (0.0ms)[0m  begin transaction
  [1m[36mSQL (0.3ms)[0m  [1mINSERT INTO "movies" ("created_at", "description", "title", "updated_at", "year_released") VALUES (?, ?, ?, ?, ?)[0m  [["created_at", Wed, 06 Jan 2016 04:47:15 UTC +00:00], ["description", "Cowboys will be cowboys"], ["title", "The Good, the Bad and the Ugly"], ["updated_at", Wed, 06 Jan 2016 04:47:15 UTC +00:00], ["year_released", 1966]]
  [1m[35m (1.1ms)[0m  commit transaction
  [1m[36m (0.1ms)[0m  [1mbegin transaction[0m
  [1m[35mSQL (0.4ms)[0m  INSERT INTO "movies" ("created_at", "description", "title", "updated_at", "year_released") VALUES (?, ?, ?, ?, ?)  [["created_at", Wed, 06 Jan 2016 04:47:15 UTC +00:00], ["description", "Really old movie about a court case. They have anger issues"], ["title", "12 Angry Men"], ["updated_at", Wed, 06 Jan 2016 04:47:15 UTC +00:00], ["year_released", 1957]]
  [1m[36m (0.7ms)[0m  [1mcommit transaction[0m
  [1m[35m (0.0ms)[0m  begin transaction
  [1m[36mSQL (0.3ms)[0m  [1mINSERT INTO "movies" ("created_at", "description", "title", "updated_at", "year_released") VALUES (?, ?, ?, ?, ?)[0m  [["created_at", Wed, 06 Jan 2016 04:47:15 UTC +00:00], ["description", "Batman (not a super hero), battles the joker for who can have the most not normal voice ever"], ["title", "The Dark Knight"], ["updated_at", Wed, 06 Jan 2016 04:47:15 UTC +00:00], ["year_released", 2008]]
  [1m[35m (0.6ms)[0m  commit transaction
  [1m[36m (0.0ms)[0m  [1mbegin transaction[0m
  [1m[35mSQL (0.3ms)[0m  INSERT INTO "movies" ("created_at", "description", "title", "updated_at", "year_released") VALUES (?, ?, ?, ?, ?)  [["created_at", Wed, 06 Jan 2016 04:47:15 UTC +00:00], ["description", "It's about the Holocaust I think"], ["title", "Schindler's List"], ["updated_at", Wed, 06 Jan 2016 04:47:15 UTC +00:00], ["year_released", 1993]]
  [1m[36m (0.6ms)[0m  [1mcommit transaction[0m
  [1m[35m (0.0ms)[0m  begin transaction
  [1m[36mSQL (0.3ms)[0m  [1mINSERT INTO "movies" ("created_at", "description", "title", "updated_at", "year_released") VALUES (?, ?, ?, ?, ?)[0m  [["created_at", Wed, 06 Jan 2016 04:47:15 UTC +00:00], ["description", "Something to do with Hobbits"], ["title", "The Lord of the Rings: The Return of the King"], ["updated_at", Wed, 06 Jan 2016 04:47:15 UTC +00:00], ["year_released", 2003]]
  [1m[35m (0.7ms)[0m  commit transaction
  [1m[36m (0.0ms)[0m  [1mbegin transaction[0m
  [1m[35mSQL (0.3ms)[0m  INSERT INTO "movies" ("created_at", "description", "title", "updated_at", "year_released") VALUES (?, ?, ?, ?, ?)  [["created_at", Wed, 06 Jan 2016 04:47:15 UTC +00:00], ["description", "This is your life... Apparently it's really easy to make explosives"], ["title", "Fight Club"], ["updated_at", Wed, 06 Jan 2016 04:47:15 UTC +00:00], ["year_released", 1999]]
  [1m[36m (0.7ms)[0m  [1mcommit transaction[0m
  [1m[35m (0.0ms)[0m  begin transaction
  [1m[36mSQL (0.2ms)[0m  [1mINSERT INTO "movies" ("created_at", "description", "title", "updated_at", "year_released") VALUES (?, ?, ?, ?, ?)[0m  [["created_at", Wed, 06 Jan 2016 04:47:15 UTC +00:00], ["description", "The best Star Wars EVER"], ["title", "Star Wars: Episode V - The Empire Strikes Back"], ["updated_at", Wed, 06 Jan 2016 04:47:15 UTC +00:00], ["year_released", 1980]]
  [1m[35m (0.7ms)[0m  commit transaction
  [1m[36m (0.1ms)[0m  [1mbegin transaction[0m
  [1m[35mSQL (1.1ms)[0m  INSERT INTO "movies" ("created_at", "description", "title", "updated_at", "year_released") VALUES (?, ?, ?, ?, ?)  [["created_at", Wed, 06 Jan 2016 04:47:15 UTC +00:00], ["description", "More Hobbits"], ["title", "The Lord of the Rings: The Fellowship of the Ring"], ["updated_at", Wed, 06 Jan 2016 04:47:15 UTC +00:00], ["year_released", 2001]]
  [1m[36m (0.9ms)[0m  [1mcommit transaction[0m
  [1m[35m (0.1ms)[0m  begin transaction
  [1m[36mSQL (0.4ms)[0m  [1mINSERT INTO "movies" ("created_at", "description", "title", "updated_at", "year_released") VALUES (?, ?, ?, ?, ?)[0m  [["created_at", Wed, 06 Jan 2016 04:47:15 UTC +00:00], ["description", "Crazy guy does crazy stuff"], ["title", "One Flew Over the Cuckoo's Nest"], ["updated_at", Wed, 06 Jan 2016 04:47:15 UTC +00:00], ["year_released", 1975]]
  [1m[35m (1.4ms)[0m  commit transaction
  [1m[36m (0.2ms)[0m  [1mbegin transaction[0m
  [1m[35mSQL (0.4ms)[0m  INSERT INTO "movies" ("created_at", "description", "title", "updated_at", "year_released") VALUES (?, ?, ?, ?, ?)  [["created_at", Wed, 06 Jan 2016 04:47:15 UTC +00:00], ["description", "Dream in a dream, in a nap, in a dozing off in class"], ["title", "Inception"], ["updated_at", Wed, 06 Jan 2016 04:47:15 UTC +00:00], ["year_released", 2010]]
  [1m[36m (0.9ms)[0m  [1mcommit transaction[0m
  [1m[35m (0.1ms)[0m  begin transaction
  [1m[36mSQL (0.5ms)[0m  [1mINSERT INTO "movies" ("created_at", "description", "title", "updated_at", "year_released") VALUES (?, ?, ?, ?, ?)[0m  [["created_at", Wed, 06 Jan 2016 04:47:15 UTC +00:00], ["description", "I think Joe Pesci is in this one"], ["title", "Goodfellas"], ["updated_at", Wed, 06 Jan 2016 04:47:15 UTC +00:00], ["year_released", 1990]]
  [1m[35m (0.8ms)[0m  commit transaction
  [1m[36m (0.0ms)[0m  [1mbegin transaction[0m
  [1m[35mSQL (0.2ms)[0m  INSERT INTO "movies" ("created_at", "description", "title", "updated_at", "year_released") VALUES (?, ?, ?, ?, ?)  [["created_at", Wed, 06 Jan 2016 04:47:15 UTC +00:00], ["description", "Let the Wookie win"], ["title", "Star Wars"], ["updated_at", Wed, 06 Jan 2016 04:47:15 UTC +00:00], ["year_released", 1977]]
  [1m[36m (0.7ms)[0m  [1mcommit transaction[0m
  [1m[35m (0.0ms)[0m  begin transaction
  [1m[36mSQL (0.2ms)[0m  [1mINSERT INTO "movies" ("created_at", "description", "title", "updated_at", "year_released") VALUES (?, ?, ?, ?, ?)[0m  [["created_at", Wed, 06 Jan 2016 04:47:15 UTC +00:00], ["description", "One of the best films ever made... according to Wikipedia"], ["title", "Seven Samurai"], ["updated_at", Wed, 06 Jan 2016 04:47:15 UTC +00:00], ["year_released", 1954]]
  [1m[35m (0.7ms)[0m  commit transaction
  [1m[36m (0.0ms)[0m  [1mbegin transaction[0m
  [1m[35mSQL (0.2ms)[0m  INSERT INTO "movies" ("created_at", "description", "title", "updated_at", "year_released") VALUES (?, ?, ?, ?, ?)  [["created_at", Wed, 06 Jan 2016 04:47:15 UTC +00:00], ["description", "Life is like a box of chocolates. It will give you diabetes"], ["title", "Forrest Gump"], ["updated_at", Wed, 06 Jan 2016 04:47:15 UTC +00:00], ["year_released", 1994]]
  [1m[36m (0.7ms)[0m  [1mcommit transaction[0m
  [1m[35m (0.1ms)[0m  begin transaction
  [1m[36mSQL (0.2ms)[0m  [1mINSERT INTO "movies" ("created_at", "description", "title", "updated_at", "year_released") VALUES (?, ?, ?, ?, ?)[0m  [["created_at", Wed, 06 Jan 2016 04:47:15 UTC +00:00], ["description", "Playing videogames can teach you kung-fu"], ["title", "The Matrix"], ["updated_at", Wed, 06 Jan 2016 04:47:15 UTC +00:00], ["year_released", 1999]]
  [1m[35m (0.6ms)[0m  commit transaction
  [1m[36m (0.1ms)[0m  [1mbegin transaction[0m
  [1m[35mSQL (0.2ms)[0m  INSERT INTO "movies" ("created_at", "description", "title", "updated_at", "year_released") VALUES (?, ?, ?, ?, ?)  [["created_at", Wed, 06 Jan 2016 04:47:15 UTC +00:00], ["description", "Again with the Hobbits and their jewelry obsession"], ["title", "The Lord of the Rings: The Two Towers"], ["updated_at", Wed, 06 Jan 2016 04:47:15 UTC +00:00], ["year_released", 2002]]
  [1m[36m (0.7ms)[0m  [1mcommit transaction[0m


Started GET "/" for 127.0.0.1 at 2016-01-05 20:47:17 -0800
Processing by MoviesController#index as HTML
  [1m[36mMovie Load (0.7ms)[0m  [1mSELECT "movies".* FROM "movies"[0m
  Rendered movies/_list.html.erb (24.1ms)
  Rendered movies/index.html.erb within layouts/application (25.8ms)
Completed 200 OK in 41ms (Views: 39.1ms | ActiveRecord: 0.9ms)


Started GET "/assets/application.css?body=1" for 127.0.0.1 at 2016-01-05 20:47:18 -0800


Started GET "/assets/jquery_ujs.js?body=1" for 127.0.0.1 at 2016-01-05 20:47:18 -0800


Started GET "/assets/jquery.js?body=1" for 127.0.0.1 at 2016-01-05 20:47:18 -0800


Started GET "/assets/movies.css?body=1" for 127.0.0.1 at 2016-01-05 20:47:18 -0800


Started GET "/assets/turbolinks.js?body=1" for 127.0.0.1 at 2016-01-05 20:47:18 -0800


Started GET "/assets/application.js?body=1" for 127.0.0.1 at 2016-01-05 20:47:18 -0800


Started GET "/assets/movies.js?body=1" for 127.0.0.1 at 2016-01-05 20:47:18 -0800


Started GET "/movies/1" for 127.0.0.1 at 2016-01-05 20:47:46 -0800
Processing by MoviesController#show as HTML
  Parameters: {"id"=>"1"}
Completed 500 Internal Server Error in 3ms

NameError (undefined local variable or method `load_movie' for #<MoviesController:0x007ff29f8bb318>):
  activesupport (4.0.0.rc1) lib/active_support/callbacks.rb:426:in `_run__2500430602246615840__process_action__callbacks'
  activesupport (4.0.0.rc1) lib/active_support/callbacks.rb:80:in `run_callbacks'
  actionpack (4.0.0.rc1) lib/abstract_controller/callbacks.rb:17:in `process_action'
  actionpack (4.0.0.rc1) lib/action_controller/metal/rescue.rb:29:in `process_action'
  actionpack (4.0.0.rc1) lib/action_controller/metal/instrumentation.rb:31:in `block in process_action'
  activesupport (4.0.0.rc1) lib/active_support/notifications.rb:159:in `block in instrument'
  activesupport (4.0.0.rc1) lib/active_support/notifications/instrumenter.rb:20:in `instrument'
  activesupport (4.0.0.rc1) lib/active_support/notifications.rb:159:in `instrument'
  actionpack (4.0.0.rc1) lib/action_controller/metal/instrumentation.rb:30:in `process_action'
  actionpack (4.0.0.rc1) lib/action_controller/metal/params_wrapper.rb:245:in `process_action'
  activerecord (4.0.0.rc1) lib/active_record/railties/controller_runtime.rb:18:in `process_action'
  actionpack (4.0.0.rc1) lib/abstract_controller/base.rb:136:in `process'
  actionpack (4.0.0.rc1) lib/abstract_controller/rendering.rb:44:in `process'
  actionpack (4.0.0.rc1) lib/action_controller/metal.rb:195:in `dispatch'
  actionpack (4.0.0.rc1) lib/action_controller/metal/rack_delegation.rb:13:in `dispatch'
  actionpack (4.0.0.rc1) lib/action_controller/metal.rb:231:in `block in action'
  actionpack (4.0.0.rc1) lib/action_dispatch/routing/route_set.rb:80:in `call'
  actionpack (4.0.0.rc1) lib/action_dispatch/routing/route_set.rb:80:in `dispatch'
  actionpack (4.0.0.rc1) lib/action_dispatch/routing/route_set.rb:48:in `call'
  actionpack (4.0.0.rc1) lib/action_dispatch/journey/router.rb:71:in `block in call'
  actionpack (4.0.0.rc1) lib/action_dispatch/journey/router.rb:59:in `each'
  actionpack (4.0.0.rc1) lib/action_dispatch/journey/router.rb:59:in `call'
  actionpack (4.0.0.rc1) lib/action_dispatch/routing/route_set.rb:654:in `call'
  rack (1.5.5) lib/rack/etag.rb:23:in `call'
  rack (1.5.5) lib/rack/conditionalget.rb:25:in `call'
  rack (1.5.5) lib/rack/head.rb:11:in `call'
  actionpack (4.0.0.rc1) lib/action_dispatch/middleware/params_parser.rb:27:in `call'
  actionpack (4.0.0.rc1) lib/action_dispatch/middleware/flash.rb:241:in `call'
  rack (1.5.5) lib/rack/session/abstract/id.rb:225:in `context'
  rack (1.5.5) lib/rack/session/abstract/id.rb:220:in `call'
  actionpack (4.0.0.rc1) lib/action_dispatch/middleware/cookies.rb:486:in `call'
  activerecord (4.0.0.rc1) lib/active_record/query_cache.rb:36:in `call'
  activerecord (4.0.0.rc1) lib/active_record/connection_adapters/abstract/connection_pool.rb:626:in `call'
  activerecord (4.0.0.rc1) lib/active_record/migration.rb:366:in `call'
  actionpack (4.0.0.rc1) lib/action_dispatch/middleware/callbacks.rb:29:in `block in call'
  activesupport (4.0.0.rc1) lib/active_support/callbacks.rb:392:in `_run__2194672671403680344__call__callbacks'
  activesupport (4.0.0.rc1) lib/active_support/callbacks.rb:80:in `run_callbacks'
  actionpack (4.0.0.rc1) lib/action_dispatch/middleware/callbacks.rb:27:in `call'
  actionpack (4.0.0.rc1) lib/action_dispatch/middleware/reloader.rb:64:in `call'
  actionpack (4.0.0.rc1) lib/action_dispatch/middleware/remote_ip.rb:76:in `call'
  actionpack (4.0.0.rc1) lib/action_dispatch/middleware/debug_exceptions.rb:17:in `call'
  actionpack (4.0.0.rc1) lib/action_dispatch/middleware/show_exceptions.rb:30:in `call'
  railties (4.0.0.rc1) lib/rails/rack/logger.rb:38:in `call_app'
  railties (4.0.0.rc1) lib/rails/rack/logger.rb:21:in `block in call'
  activesupport (4.0.0.rc1) lib/active_support/tagged_logging.rb:67:in `block in tagged'
  activesupport (4.0.0.rc1) lib/active_support/tagged_logging.rb:25:in `tagged'
  activesupport (4.0.0.rc1) lib/active_support/tagged_logging.rb:67:in `tagged'
  railties (4.0.0.rc1) lib/rails/rack/logger.rb:21:in `call'
  actionpack (4.0.0.rc1) lib/action_dispatch/middleware/request_id.rb:21:in `call'
  rack (1.5.5) lib/rack/methodoverride.rb:21:in `call'
  rack (1.5.5) lib/rack/runtime.rb:17:in `call'
  activesupport (4.0.0.rc1) lib/active_support/cache/strategy/local_cache.rb:83:in `call'
  rack (1.5.5) lib/rack/lock.rb:17:in `call'
  actionpack (4.0.0.rc1) lib/action_dispatch/middleware/static.rb:64:in `call'
  railties (4.0.0.rc1) lib/rails/engine.rb:511:in `call'
  railties (4.0.0.rc1) lib/rails/application.rb:96:in `call'
  rack (1.5.5) lib/rack/lock.rb:17:in `call'
  rack (1.5.5) lib/rack/content_length.rb:14:in `call'
  rack (1.5.5) lib/rack/handler/webrick.rb:60:in `service'
  /Users/petershin/.rvm/rubies/ruby-2.2.1/lib/ruby/2.2.0/webrick/httpserver.rb:138:in `service'
  /Users/petershin/.rvm/rubies/ruby-2.2.1/lib/ruby/2.2.0/webrick/httpserver.rb:94:in `run'
  /Users/petershin/.rvm/rubies/ruby-2.2.1/lib/ruby/2.2.0/webrick/server.rb:294:in `block in start_thread'


  Rendered /Users/petershin/.rvm/gems/ruby-2.2.1/gems/actionpack-4.0.0.rc1/lib/action_dispatch/middleware/templates/rescues/_source.erb (0.7ms)
  Rendered /Users/petershin/.rvm/gems/ruby-2.2.1/gems/actionpack-4.0.0.rc1/lib/action_dispatch/middleware/templates/rescues/_trace.erb (1.7ms)
  Rendered /Users/petershin/.rvm/gems/ruby-2.2.1/gems/actionpack-4.0.0.rc1/lib/action_dispatch/middleware/templates/rescues/_request_and_response.erb (1.0ms)
  Rendered /Users/petershin/.rvm/gems/ruby-2.2.1/gems/actionpack-4.0.0.rc1/lib/action_dispatch/middleware/templates/rescues/diagnostics.erb within rescues/layout (48.8ms)


Started GET "/movies/1" for 127.0.0.1 at 2016-01-05 20:47:46 -0800
Processing by MoviesController#show as HTML
  Parameters: {"id"=>"1"}
Completed 500 Internal Server Error in 3ms

NameError (undefined local variable or method `load_movie' for #<MoviesController:0x007ff29d6f9798>):
  activesupport (4.0.0.rc1) lib/active_support/callbacks.rb:426:in `_run__2500430602246615840__process_action__callbacks'
  activesupport (4.0.0.rc1) lib/active_support/callbacks.rb:80:in `run_callbacks'
  actionpack (4.0.0.rc1) lib/abstract_controller/callbacks.rb:17:in `process_action'
  actionpack (4.0.0.rc1) lib/action_controller/metal/rescue.rb:29:in `process_action'
  actionpack (4.0.0.rc1) lib/action_controller/metal/instrumentation.rb:31:in `block in process_action'
  activesupport (4.0.0.rc1) lib/active_support/notifications.rb:159:in `block in instrument'
  activesupport (4.0.0.rc1) lib/active_support/notifications/instrumenter.rb:20:in `instrument'
  activesupport (4.0.0.rc1) lib/active_support/notifications.rb:159:in `instrument'
  actionpack (4.0.0.rc1) lib/action_controller/metal/instrumentation.rb:30:in `process_action'
  actionpack (4.0.0.rc1) lib/action_controller/metal/params_wrapper.rb:245:in `process_action'
  activerecord (4.0.0.rc1) lib/active_record/railties/controller_runtime.rb:18:in `process_action'
  actionpack (4.0.0.rc1) lib/abstract_controller/base.rb:136:in `process'
  actionpack (4.0.0.rc1) lib/abstract_controller/rendering.rb:44:in `process'
  actionpack (4.0.0.rc1) lib/action_controller/metal.rb:195:in `dispatch'
  actionpack (4.0.0.rc1) lib/action_controller/metal/rack_delegation.rb:13:in `dispatch'
  actionpack (4.0.0.rc1) lib/action_controller/metal.rb:231:in `block in action'
  actionpack (4.0.0.rc1) lib/action_dispatch/routing/route_set.rb:80:in `call'
  actionpack (4.0.0.rc1) lib/action_dispatch/routing/route_set.rb:80:in `dispatch'
  actionpack (4.0.0.rc1) lib/action_dispatch/routing/route_set.rb:48:in `call'
  actionpack (4.0.0.rc1) lib/action_dispatch/journey/router.rb:71:in `block in call'
  actionpack (4.0.0.rc1) lib/action_dispatch/journey/router.rb:59:in `each'
  actionpack (4.0.0.rc1) lib/action_dispatch/journey/router.rb:59:in `call'
  actionpack (4.0.0.rc1) lib/action_dispatch/routing/route_set.rb:654:in `call'
  rack (1.5.5) lib/rack/etag.rb:23:in `call'
  rack (1.5.5) lib/rack/conditionalget.rb:25:in `call'
  rack (1.5.5) lib/rack/head.rb:11:in `call'
  actionpack (4.0.0.rc1) lib/action_dispatch/middleware/params_parser.rb:27:in `call'
  actionpack (4.0.0.rc1) lib/action_dispatch/middleware/flash.rb:241:in `call'
  rack (1.5.5) lib/rack/session/abstract/id.rb:225:in `context'
  rack (1.5.5) lib/rack/session/abstract/id.rb:220:in `call'
  actionpack (4.0.0.rc1) lib/action_dispatch/middleware/cookies.rb:486:in `call'
  activerecord (4.0.0.rc1) lib/active_record/query_cache.rb:36:in `call'
  activerecord (4.0.0.rc1) lib/active_record/connection_adapters/abstract/connection_pool.rb:626:in `call'
  activerecord (4.0.0.rc1) lib/active_record/migration.rb:366:in `call'
  actionpack (4.0.0.rc1) lib/action_dispatch/middleware/callbacks.rb:29:in `block in call'
  activesupport (4.0.0.rc1) lib/active_support/callbacks.rb:392:in `_run__2194672671403680344__call__callbacks'
  activesupport (4.0.0.rc1) lib/active_support/callbacks.rb:80:in `run_callbacks'
  actionpack (4.0.0.rc1) lib/action_dispatch/middleware/callbacks.rb:27:in `call'
  actionpack (4.0.0.rc1) lib/action_dispatch/middleware/reloader.rb:64:in `call'
  actionpack (4.0.0.rc1) lib/action_dispatch/middleware/remote_ip.rb:76:in `call'
  actionpack (4.0.0.rc1) lib/action_dispatch/middleware/debug_exceptions.rb:17:in `call'
  actionpack (4.0.0.rc1) lib/action_dispatch/middleware/show_exceptions.rb:30:in `call'
  railties (4.0.0.rc1) lib/rails/rack/logger.rb:38:in `call_app'
  railties (4.0.0.rc1) lib/rails/rack/logger.rb:21:in `block in call'
  activesupport (4.0.0.rc1) lib/active_support/tagged_logging.rb:67:in `block in tagged'
  activesupport (4.0.0.rc1) lib/active_support/tagged_logging.rb:25:in `tagged'
  activesupport (4.0.0.rc1) lib/active_support/tagged_logging.rb:67:in `tagged'
  railties (4.0.0.rc1) lib/rails/rack/logger.rb:21:in `call'
  actionpack (4.0.0.rc1) lib/action_dispatch/middleware/request_id.rb:21:in `call'
  rack (1.5.5) lib/rack/methodoverride.rb:21:in `call'
  rack (1.5.5) lib/rack/runtime.rb:17:in `call'
  activesupport (4.0.0.rc1) lib/active_support/cache/strategy/local_cache.rb:83:in `call'
  rack (1.5.5) lib/rack/lock.rb:17:in `call'
  actionpack (4.0.0.rc1) lib/action_dispatch/middleware/static.rb:64:in `call'
  railties (4.0.0.rc1) lib/rails/engine.rb:511:in `call'
  railties (4.0.0.rc1) lib/rails/application.rb:96:in `call'
  rack (1.5.5) lib/rack/lock.rb:17:in `call'
  rack (1.5.5) lib/rack/content_length.rb:14:in `call'
  rack (1.5.5) lib/rack/handler/webrick.rb:60:in `service'
  /Users/petershin/.rvm/rubies/ruby-2.2.1/lib/ruby/2.2.0/webrick/httpserver.rb:138:in `service'
  /Users/petershin/.rvm/rubies/ruby-2.2.1/lib/ruby/2.2.0/webrick/httpserver.rb:94:in `run'
  /Users/petershin/.rvm/rubies/ruby-2.2.1/lib/ruby/2.2.0/webrick/server.rb:294:in `block in start_thread'


  Rendered /Users/petershin/.rvm/gems/ruby-2.2.1/gems/actionpack-4.0.0.rc1/lib/action_dispatch/middleware/templates/rescues/_source.erb (0.6ms)
  Rendered /Users/petershin/.rvm/gems/ruby-2.2.1/gems/actionpack-4.0.0.rc1/lib/action_dispatch/middleware/templates/rescues/_trace.erb (1.2ms)
  Rendered /Users/petershin/.rvm/gems/ruby-2.2.1/gems/actionpack-4.0.0.rc1/lib/action_dispatch/middleware/templates/rescues/_request_and_response.erb (1.0ms)
  Rendered /Users/petershin/.rvm/gems/ruby-2.2.1/gems/actionpack-4.0.0.rc1/lib/action_dispatch/middleware/templates/rescues/diagnostics.erb within rescues/layout (43.4ms)


Started GET "/movies/1" for 127.0.0.1 at 2016-01-05 20:54:17 -0800
Processing by MoviesController#show as HTML
  Parameters: {"id"=>"1"}
  [1m[35mMovie Load (0.2ms)[0m  SELECT "movies".* FROM "movies" WHERE "movies"."id" = ? LIMIT 1  [["id", "1"]]
  Rendered movies/show.html.erb within layouts/application (1.9ms)
Completed 500 Internal Server Error in 27ms

ActionView::Template::Error (undefined method `title' for nil:NilClass):
    1: <h1><%= @movie.title %></h1>
    2: <p><%= @movie.description %></p>
    3: 
    4: <%= link_to "Edit", edit_movie_path(@movie) %>
  app/views/movies/show.html.erb:1:in `_app_views_movies_show_html_erb__3293512205776223551_70339998178580'


  Rendered /Users/petershin/.rvm/gems/ruby-2.2.1/gems/actionpack-4.0.0.rc1/lib/action_dispatch/middleware/templates/rescues/_trace.erb (1.2ms)
  Rendered /Users/petershin/.rvm/gems/ruby-2.2.1/gems/actionpack-4.0.0.rc1/lib/action_dispatch/middleware/templates/rescues/_request_and_response.erb (1.5ms)
  Rendered /Users/petershin/.rvm/gems/ruby-2.2.1/gems/actionpack-4.0.0.rc1/lib/action_dispatch/middleware/templates/rescues/template_error.erb within rescues/layout (32.1ms)


Started GET "/movies/1" for 127.0.0.1 at 2016-01-05 20:54:20 -0800
Processing by MoviesController#show as HTML
  Parameters: {"id"=>"1"}
  [1m[36mMovie Load (0.1ms)[0m  [1mSELECT "movies".* FROM "movies" WHERE "movies"."id" = ? LIMIT 1[0m  [["id", "1"]]
  Rendered movies/show.html.erb within layouts/application (1.9ms)
Completed 500 Internal Server Error in 7ms

ActionView::Template::Error (undefined method `title' for nil:NilClass):
    1: <h1><%= @movie.title %></h1>
    2: <p><%= @movie.description %></p>
    3: 
    4: <%= link_to "Edit", edit_movie_path(@movie) %>
  app/views/movies/show.html.erb:1:in `_app_views_movies_show_html_erb__3293512205776223551_70340017718960'


  Rendered /Users/petershin/.rvm/gems/ruby-2.2.1/gems/actionpack-4.0.0.rc1/lib/action_dispatch/middleware/templates/rescues/_trace.erb (1.2ms)
  Rendered /Users/petershin/.rvm/gems/ruby-2.2.1/gems/actionpack-4.0.0.rc1/lib/action_dispatch/middleware/templates/rescues/_request_and_response.erb (0.8ms)
  Rendered /Users/petershin/.rvm/gems/ruby-2.2.1/gems/actionpack-4.0.0.rc1/lib/action_dispatch/middleware/templates/rescues/template_error.erb within rescues/layout (26.5ms)


Started GET "/movies/1" for 127.0.0.1 at 2016-01-05 20:54:20 -0800
Processing by MoviesController#show as HTML
  Parameters: {"id"=>"1"}
  [1m[35mMovie Load (0.1ms)[0m  SELECT "movies".* FROM "movies" WHERE "movies"."id" = ? LIMIT 1  [["id", "1"]]
  Rendered movies/show.html.erb within layouts/application (1.6ms)
Completed 500 Internal Server Error in 6ms

ActionView::Template::Error (undefined method `title' for nil:NilClass):
    1: <h1><%= @movie.title %></h1>
    2: <p><%= @movie.description %></p>
    3: 
    4: <%= link_to "Edit", edit_movie_path(@movie) %>
  app/views/movies/show.html.erb:1:in `_app_views_movies_show_html_erb__3293512205776223551_70339998178580'


  Rendered /Users/petershin/.rvm/gems/ruby-2.2.1/gems/actionpack-4.0.0.rc1/lib/action_dispatch/middleware/templates/rescues/_trace.erb (1.0ms)
  Rendered /Users/petershin/.rvm/gems/ruby-2.2.1/gems/actionpack-4.0.0.rc1/lib/action_dispatch/middleware/templates/rescues/_request_and_response.erb (0.9ms)
  Rendered /Users/petershin/.rvm/gems/ruby-2.2.1/gems/actionpack-4.0.0.rc1/lib/action_dispatch/middleware/templates/rescues/template_error.erb within rescues/layout (26.2ms)


Started GET "/movies/1" for 127.0.0.1 at 2016-01-05 20:54:37 -0800
Processing by MoviesController#show as HTML
  Parameters: {"id"=>"1"}
  [1m[36mMovie Load (0.1ms)[0m  [1mSELECT "movies".* FROM "movies" WHERE "movies"."id" = ? LIMIT 1[0m  [["id", "1"]]
  Rendered movies/show.html.erb within layouts/application (0.4ms)
Completed 200 OK in 22ms (Views: 5.1ms | ActiveRecord: 1.0ms)


Started GET "/assets/movies.css?body=1" for 127.0.0.1 at 2016-01-05 20:54:37 -0800


Started GET "/assets/jquery.js?body=1" for 127.0.0.1 at 2016-01-05 20:54:37 -0800


Started GET "/assets/turbolinks.js?body=1" for 127.0.0.1 at 2016-01-05 20:54:37 -0800


Started GET "/assets/application.css?body=1" for 127.0.0.1 at 2016-01-05 20:54:37 -0800


Started GET "/assets/movies.js?body=1" for 127.0.0.1 at 2016-01-05 20:54:37 -0800


Started GET "/assets/application.js?body=1" for 127.0.0.1 at 2016-01-05 20:54:38 -0800


Started GET "/assets/jquery_ujs.js?body=1" for 127.0.0.1 at 2016-01-05 20:54:38 -0800


Started GET "/movies/1" for 127.0.0.1 at 2016-01-05 20:54:41 -0800
Processing by MoviesController#show as HTML
  Parameters: {"id"=>"1"}
  [1m[35mMovie Load (0.1ms)[0m  SELECT "movies".* FROM "movies" WHERE "movies"."id" = ? LIMIT 1  [["id", "1"]]
  Rendered movies/show.html.erb within layouts/application (0.8ms)
Completed 200 OK in 11ms (Views: 9.7ms | ActiveRecord: 0.1ms)


Started GET "/" for 127.0.0.1 at 2016-01-05 21:01:25 -0800
Processing by MoviesController#index as HTML
  [1m[36mMovie Load (0.2ms)[0m  [1mSELECT "movies".* FROM "movies"[0m
  Rendered movies/_list.html.erb (16.1ms)
  Rendered movies/index.html.erb within layouts/application (18.2ms)
Completed 200 OK in 27ms (Views: 23.7ms | ActiveRecord: 0.4ms)


Started GET "/assets/movies.css?body=1" for 127.0.0.1 at 2016-01-05 21:01:25 -0800


Started GET "/assets/turbolinks.js?body=1" for 127.0.0.1 at 2016-01-05 21:01:25 -0800


Started GET "/assets/application.css?body=1" for 127.0.0.1 at 2016-01-05 21:01:25 -0800


Started GET "/assets/jquery_ujs.js?body=1" for 127.0.0.1 at 2016-01-05 21:01:25 -0800


Started GET "/assets/jquery.js?body=1" for 127.0.0.1 at 2016-01-05 21:01:25 -0800


Started GET "/assets/movies.js?body=1" for 127.0.0.1 at 2016-01-05 21:01:25 -0800


Started GET "/assets/application.js?body=1" for 127.0.0.1 at 2016-01-05 21:01:25 -0800


Started GET "/movies" for 127.0.0.1 at 2016-01-05 21:01:33 -0800
Processing by MoviesController#index as HTML
  [1m[35mMovie Load (0.2ms)[0m  SELECT "movies".* FROM "movies"
  Rendered movies/_list.html.erb (6.4ms)
  Rendered movies/index.html.erb within layouts/application (7.8ms)
Completed 200 OK in 15ms (Views: 14.0ms | ActiveRecord: 0.2ms)


Started GET "/assets/application.css?body=1" for 127.0.0.1 at 2016-01-05 21:01:33 -0800


Started GET "/assets/movies.css?body=1" for 127.0.0.1 at 2016-01-05 21:01:33 -0800


Started GET "/assets/jquery_ujs.js?body=1" for 127.0.0.1 at 2016-01-05 21:01:33 -0800


Started GET "/assets/movies.js?body=1" for 127.0.0.1 at 2016-01-05 21:01:33 -0800


Started GET "/assets/turbolinks.js?body=1" for 127.0.0.1 at 2016-01-05 21:01:33 -0800


Started GET "/assets/application.js?body=1" for 127.0.0.1 at 2016-01-05 21:01:33 -0800


Started GET "/assets/jquery.js?body=1" for 127.0.0.1 at 2016-01-05 21:01:33 -0800


Started GET "/movies/new" for 127.0.0.1 at 2016-01-05 21:01:36 -0800
Processing by MoviesController#new as HTML
  Rendered movies/new.html.erb within layouts/application (2.6ms)
Completed 500 Internal Server Error in 8ms

ActionView::Template::Error (First argument in form cannot contain nil or be empty):
    1: <h1>Add a new movie</h1>
    2: 
    3: <%= form_for @shirt do |f| %>
    4: 
    5:       <%= f.label :name %>
    6:       <%= f.text_field :name %>
  app/views/movies/new.html.erb:3:in `_app_views_movies_new_html_erb__2441189888307106350_70339997195340'


  Rendered /Users/petershin/.rvm/gems/ruby-2.2.1/gems/actionpack-4.0.0.rc1/lib/action_dispatch/middleware/templates/rescues/_trace.erb (1.3ms)
  Rendered /Users/petershin/.rvm/gems/ruby-2.2.1/gems/actionpack-4.0.0.rc1/lib/action_dispatch/middleware/templates/rescues/_request_and_response.erb (1.1ms)
  Rendered /Users/petershin/.rvm/gems/ruby-2.2.1/gems/actionpack-4.0.0.rc1/lib/action_dispatch/middleware/templates/rescues/template_error.erb within rescues/layout (27.9ms)


Started GET "/movies" for 127.0.0.1 at 2016-01-05 21:01:59 -0800
Processing by MoviesController#index as HTML
  [1m[36mMovie Load (0.3ms)[0m  [1mSELECT "movies".* FROM "movies"[0m
  Rendered movies/_list.html.erb (17.1ms)
  Rendered movies/index.html.erb within layouts/application (18.8ms)
Completed 200 OK in 29ms (Views: 25.0ms | ActiveRecord: 0.6ms)


Started GET "/assets/application.css?body=1" for 127.0.0.1 at 2016-01-05 21:01:59 -0800


Started GET "/assets/movies.js?body=1" for 127.0.0.1 at 2016-01-05 21:01:59 -0800


Started GET "/assets/movies.css?body=1" for 127.0.0.1 at 2016-01-05 21:01:59 -0800


Started GET "/assets/jquery_ujs.js?body=1" for 127.0.0.1 at 2016-01-05 21:01:59 -0800


Started GET "/assets/turbolinks.js?body=1" for 127.0.0.1 at 2016-01-05 21:01:59 -0800


Started GET "/assets/jquery.js?body=1" for 127.0.0.1 at 2016-01-05 21:01:59 -0800


Started GET "/assets/application.js?body=1" for 127.0.0.1 at 2016-01-05 21:01:59 -0800


Started GET "/movies/new" for 127.0.0.1 at 2016-01-05 21:02:01 -0800
Processing by MoviesController#new as HTML
  Rendered movies/new.html.erb within layouts/application (1.2ms)
Completed 500 Internal Server Error in 5ms

ActionView::Template::Error (First argument in form cannot contain nil or be empty):
    1: <h1>Add a new movie</h1>
    2: 
    3: <%= form_for @shirt do |f| %>
    4: 
    5:       <%= f.label :name %>
    6:       <%= f.text_field :name %>
  app/views/movies/new.html.erb:3:in `_app_views_movies_new_html_erb__2441189888307106350_70339997195340'


  Rendered /Users/petershin/.rvm/gems/ruby-2.2.1/gems/actionpack-4.0.0.rc1/lib/action_dispatch/middleware/templates/rescues/_trace.erb (1.4ms)
  Rendered /Users/petershin/.rvm/gems/ruby-2.2.1/gems/actionpack-4.0.0.rc1/lib/action_dispatch/middleware/templates/rescues/_request_and_response.erb (1.3ms)
  Rendered /Users/petershin/.rvm/gems/ruby-2.2.1/gems/actionpack-4.0.0.rc1/lib/action_dispatch/middleware/templates/rescues/template_error.erb within rescues/layout (31.8ms)


Started GET "/movies/new" for 127.0.0.1 at 2016-01-05 21:03:22 -0800
Processing by MoviesController#new as HTML
  Rendered movies/new.html.erb within layouts/application (2.3ms)
Completed 500 Internal Server Error in 8ms

ActionView::Template::Error (First argument in form cannot contain nil or be empty):
    1: <h1>Add a new movie</h1>
    2: 
    3: <%= form_for @shirt do |f| %>
    4: 
    5:       <%= f.label :name %>
    6:       <%= f.text_field :name %>
  app/views/movies/new.html.erb:3:in `_app_views_movies_new_html_erb__2441189888307106350_70339997195340'


  Rendered /Users/petershin/.rvm/gems/ruby-2.2.1/gems/actionpack-4.0.0.rc1/lib/action_dispatch/middleware/templates/rescues/_trace.erb (1.2ms)
  Rendered /Users/petershin/.rvm/gems/ruby-2.2.1/gems/actionpack-4.0.0.rc1/lib/action_dispatch/middleware/templates/rescues/_request_and_response.erb (0.9ms)
  Rendered /Users/petershin/.rvm/gems/ruby-2.2.1/gems/actionpack-4.0.0.rc1/lib/action_dispatch/middleware/templates/rescues/template_error.erb within rescues/layout (28.7ms)


Started GET "/" for 127.0.0.1 at 2016-01-05 21:03:25 -0800
Processing by MoviesController#index as HTML
  [1m[35mMovie Load (0.8ms)[0m  SELECT "movies".* FROM "movies"
  Rendered movies/_list.html.erb (8.6ms)
  Rendered movies/index.html.erb within layouts/application (10.9ms)
Completed 200 OK in 18ms (Views: 16.8ms | ActiveRecord: 0.8ms)


Started GET "/assets/movies.css?body=1" for 127.0.0.1 at 2016-01-05 21:03:25 -0800


Started GET "/assets/jquery.js?body=1" for 127.0.0.1 at 2016-01-05 21:03:25 -0800


Started GET "/assets/turbolinks.js?body=1" for 127.0.0.1 at 2016-01-05 21:03:25 -0800


Started GET "/assets/jquery_ujs.js?body=1" for 127.0.0.1 at 2016-01-05 21:03:25 -0800


Started GET "/assets/application.css?body=1" for 127.0.0.1 at 2016-01-05 21:03:25 -0800


Started GET "/assets/movies.js?body=1" for 127.0.0.1 at 2016-01-05 21:03:25 -0800


Started GET "/assets/application.js?body=1" for 127.0.0.1 at 2016-01-05 21:03:25 -0800


Started GET "/movies/new" for 127.0.0.1 at 2016-01-05 21:03:27 -0800
Processing by MoviesController#new as HTML
  Rendered movies/new.html.erb within layouts/application (2.4ms)
Completed 500 Internal Server Error in 7ms

ActionView::Template::Error (First argument in form cannot contain nil or be empty):
    1: <h1>Add a new movie</h1>
    2: 
    3: <%= form_for @shirt do |f| %>
    4: 
    5:       <%= f.label :name %>
    6:       <%= f.text_field :name %>
  app/views/movies/new.html.erb:3:in `_app_views_movies_new_html_erb__2441189888307106350_70339999175340'


  Rendered /Users/petershin/.rvm/gems/ruby-2.2.1/gems/actionpack-4.0.0.rc1/lib/action_dispatch/middleware/templates/rescues/_trace.erb (1.4ms)
  Rendered /Users/petershin/.rvm/gems/ruby-2.2.1/gems/actionpack-4.0.0.rc1/lib/action_dispatch/middleware/templates/rescues/_request_and_response.erb (1.0ms)
  Rendered /Users/petershin/.rvm/gems/ruby-2.2.1/gems/actionpack-4.0.0.rc1/lib/action_dispatch/middleware/templates/rescues/template_error.erb within rescues/layout (31.3ms)


Started GET "/movies/new" for 127.0.0.1 at 2016-01-05 21:03:27 -0800
Processing by MoviesController#new as HTML
  Rendered movies/new.html.erb within layouts/application (1.1ms)
Completed 500 Internal Server Error in 5ms

ActionView::Template::Error (First argument in form cannot contain nil or be empty):
    1: <h1>Add a new movie</h1>
    2: 
    3: <%= form_for @shirt do |f| %>
    4: 
    5:       <%= f.label :name %>
    6:       <%= f.text_field :name %>
  app/views/movies/new.html.erb:3:in `_app_views_movies_new_html_erb__2441189888307106350_70339997195340'


  Rendered /Users/petershin/.rvm/gems/ruby-2.2.1/gems/actionpack-4.0.0.rc1/lib/action_dispatch/middleware/templates/rescues/_trace.erb (1.1ms)
  Rendered /Users/petershin/.rvm/gems/ruby-2.2.1/gems/actionpack-4.0.0.rc1/lib/action_dispatch/middleware/templates/rescues/_request_and_response.erb (0.9ms)
  Rendered /Users/petershin/.rvm/gems/ruby-2.2.1/gems/actionpack-4.0.0.rc1/lib/action_dispatch/middleware/templates/rescues/template_error.erb within rescues/layout (26.9ms)


Started GET "/movies/new" for 127.0.0.1 at 2016-01-05 21:03:31 -0800
Processing by MoviesController#new as HTML
  Rendered movies/new.html.erb within layouts/application (1.5ms)
Completed 500 Internal Server Error in 8ms

ActionView::Template::Error (First argument in form cannot contain nil or be empty):
    1: <h1>Add a new movie</h1>
    2: 
    3: <%= form_for @shirt do |f| %>
    4: 
    5:       <%= f.label :name %>
    6:       <%= f.text_field :name %>
  app/views/movies/new.html.erb:3:in `_app_views_movies_new_html_erb__2441189888307106350_70339999175340'


  Rendered /Users/petershin/.rvm/gems/ruby-2.2.1/gems/actionpack-4.0.0.rc1/lib/action_dispatch/middleware/templates/rescues/_trace.erb (1.2ms)
  Rendered /Users/petershin/.rvm/gems/ruby-2.2.1/gems/actionpack-4.0.0.rc1/lib/action_dispatch/middleware/templates/rescues/_request_and_response.erb (1.4ms)
  Rendered /Users/petershin/.rvm/gems/ruby-2.2.1/gems/actionpack-4.0.0.rc1/lib/action_dispatch/middleware/templates/rescues/template_error.erb within rescues/layout (28.9ms)


Started GET "/movies/new" for 127.0.0.1 at 2016-01-05 21:03:31 -0800
Processing by MoviesController#new as HTML
  Rendered movies/new.html.erb within layouts/application (1.1ms)
Completed 500 Internal Server Error in 5ms

ActionView::Template::Error (First argument in form cannot contain nil or be empty):
    1: <h1>Add a new movie</h1>
    2: 
    3: <%= form_for @shirt do |f| %>
    4: 
    5:       <%= f.label :name %>
    6:       <%= f.text_field :name %>
  app/views/movies/new.html.erb:3:in `_app_views_movies_new_html_erb__2441189888307106350_70339997195340'


  Rendered /Users/petershin/.rvm/gems/ruby-2.2.1/gems/actionpack-4.0.0.rc1/lib/action_dispatch/middleware/templates/rescues/_trace.erb (1.2ms)
  Rendered /Users/petershin/.rvm/gems/ruby-2.2.1/gems/actionpack-4.0.0.rc1/lib/action_dispatch/middleware/templates/rescues/_request_and_response.erb (0.9ms)
  Rendered /Users/petershin/.rvm/gems/ruby-2.2.1/gems/actionpack-4.0.0.rc1/lib/action_dispatch/middleware/templates/rescues/template_error.erb within rescues/layout (29.6ms)


Started GET "/movies/new" for 127.0.0.1 at 2016-01-05 21:05:23 -0800
Processing by MoviesController#new as HTML
  Rendered movies/new.html.erb within layouts/application (1.8ms)
Completed 500 Internal Server Error in 6ms

ActionView::Template::Error (First argument in form cannot contain nil or be empty):
    1: <h1>Add a new movie</h1>
    2: 
    3: <%= form_for @shirt do |f| %>
    4: 
    5:       <%= f.label :name %>
    6:       <%= f.text_field :name %>
  app/views/movies/new.html.erb:3:in `_app_views_movies_new_html_erb__2441189888307106350_70339999175340'


  Rendered /Users/petershin/.rvm/gems/ruby-2.2.1/gems/actionpack-4.0.0.rc1/lib/action_dispatch/middleware/templates/rescues/_trace.erb (1.0ms)
  Rendered /Users/petershin/.rvm/gems/ruby-2.2.1/gems/actionpack-4.0.0.rc1/lib/action_dispatch/middleware/templates/rescues/_request_and_response.erb (0.8ms)
  Rendered /Users/petershin/.rvm/gems/ruby-2.2.1/gems/actionpack-4.0.0.rc1/lib/action_dispatch/middleware/templates/rescues/template_error.erb within rescues/layout (25.5ms)


Started GET "/movies/new" for 127.0.0.1 at 2016-01-05 21:05:23 -0800
Processing by MoviesController#new as HTML
  Rendered movies/new.html.erb within layouts/application (1.1ms)
Completed 500 Internal Server Error in 5ms

ActionView::Template::Error (First argument in form cannot contain nil or be empty):
    1: <h1>Add a new movie</h1>
    2: 
    3: <%= form_for @shirt do |f| %>
    4: 
    5:       <%= f.label :name %>
    6:       <%= f.text_field :name %>
  app/views/movies/new.html.erb:3:in `_app_views_movies_new_html_erb__2441189888307106350_70339997195340'


  Rendered /Users/petershin/.rvm/gems/ruby-2.2.1/gems/actionpack-4.0.0.rc1/lib/action_dispatch/middleware/templates/rescues/_trace.erb (1.1ms)
  Rendered /Users/petershin/.rvm/gems/ruby-2.2.1/gems/actionpack-4.0.0.rc1/lib/action_dispatch/middleware/templates/rescues/_request_and_response.erb (0.8ms)
  Rendered /Users/petershin/.rvm/gems/ruby-2.2.1/gems/actionpack-4.0.0.rc1/lib/action_dispatch/middleware/templates/rescues/template_error.erb within rescues/layout (26.0ms)


Started GET "/movies/new" for 127.0.0.1 at 2016-01-05 21:07:55 -0800
Processing by MoviesController#new as HTML
  Rendered movies/new.html.erb within layouts/application (32.0ms)
Completed 200 OK in 43ms (Views: 38.8ms | ActiveRecord: 0.3ms)


Started GET "/assets/movies.css?body=1" for 127.0.0.1 at 2016-01-05 21:07:55 -0800


Started GET "/assets/jquery.js?body=1" for 127.0.0.1 at 2016-01-05 21:07:55 -0800


Started GET "/assets/jquery_ujs.js?body=1" for 127.0.0.1 at 2016-01-05 21:07:55 -0800


Started GET "/assets/application.css?body=1" for 127.0.0.1 at 2016-01-05 21:07:55 -0800


Started GET "/assets/turbolinks.js?body=1" for 127.0.0.1 at 2016-01-05 21:07:55 -0800


Started GET "/assets/movies.js?body=1" for 127.0.0.1 at 2016-01-05 21:07:55 -0800


Started GET "/assets/application.js?body=1" for 127.0.0.1 at 2016-01-05 21:07:55 -0800


Started GET "/movies/new" for 127.0.0.1 at 2016-01-05 21:07:59 -0800
Processing by MoviesController#new as HTML
  Rendered movies/new.html.erb within layouts/application (2.7ms)
Completed 200 OK in 9ms (Views: 8.0ms | ActiveRecord: 0.0ms)


Started GET "/movies/new" for 127.0.0.1 at 2016-01-05 21:08:29 -0800
Processing by MoviesController#new as HTML
  Rendered movies/new.html.erb within layouts/application (3.5ms)
Completed 200 OK in 11ms (Views: 9.6ms | ActiveRecord: 0.0ms)


Started GET "/assets/movies.css?body=1" for 127.0.0.1 at 2016-01-05 21:08:29 -0800


Started GET "/assets/jquery_ujs.js?body=1" for 127.0.0.1 at 2016-01-05 21:08:29 -0800


Started GET "/assets/turbolinks.js?body=1" for 127.0.0.1 at 2016-01-05 21:08:29 -0800


Started GET "/assets/application.js?body=1" for 127.0.0.1 at 2016-01-05 21:08:29 -0800


Started GET "/assets/application.css?body=1" for 127.0.0.1 at 2016-01-05 21:08:29 -0800


Started GET "/assets/movies.js?body=1" for 127.0.0.1 at 2016-01-05 21:08:29 -0800


Started GET "/assets/jquery.js?body=1" for 127.0.0.1 at 2016-01-05 21:08:29 -0800


Started POST "/movies" for 127.0.0.1 at 2016-01-05 21:11:30 -0800
Processing by MoviesController#create as HTML
  Parameters: {"utf8"=>"✓", "authenticity_token"=>"w0iZZNTWRrIW6ZFYE7FWtT2+xEjyFo55XD6ZeOzPF6o=", "movie"=>{"title"=>"hateful eight", "description"=>"asdkf", "year_released"=>""}, "commit"=>"Create Movie"}
  [1m[36m (0.1ms)[0m  [1mbegin transaction[0m
  [1m[35m (0.1ms)[0m  rollback transaction
  Rendered movies/new.html.erb within layouts/application (3.2ms)
Completed 200 OK in 14ms (Views: 9.4ms | ActiveRecord: 0.2ms)


Started GET "/assets/application.css?body=1" for 127.0.0.1 at 2016-01-05 21:11:30 -0800


Started GET "/assets/jquery.js?body=1" for 127.0.0.1 at 2016-01-05 21:11:30 -0800


Started GET "/assets/movies.js?body=1" for 127.0.0.1 at 2016-01-05 21:11:30 -0800


Started GET "/assets/movies.css?body=1" for 127.0.0.1 at 2016-01-05 21:11:30 -0800


Started GET "/assets/jquery_ujs.js?body=1" for 127.0.0.1 at 2016-01-05 21:11:30 -0800


Started GET "/assets/turbolinks.js?body=1" for 127.0.0.1 at 2016-01-05 21:11:30 -0800


Started GET "/assets/application.js?body=1" for 127.0.0.1 at 2016-01-05 21:11:30 -0800


Started POST "/movies" for 127.0.0.1 at 2016-01-05 21:12:12 -0800
Processing by MoviesController#create as HTML
  Parameters: {"utf8"=>"✓", "authenticity_token"=>"w0iZZNTWRrIW6ZFYE7FWtT2+xEjyFo55XD6ZeOzPF6o=", "movie"=>{"title"=>"hateful eight", "description"=>"asdkf", "year_released"=>""}, "commit"=>"Create Movie"}
  [1m[36m (0.1ms)[0m  [1mbegin transaction[0m
  [1m[35m (0.0ms)[0m  rollback transaction
  Rendered movies/new.html.erb within layouts/application (2.3ms)
Completed 200 OK in 13ms (Views: 8.7ms | ActiveRecord: 0.2ms)


Started GET "/assets/application.css?body=1" for 127.0.0.1 at 2016-01-05 21:12:12 -0800


Started GET "/assets/jquery.js?body=1" for 127.0.0.1 at 2016-01-05 21:12:12 -0800


Started GET "/assets/jquery_ujs.js?body=1" for 127.0.0.1 at 2016-01-05 21:12:12 -0800


Started GET "/assets/movies.css?body=1" for 127.0.0.1 at 2016-01-05 21:12:12 -0800


Started GET "/assets/movies.js?body=1" for 127.0.0.1 at 2016-01-05 21:12:12 -0800


Started GET "/assets/turbolinks.js?body=1" for 127.0.0.1 at 2016-01-05 21:12:12 -0800


Started GET "/assets/application.js?body=1" for 127.0.0.1 at 2016-01-05 21:12:12 -0800


Started POST "/movies" for 127.0.0.1 at 2016-01-05 21:12:13 -0800
Processing by MoviesController#create as HTML
  Parameters: {"utf8"=>"✓", "authenticity_token"=>"w0iZZNTWRrIW6ZFYE7FWtT2+xEjyFo55XD6ZeOzPF6o=", "movie"=>{"title"=>"hateful eight", "description"=>"asdkf", "year_released"=>""}, "commit"=>"Create Movie"}
  [1m[36m (0.1ms)[0m  [1mbegin transaction[0m
  [1m[35m (0.1ms)[0m  rollback transaction
  Rendered movies/new.html.erb within layouts/application (2.5ms)
Completed 200 OK in 12ms (Views: 7.4ms | ActiveRecord: 0.1ms)


Started GET "/assets/movies.css?body=1" for 127.0.0.1 at 2016-01-05 21:12:14 -0800


Started GET "/assets/application.css?body=1" for 127.0.0.1 at 2016-01-05 21:12:14 -0800


Started GET "/assets/jquery.js?body=1" for 127.0.0.1 at 2016-01-05 21:12:14 -0800


Started GET "/assets/movies.js?body=1" for 127.0.0.1 at 2016-01-05 21:12:14 -0800


Started GET "/assets/jquery_ujs.js?body=1" for 127.0.0.1 at 2016-01-05 21:12:14 -0800


Started GET "/assets/turbolinks.js?body=1" for 127.0.0.1 at 2016-01-05 21:12:14 -0800


Started GET "/assets/application.js?body=1" for 127.0.0.1 at 2016-01-05 21:12:14 -0800


Started POST "/movies" for 127.0.0.1 at 2016-01-05 21:12:14 -0800
Processing by MoviesController#create as HTML
  Parameters: {"utf8"=>"✓", "authenticity_token"=>"w0iZZNTWRrIW6ZFYE7FWtT2+xEjyFo55XD6ZeOzPF6o=", "movie"=>{"title"=>"hateful eight", "description"=>"asdkf", "year_released"=>""}, "commit"=>"Create Movie"}
  [1m[36m (0.1ms)[0m  [1mbegin transaction[0m
  [1m[35m (0.1ms)[0m  rollback transaction
  Rendered movies/new.html.erb within layouts/application (2.2ms)
Completed 200 OK in 11ms (Views: 6.8ms | ActiveRecord: 0.1ms)


Started GET "/assets/movies.css?body=1" for 127.0.0.1 at 2016-01-05 21:12:14 -0800


Started GET "/assets/application.css?body=1" for 127.0.0.1 at 2016-01-05 21:12:14 -0800


Started GET "/assets/turbolinks.js?body=1" for 127.0.0.1 at 2016-01-05 21:12:14 -0800


Started GET "/assets/movies.js?body=1" for 127.0.0.1 at 2016-01-05 21:12:14 -0800


Started GET "/assets/jquery_ujs.js?body=1" for 127.0.0.1 at 2016-01-05 21:12:14 -0800


Started GET "/assets/jquery.js?body=1" for 127.0.0.1 at 2016-01-05 21:12:14 -0800


Started GET "/assets/application.js?body=1" for 127.0.0.1 at 2016-01-05 21:12:14 -0800


Started POST "/movies" for 127.0.0.1 at 2016-01-05 21:14:25 -0800
Processing by MoviesController#create as HTML
  Parameters: {"utf8"=>"✓", "authenticity_token"=>"w0iZZNTWRrIW6ZFYE7FWtT2+xEjyFo55XD6ZeOzPF6o=", "movie"=>{"title"=>"hateful eight", "description"=>"asdkf", "year_released"=>""}, "commit"=>"Create Movie"}
  [1m[36m (0.1ms)[0m  [1mbegin transaction[0m
  [1m[35m (0.0ms)[0m  rollback transaction
  Rendered movies/_form.html.erb (3.5ms)
  Rendered movies/new.html.erb within layouts/application (5.2ms)
Completed 200 OK in 14ms (Views: 10.4ms | ActiveRecord: 0.1ms)


Started GET "/assets/application.css?body=1" for 127.0.0.1 at 2016-01-05 21:14:25 -0800


Started GET "/assets/movies.css?body=1" for 127.0.0.1 at 2016-01-05 21:14:25 -0800


Started GET "/assets/jquery_ujs.js?body=1" for 127.0.0.1 at 2016-01-05 21:14:25 -0800


Started GET "/assets/jquery.js?body=1" for 127.0.0.1 at 2016-01-05 21:14:25 -0800


Started GET "/assets/turbolinks.js?body=1" for 127.0.0.1 at 2016-01-05 21:14:25 -0800


Started GET "/assets/application.js?body=1" for 127.0.0.1 at 2016-01-05 21:14:25 -0800


Started GET "/assets/movies.js?body=1" for 127.0.0.1 at 2016-01-05 21:14:25 -0800


Started POST "/movies" for 127.0.0.1 at 2016-01-05 21:14:52 -0800
Processing by MoviesController#create as HTML
  Parameters: {"utf8"=>"✓", "authenticity_token"=>"w0iZZNTWRrIW6ZFYE7FWtT2+xEjyFo55XD6ZeOzPF6o=", "movie"=>{"title"=>"hateful eight", "description"=>"asdkf", "year_released"=>"1990"}, "commit"=>"Create Movie"}
  [1m[36m (0.2ms)[0m  [1mbegin transaction[0m
  [1m[35m (0.1ms)[0m  rollback transaction
  Rendered movies/_form.html.erb (2.6ms)
  Rendered movies/new.html.erb within layouts/application (3.8ms)
Completed 200 OK in 12ms (Views: 8.2ms | ActiveRecord: 0.2ms)


Started GET "/assets/application.css?body=1" for 127.0.0.1 at 2016-01-05 21:14:52 -0800


Started GET "/assets/movies.css?body=1" for 127.0.0.1 at 2016-01-05 21:14:52 -0800


Started GET "/assets/turbolinks.js?body=1" for 127.0.0.1 at 2016-01-05 21:14:52 -0800


Started GET "/assets/jquery_ujs.js?body=1" for 127.0.0.1 at 2016-01-05 21:14:52 -0800


Started GET "/assets/jquery.js?body=1" for 127.0.0.1 at 2016-01-05 21:14:52 -0800


Started GET "/assets/movies.js?body=1" for 127.0.0.1 at 2016-01-05 21:14:52 -0800


Started GET "/assets/application.js?body=1" for 127.0.0.1 at 2016-01-05 21:14:52 -0800


Started POST "/movies" for 127.0.0.1 at 2016-01-05 21:15:27 -0800
Processing by MoviesController#create as HTML
  Parameters: {"utf8"=>"✓", "authenticity_token"=>"w0iZZNTWRrIW6ZFYE7FWtT2+xEjyFo55XD6ZeOzPF6o=", "movie"=>{"title"=>"hateful eight", "description"=>"asdkf", "year_released"=>"1990"}, "commit"=>"Create Movie"}
  [1m[36m (0.1ms)[0m  [1mbegin transaction[0m
  [1m[35m (0.3ms)[0m  rollback transaction
  Rendered movies/_form.html.erb (2.9ms)
  Rendered movies/new.html.erb within layouts/application (4.6ms)
Completed 200 OK in 21ms (Views: 13.4ms | ActiveRecord: 0.4ms)


Started GET "/assets/movies.css?body=1" for 127.0.0.1 at 2016-01-05 21:15:27 -0800


Started GET "/assets/application.css?body=1" for 127.0.0.1 at 2016-01-05 21:15:27 -0800


Started GET "/assets/application.js?body=1" for 127.0.0.1 at 2016-01-05 21:15:27 -0800


Started GET "/assets/jquery_ujs.js?body=1" for 127.0.0.1 at 2016-01-05 21:15:27 -0800


Started GET "/assets/jquery.js?body=1" for 127.0.0.1 at 2016-01-05 21:15:27 -0800


Started GET "/assets/movies.js?body=1" for 127.0.0.1 at 2016-01-05 21:15:27 -0800


Started GET "/assets/turbolinks.js?body=1" for 127.0.0.1 at 2016-01-05 21:15:27 -0800


Started GET "/" for 127.0.0.1 at 2016-01-05 21:15:29 -0800
Processing by MoviesController#index as HTML
  [1m[36mMovie Load (0.5ms)[0m  [1mSELECT "movies".* FROM "movies"[0m
  Rendered movies/_list.html.erb (6.5ms)
  Rendered movies/index.html.erb within layouts/application (9.2ms)
Completed 200 OK in 17ms (Views: 16.4ms | ActiveRecord: 0.5ms)


Started GET "/assets/application.css?body=1" for 127.0.0.1 at 2016-01-05 21:15:29 -0800


Started GET "/assets/movies.css?body=1" for 127.0.0.1 at 2016-01-05 21:15:29 -0800


Started GET "/assets/jquery.js?body=1" for 127.0.0.1 at 2016-01-05 21:15:29 -0800


Started GET "/assets/turbolinks.js?body=1" for 127.0.0.1 at 2016-01-05 21:15:29 -0800


Started GET "/assets/jquery_ujs.js?body=1" for 127.0.0.1 at 2016-01-05 21:15:29 -0800


Started GET "/assets/movies.js?body=1" for 127.0.0.1 at 2016-01-05 21:15:29 -0800


Started GET "/assets/application.js?body=1" for 127.0.0.1 at 2016-01-05 21:15:29 -0800


Started GET "/movies/new" for 127.0.0.1 at 2016-01-05 21:15:30 -0800
Processing by MoviesController#new as HTML
  Rendered movies/_form.html.erb (8.6ms)
  Rendered movies/new.html.erb within layouts/application (12.1ms)
Completed 200 OK in 19ms (Views: 18.0ms | ActiveRecord: 0.0ms)


Started GET "/movies/new" for 127.0.0.1 at 2016-01-05 21:18:54 -0800
Processing by MoviesController#new as HTML
  Rendered movies/_form.html.erb (23.7ms)
  Rendered movies/new.html.erb within layouts/application (25.4ms)
Completed 200 OK in 32ms (Views: 31.3ms | ActiveRecord: 0.0ms)


Started GET "/assets/application.css?body=1" for 127.0.0.1 at 2016-01-05 21:18:54 -0800


Started GET "/assets/turbolinks.js?body=1" for 127.0.0.1 at 2016-01-05 21:18:54 -0800


Started GET "/assets/jquery_ujs.js?body=1" for 127.0.0.1 at 2016-01-05 21:18:54 -0800


Started GET "/assets/movies.css?body=1" for 127.0.0.1 at 2016-01-05 21:18:54 -0800


Started GET "/assets/jquery.js?body=1" for 127.0.0.1 at 2016-01-05 21:18:54 -0800


Started GET "/assets/movies.js?body=1" for 127.0.0.1 at 2016-01-05 21:18:54 -0800


Started GET "/assets/application.js?body=1" for 127.0.0.1 at 2016-01-05 21:18:54 -0800


Started GET "/" for 127.0.0.1 at 2016-01-05 21:20:14 -0800
Processing by MoviesController#index as HTML
  [1m[35mMovie Load (0.4ms)[0m  SELECT "movies".* FROM "movies"
  Rendered movies/_list.html.erb (8.4ms)
  Rendered movies/index.html.erb within layouts/application (11.7ms)
Completed 200 OK in 20ms (Views: 18.6ms | ActiveRecord: 0.4ms)


Started GET "/assets/application.css?body=1" for 127.0.0.1 at 2016-01-05 21:20:14 -0800


Started GET "/assets/jquery_ujs.js?body=1" for 127.0.0.1 at 2016-01-05 21:20:14 -0800


Started GET "/assets/movies.css?body=1" for 127.0.0.1 at 2016-01-05 21:20:14 -0800


Started GET "/assets/turbolinks.js?body=1" for 127.0.0.1 at 2016-01-05 21:20:14 -0800


Started GET "/assets/jquery.js?body=1" for 127.0.0.1 at 2016-01-05 21:20:14 -0800


Started GET "/assets/movies.js?body=1" for 127.0.0.1 at 2016-01-05 21:20:14 -0800


Started GET "/assets/application.js?body=1" for 127.0.0.1 at 2016-01-05 21:20:14 -0800


Started GET "/movies/new" for 127.0.0.1 at 2016-01-05 21:20:25 -0800
Processing by MoviesController#new as HTML
  Rendered movies/_form.html.erb (5.1ms)
  Rendered movies/new.html.erb within layouts/application (9.0ms)
Completed 200 OK in 24ms (Views: 23.4ms | ActiveRecord: 0.0ms)
  [1m[36mActiveRecord::SchemaMigration Load (0.1ms)[0m  [1mSELECT "schema_migrations".* FROM "schema_migrations"[0m
Migrating to AddGenreToMovies (20160106052322)
  [1m[35m (0.1ms)[0m  begin transaction
  [1m[36m (0.4ms)[0m  [1mALTER TABLE "movies" ADD "genre" varchar(255)[0m
  [1m[35mSQL (0.3ms)[0m  INSERT INTO "schema_migrations" ("version") VALUES (?)  [["version", "20160106052322"]]
  [1m[36m (0.9ms)[0m  [1mcommit transaction[0m
  [1m[35mActiveRecord::SchemaMigration Load (0.1ms)[0m  SELECT "schema_migrations".* FROM "schema_migrations"


Started GET "/movies/new" for 127.0.0.1 at 2016-01-05 21:24:27 -0800
Processing by MoviesController#new as HTML
  Rendered movies/_form.html.erb (20.2ms)
  Rendered movies/new.html.erb within layouts/application (22.1ms)
Completed 200 OK in 33ms (Views: 28.2ms | ActiveRecord: 0.3ms)


Started GET "/assets/jquery_ujs.js?body=1" for 127.0.0.1 at 2016-01-05 21:24:27 -0800


Started GET "/assets/movies.css?body=1" for 127.0.0.1 at 2016-01-05 21:24:27 -0800


Started GET "/assets/movies.js?body=1" for 127.0.0.1 at 2016-01-05 21:24:27 -0800


Started GET "/assets/application.css?body=1" for 127.0.0.1 at 2016-01-05 21:24:27 -0800


Started GET "/assets/jquery.js?body=1" for 127.0.0.1 at 2016-01-05 21:24:27 -0800


Started GET "/assets/turbolinks.js?body=1" for 127.0.0.1 at 2016-01-05 21:24:27 -0800


Started GET "/assets/application.js?body=1" for 127.0.0.1 at 2016-01-05 21:24:27 -0800


Started GET "/movies/new" for 127.0.0.1 at 2016-01-05 21:24:38 -0800
Processing by MoviesController#new as HTML
  Rendered movies/_form.html.erb (19.0ms)
  Rendered movies/new.html.erb within layouts/application (21.0ms)
Completed 200 OK in 32ms (Views: 26.7ms | ActiveRecord: 0.4ms)


Started GET "/assets/movies.js?body=1" for 127.0.0.1 at 2016-01-05 21:24:38 -0800


Started GET "/assets/jquery.js?body=1" for 127.0.0.1 at 2016-01-05 21:24:38 -0800


Started GET "/assets/jquery_ujs.js?body=1" for 127.0.0.1 at 2016-01-05 21:24:38 -0800


Started GET "/assets/movies.css?body=1" for 127.0.0.1 at 2016-01-05 21:24:38 -0800


Started GET "/assets/application.css?body=1" for 127.0.0.1 at 2016-01-05 21:24:38 -0800


Started GET "/assets/turbolinks.js?body=1" for 127.0.0.1 at 2016-01-05 21:24:38 -0800


Started GET "/assets/application.js?body=1" for 127.0.0.1 at 2016-01-05 21:24:38 -0800


Started GET "/movies/new" for 127.0.0.1 at 2016-01-05 21:25:09 -0800
Processing by MoviesController#new as HTML
  Rendered movies/_form.html.erb (5.3ms)
  Rendered movies/new.html.erb within layouts/application (6.7ms)
Completed 200 OK in 14ms (Views: 13.0ms | ActiveRecord: 0.0ms)


Started GET "/assets/jquery.js?body=1" for 127.0.0.1 at 2016-01-05 21:25:09 -0800


Started GET "/assets/movies.css?body=1" for 127.0.0.1 at 2016-01-05 21:25:09 -0800


Started GET "/assets/turbolinks.js?body=1" for 127.0.0.1 at 2016-01-05 21:25:09 -0800


Started GET "/assets/jquery_ujs.js?body=1" for 127.0.0.1 at 2016-01-05 21:25:09 -0800


Started GET "/assets/movies.js?body=1" for 127.0.0.1 at 2016-01-05 21:25:09 -0800


Started GET "/assets/application.css?body=1" for 127.0.0.1 at 2016-01-05 21:25:09 -0800


Started GET "/assets/application.js?body=1" for 127.0.0.1 at 2016-01-05 21:25:09 -0800
  [1m[36mActiveRecord::SchemaMigration Load (0.1ms)[0m  [1mSELECT "schema_migrations".* FROM "schema_migrations"[0m
  [1m[35mActiveRecord::SchemaMigration Load (0.1ms)[0m  SELECT "schema_migrations".* FROM "schema_migrations"
