

Started GET "/" for 127.0.0.1 at 2016-01-12 20:13:57 -0800

ActiveRecord::PendingMigrationError (Migrations are pending; run 'rake db:migrate RAILS_ENV=development' to resolve this issue.):
  activerecord (4.0.0.rc1) lib/active_record/migration.rb:376:in `check_pending!'
  activerecord (4.0.0.rc1) lib/active_record/migration.rb:364:in `block in call'
  activesupport (4.0.0.rc1) lib/active_support/logger_silence.rb:16:in `silence'
  activerecord (4.0.0.rc1) lib/active_record/migration.rb:363:in `call'
  actionpack (4.0.0.rc1) lib/action_dispatch/middleware/callbacks.rb:29:in `block in call'
  activesupport (4.0.0.rc1) lib/active_support/callbacks.rb:392:in `_run__3984991565848698252__call__callbacks'
  activesupport (4.0.0.rc1) lib/active_support/callbacks.rb:80:in `run_callbacks'
  actionpack (4.0.0.rc1) lib/action_dispatch/middleware/callbacks.rb:27:in `call'
  actionpack (4.0.0.rc1) lib/action_dispatch/middleware/reloader.rb:64:in `call'
  actionpack (4.0.0.rc1) lib/action_dispatch/middleware/remote_ip.rb:76:in `call'
  actionpack (4.0.0.rc1) lib/action_dispatch/middleware/debug_exceptions.rb:17:in `call'
  actionpack (4.0.0.rc1) lib/action_dispatch/middleware/show_exceptions.rb:30:in `call'
  railties (4.0.0.rc1) lib/rails/rack/logger.rb:38:in `call_app'
  railties (4.0.0.rc1) lib/rails/rack/logger.rb:21:in `block in call'
  activesupport (4.0.0.rc1) lib/active_support/tagged_logging.rb:67:in `block in tagged'
  activesupport (4.0.0.rc1) lib/active_support/tagged_logging.rb:25:in `tagged'
  activesupport (4.0.0.rc1) lib/active_support/tagged_logging.rb:67:in `tagged'
  railties (4.0.0.rc1) lib/rails/rack/logger.rb:21:in `call'
  actionpack (4.0.0.rc1) lib/action_dispatch/middleware/request_id.rb:21:in `call'
  rack (1.5.5) lib/rack/methodoverride.rb:21:in `call'
  rack (1.5.5) lib/rack/runtime.rb:17:in `call'
  activesupport (4.0.0.rc1) lib/active_support/cache/strategy/local_cache.rb:83:in `call'
  rack (1.5.5) lib/rack/lock.rb:17:in `call'
  actionpack (4.0.0.rc1) lib/action_dispatch/middleware/static.rb:64:in `call'
  railties (4.0.0.rc1) lib/rails/engine.rb:511:in `call'
  railties (4.0.0.rc1) lib/rails/application.rb:96:in `call'
  rack (1.5.5) lib/rack/lock.rb:17:in `call'
  rack (1.5.5) lib/rack/content_length.rb:14:in `call'
  rack (1.5.5) lib/rack/handler/webrick.rb:60:in `service'
  /Users/petershin/.rvm/rubies/ruby-2.2.1/lib/ruby/2.2.0/webrick/httpserver.rb:138:in `service'
  /Users/petershin/.rvm/rubies/ruby-2.2.1/lib/ruby/2.2.0/webrick/httpserver.rb:94:in `run'
  /Users/petershin/.rvm/rubies/ruby-2.2.1/lib/ruby/2.2.0/webrick/server.rb:294:in `block in start_thread'


  Rendered /Users/petershin/.rvm/gems/ruby-2.2.1/gems/actionpack-4.0.0.rc1/lib/action_dispatch/middleware/templates/rescues/_source.erb (0.6ms)
  Rendered /Users/petershin/.rvm/gems/ruby-2.2.1/gems/actionpack-4.0.0.rc1/lib/action_dispatch/middleware/templates/rescues/_trace.erb (1.1ms)
  Rendered /Users/petershin/.rvm/gems/ruby-2.2.1/gems/actionpack-4.0.0.rc1/lib/action_dispatch/middleware/templates/rescues/_request_and_response.erb (1.0ms)
  Rendered /Users/petershin/.rvm/gems/ruby-2.2.1/gems/actionpack-4.0.0.rc1/lib/action_dispatch/middleware/templates/rescues/diagnostics.erb within rescues/layout (50.7ms)
  [1m[36m (1.4ms)[0m  [1mCREATE TABLE "schema_migrations" ("version" varchar(255) NOT NULL) [0m
  [1m[35m (0.9ms)[0m  CREATE UNIQUE INDEX "unique_schema_migrations" ON "schema_migrations" ("version")
  [1m[36mActiveRecord::SchemaMigration Load (0.1ms)[0m  [1mSELECT "schema_migrations".* FROM "schema_migrations"[0m
Migrating to CreateMovies (20130610234924)
  [1m[35m (0.1ms)[0m  begin transaction
  [1m[36m (0.3ms)[0m  [1mCREATE TABLE "movies" ("id" INTEGER PRIMARY KEY AUTOINCREMENT NOT NULL, "title" varchar(255), "description" text, "year_released" integer, "created_at" datetime, "updated_at" datetime) [0m
  [1m[35mSQL (0.2ms)[0m  INSERT INTO "schema_migrations" ("version") VALUES (?)  [["version", "20130610234924"]]
  [1m[36m (2.7ms)[0m  [1mcommit transaction[0m
Migrating to AddRatingToMovies (20130610235644)
  [1m[35m (0.1ms)[0m  begin transaction
  [1m[36m (1.0ms)[0m  [1mALTER TABLE "movies" ADD "rating" integer DEFAULT 3[0m
  [1m[35mSQL (0.2ms)[0m  INSERT INTO "schema_migrations" ("version") VALUES (?)  [["version", "20130610235644"]]
  [1m[36m (0.6ms)[0m  [1mcommit transaction[0m
  [1m[35mActiveRecord::SchemaMigration Load (0.1ms)[0m  SELECT "schema_migrations".* FROM "schema_migrations"


Started GET "/" for 127.0.0.1 at 2016-01-12 20:14:14 -0800
Processing by MoviesController#index as HTML
  [1m[36mMovie Load (0.4ms)[0m  [1mSELECT "movies".* FROM "movies" WHERE (title LIKE '%%' OR description LIKE '%%' OR year_released LIKE '%%')[0m
  Rendered movies/_list.html.erb (1.3ms)
  Rendered movies/index.html.erb within layouts/application (6.9ms)
Completed 200 OK in 1027ms (Views: 1014.9ms | ActiveRecord: 0.4ms)


Started GET "/assets/movies.css?body=1" for 127.0.0.1 at 2016-01-12 20:14:15 -0800


Started GET "/assets/jquery.js?body=1" for 127.0.0.1 at 2016-01-12 20:14:15 -0800


Started GET "/assets/jquery_ujs.js?body=1" for 127.0.0.1 at 2016-01-12 20:14:15 -0800


Started GET "/assets/turbolinks.js?body=1" for 127.0.0.1 at 2016-01-12 20:14:15 -0800


Started GET "/assets/application.css?body=1" for 127.0.0.1 at 2016-01-12 20:14:15 -0800


Started GET "/assets/movies.js?body=1" for 127.0.0.1 at 2016-01-12 20:14:15 -0800


Started GET "/assets/application.js?body=1" for 127.0.0.1 at 2016-01-12 20:14:15 -0800
  [1m[36mActiveRecord::SchemaMigration Load (0.6ms)[0m  [1mSELECT "schema_migrations".* FROM "schema_migrations"[0m
Migrating to CreateGenres (20160113042518)
  [1m[35m (0.1ms)[0m  begin transaction
  [1m[36m (0.5ms)[0m  [1mCREATE TABLE "genres" ("id" INTEGER PRIMARY KEY AUTOINCREMENT NOT NULL, "created_at" datetime, "updated_at" datetime) [0m
  [1m[35mSQL (0.2ms)[0m  INSERT INTO "schema_migrations" ("version") VALUES (?)  [["version", "20160113042518"]]
  [1m[36m (0.9ms)[0m  [1mcommit transaction[0m
Migrating to CreateActors (20160113042601)
  [1m[35m (0.1ms)[0m  begin transaction
  [1m[36m (0.3ms)[0m  [1mCREATE TABLE "actors" ("id" INTEGER PRIMARY KEY AUTOINCREMENT NOT NULL, "created_at" datetime, "updated_at" datetime) [0m
  [1m[35m (0.1ms)[0m  CREATE TABLE "actors_movies" ("id" INTEGER PRIMARY KEY AUTOINCREMENT NOT NULL, "actor_id" integer, "movie_id" integer) 
  [1m[36m (0.1ms)[0m  [1mCREATE INDEX "index_actors_movies_on_actor_id" ON "actors_movies" ("actor_id")[0m
  [1m[35m (0.1ms)[0m  CREATE INDEX "index_actors_movies_on_movie_id" ON "actors_movies" ("movie_id")
  [1m[36mSQL (0.2ms)[0m  [1mINSERT INTO "schema_migrations" ("version") VALUES (?)[0m  [["version", "20160113042601"]]
  [1m[35m (0.7ms)[0m  commit transaction
  [1m[36mActiveRecord::SchemaMigration Load (0.1ms)[0m  [1mSELECT "schema_migrations".* FROM "schema_migrations"[0m
  [1m[36mMovie Load (1.2ms)[0m  [1mSELECT "movies".* FROM "movies"[0m
  [1m[35mMovie Load (1.9ms)[0m  SELECT "movies".* FROM "movies"


Started GET "/" for 127.0.0.1 at 2016-01-12 20:56:58 -0800
Processing by MoviesController#index as HTML
  [1m[35mMovie Load (0.3ms)[0m  SELECT "movies".* FROM "movies" WHERE (title LIKE '%%' OR description LIKE '%%' OR year_released LIKE '%%')
  Rendered movies/_list.html.erb (1.0ms)
  Rendered movies/index.html.erb within layouts/application (4.7ms)
Completed 200 OK in 28ms (Views: 13.1ms | ActiveRecord: 0.3ms)


Started GET "/assets/movies.css?body=1" for 127.0.0.1 at 2016-01-12 20:56:59 -0800


Started GET "/assets/jquery_ujs.js?body=1" for 127.0.0.1 at 2016-01-12 20:56:59 -0800


Started GET "/assets/turbolinks.js?body=1" for 127.0.0.1 at 2016-01-12 20:56:59 -0800


Started GET "/assets/application.css?body=1" for 127.0.0.1 at 2016-01-12 20:56:59 -0800


Started GET "/assets/jquery.js?body=1" for 127.0.0.1 at 2016-01-12 20:56:59 -0800


Started GET "/assets/application.js?body=1" for 127.0.0.1 at 2016-01-12 20:56:59 -0800


Started GET "/assets/movies.js?body=1" for 127.0.0.1 at 2016-01-12 20:56:59 -0800
