

Started GET "/" for 127.0.0.1 at 2016-01-05 19:31:46 -0800

ActiveRecord::PendingMigrationError (Migrations are pending; run 'rake db:migrate RAILS_ENV=development' to resolve this issue.):
  activerecord (4.0.0.rc1) lib/active_record/migration.rb:376:in `check_pending!'
  activerecord (4.0.0.rc1) lib/active_record/migration.rb:364:in `block in call'
  activesupport (4.0.0.rc1) lib/active_support/logger_silence.rb:16:in `silence'
  activerecord (4.0.0.rc1) lib/active_record/migration.rb:363:in `call'
  actionpack (4.0.0.rc1) lib/action_dispatch/middleware/callbacks.rb:29:in `block in call'
  activesupport (4.0.0.rc1) lib/active_support/callbacks.rb:392:in `_run__4044388691334263090__call__callbacks'
  activesupport (4.0.0.rc1) lib/active_support/callbacks.rb:80:in `run_callbacks'
  actionpack (4.0.0.rc1) lib/action_dispatch/middleware/callbacks.rb:27:in `call'
  actionpack (4.0.0.rc1) lib/action_dispatch/middleware/reloader.rb:64:in `call'
  actionpack (4.0.0.rc1) lib/action_dispatch/middleware/remote_ip.rb:76:in `call'
  actionpack (4.0.0.rc1) lib/action_dispatch/middleware/debug_exceptions.rb:17:in `call'
  actionpack (4.0.0.rc1) lib/action_dispatch/middleware/show_exceptions.rb:30:in `call'
  railties (4.0.0.rc1) lib/rails/rack/logger.rb:38:in `call_app'
  railties (4.0.0.rc1) lib/rails/rack/logger.rb:21:in `block in call'
  activesupport (4.0.0.rc1) lib/active_support/tagged_logging.rb:67:in `block in tagged'
  activesupport (4.0.0.rc1) lib/active_support/tagged_logging.rb:25:in `tagged'
  activesupport (4.0.0.rc1) lib/active_support/tagged_logging.rb:67:in `tagged'
  railties (4.0.0.rc1) lib/rails/rack/logger.rb:21:in `call'
  actionpack (4.0.0.rc1) lib/action_dispatch/middleware/request_id.rb:21:in `call'
  rack (1.5.5) lib/rack/methodoverride.rb:21:in `call'
  rack (1.5.5) lib/rack/runtime.rb:17:in `call'
  activesupport (4.0.0.rc1) lib/active_support/cache/strategy/local_cache.rb:83:in `call'
  rack (1.5.5) lib/rack/lock.rb:17:in `call'
  actionpack (4.0.0.rc1) lib/action_dispatch/middleware/static.rb:64:in `call'
  railties (4.0.0.rc1) lib/rails/engine.rb:511:in `call'
  railties (4.0.0.rc1) lib/rails/application.rb:96:in `call'
  rack (1.5.5) lib/rack/lock.rb:17:in `call'
  rack (1.5.5) lib/rack/content_length.rb:14:in `call'
  rack (1.5.5) lib/rack/handler/webrick.rb:60:in `service'
  /Users/petershin/.rvm/rubies/ruby-2.2.1/lib/ruby/2.2.0/webrick/httpserver.rb:138:in `service'
  /Users/petershin/.rvm/rubies/ruby-2.2.1/lib/ruby/2.2.0/webrick/httpserver.rb:94:in `run'
  /Users/petershin/.rvm/rubies/ruby-2.2.1/lib/ruby/2.2.0/webrick/server.rb:294:in `block in start_thread'


  Rendered /Users/petershin/.rvm/gems/ruby-2.2.1/gems/actionpack-4.0.0.rc1/lib/action_dispatch/middleware/templates/rescues/_source.erb (0.6ms)
  Rendered /Users/petershin/.rvm/gems/ruby-2.2.1/gems/actionpack-4.0.0.rc1/lib/action_dispatch/middleware/templates/rescues/_trace.erb (1.0ms)
  Rendered /Users/petershin/.rvm/gems/ruby-2.2.1/gems/actionpack-4.0.0.rc1/lib/action_dispatch/middleware/templates/rescues/_request_and_response.erb (1.0ms)
  Rendered /Users/petershin/.rvm/gems/ruby-2.2.1/gems/actionpack-4.0.0.rc1/lib/action_dispatch/middleware/templates/rescues/diagnostics.erb within rescues/layout (64.9ms)


Started GET "/shirts" for 127.0.0.1 at 2016-01-05 19:31:52 -0800

ActiveRecord::PendingMigrationError (Migrations are pending; run 'rake db:migrate RAILS_ENV=development' to resolve this issue.):
  activerecord (4.0.0.rc1) lib/active_record/migration.rb:376:in `check_pending!'
  activerecord (4.0.0.rc1) lib/active_record/migration.rb:364:in `block in call'
  activesupport (4.0.0.rc1) lib/active_support/logger_silence.rb:16:in `silence'
  activerecord (4.0.0.rc1) lib/active_record/migration.rb:363:in `call'
  actionpack (4.0.0.rc1) lib/action_dispatch/middleware/callbacks.rb:29:in `block in call'
  activesupport (4.0.0.rc1) lib/active_support/callbacks.rb:392:in `_run__4044388691334263090__call__callbacks'
  activesupport (4.0.0.rc1) lib/active_support/callbacks.rb:80:in `run_callbacks'
  actionpack (4.0.0.rc1) lib/action_dispatch/middleware/callbacks.rb:27:in `call'
  actionpack (4.0.0.rc1) lib/action_dispatch/middleware/reloader.rb:64:in `call'
  actionpack (4.0.0.rc1) lib/action_dispatch/middleware/remote_ip.rb:76:in `call'
  actionpack (4.0.0.rc1) lib/action_dispatch/middleware/debug_exceptions.rb:17:in `call'
  actionpack (4.0.0.rc1) lib/action_dispatch/middleware/show_exceptions.rb:30:in `call'
  railties (4.0.0.rc1) lib/rails/rack/logger.rb:38:in `call_app'
  railties (4.0.0.rc1) lib/rails/rack/logger.rb:21:in `block in call'
  activesupport (4.0.0.rc1) lib/active_support/tagged_logging.rb:67:in `block in tagged'
  activesupport (4.0.0.rc1) lib/active_support/tagged_logging.rb:25:in `tagged'
  activesupport (4.0.0.rc1) lib/active_support/tagged_logging.rb:67:in `tagged'
  railties (4.0.0.rc1) lib/rails/rack/logger.rb:21:in `call'
  actionpack (4.0.0.rc1) lib/action_dispatch/middleware/request_id.rb:21:in `call'
  rack (1.5.5) lib/rack/methodoverride.rb:21:in `call'
  rack (1.5.5) lib/rack/runtime.rb:17:in `call'
  activesupport (4.0.0.rc1) lib/active_support/cache/strategy/local_cache.rb:83:in `call'
  rack (1.5.5) lib/rack/lock.rb:17:in `call'
  actionpack (4.0.0.rc1) lib/action_dispatch/middleware/static.rb:64:in `call'
  railties (4.0.0.rc1) lib/rails/engine.rb:511:in `call'
  railties (4.0.0.rc1) lib/rails/application.rb:96:in `call'
  rack (1.5.5) lib/rack/lock.rb:17:in `call'
  rack (1.5.5) lib/rack/content_length.rb:14:in `call'
  rack (1.5.5) lib/rack/handler/webrick.rb:60:in `service'
  /Users/petershin/.rvm/rubies/ruby-2.2.1/lib/ruby/2.2.0/webrick/httpserver.rb:138:in `service'
  /Users/petershin/.rvm/rubies/ruby-2.2.1/lib/ruby/2.2.0/webrick/httpserver.rb:94:in `run'
  /Users/petershin/.rvm/rubies/ruby-2.2.1/lib/ruby/2.2.0/webrick/server.rb:294:in `block in start_thread'


  Rendered /Users/petershin/.rvm/gems/ruby-2.2.1/gems/actionpack-4.0.0.rc1/lib/action_dispatch/middleware/templates/rescues/_source.erb (0.6ms)
  Rendered /Users/petershin/.rvm/gems/ruby-2.2.1/gems/actionpack-4.0.0.rc1/lib/action_dispatch/middleware/templates/rescues/_trace.erb (0.9ms)
  Rendered /Users/petershin/.rvm/gems/ruby-2.2.1/gems/actionpack-4.0.0.rc1/lib/action_dispatch/middleware/templates/rescues/_request_and_response.erb (0.9ms)
  Rendered /Users/petershin/.rvm/gems/ruby-2.2.1/gems/actionpack-4.0.0.rc1/lib/action_dispatch/middleware/templates/rescues/diagnostics.erb within rescues/layout (44.0ms)
  [1m[36m (1.1ms)[0m  [1mCREATE TABLE "schema_migrations" ("version" varchar(255) NOT NULL) [0m
  [1m[35m (0.9ms)[0m  CREATE UNIQUE INDEX "unique_schema_migrations" ON "schema_migrations" ("version")
  [1m[36mActiveRecord::SchemaMigration Load (0.1ms)[0m  [1mSELECT "schema_migrations".* FROM "schema_migrations"[0m
Migrating to CreateShirts (20130611005022)
  [1m[35m (0.1ms)[0m  begin transaction
  [1m[36m (0.3ms)[0m  [1mCREATE TABLE "shirts" ("id" INTEGER PRIMARY KEY AUTOINCREMENT NOT NULL, "name" varchar(255), "description" text, "image" varchar(255), "created_at" datetime, "updated_at" datetime) [0m
  [1m[35mSQL (0.2ms)[0m  INSERT INTO "schema_migrations" ("version") VALUES (?)  [["version", "20130611005022"]]
  [1m[36m (0.8ms)[0m  [1mcommit transaction[0m
  [1m[35mActiveRecord::SchemaMigration Load (0.1ms)[0m  SELECT "schema_migrations".* FROM "schema_migrations"


Started GET "/shirts" for 127.0.0.1 at 2016-01-05 19:32:20 -0800
Processing by ShirtsController#index as HTML
  [1m[36mShirt Load (0.2ms)[0m  [1mSELECT "shirts".* FROM "shirts"[0m
  Rendered shirts/_list.html.erb (1.1ms)
  Rendered shirts/index.html.erb within layouts/application (6.9ms)
Completed 200 OK in 1011ms (Views: 998.3ms | ActiveRecord: 0.2ms)


Started GET "/assets/shirts.css?body=1" for 127.0.0.1 at 2016-01-05 19:32:21 -0800


Started GET "/assets/jquery.js?body=1" for 127.0.0.1 at 2016-01-05 19:32:21 -0800


Started GET "/assets/jquery_ujs.js?body=1" for 127.0.0.1 at 2016-01-05 19:32:21 -0800


Started GET "/assets/application.css?body=1" for 127.0.0.1 at 2016-01-05 19:32:21 -0800


Started GET "/assets/turbolinks.js?body=1" for 127.0.0.1 at 2016-01-05 19:32:21 -0800


Started GET "/assets/shirts.js?body=1" for 127.0.0.1 at 2016-01-05 19:32:21 -0800


Started GET "/assets/application.js?body=1" for 127.0.0.1 at 2016-01-05 19:32:21 -0800


Started GET "/shirts/new" for 127.0.0.1 at 2016-01-05 19:32:23 -0800
Processing by ShirtsController#new as HTML
  Rendered shirts/_list.html.erb (2.4ms)
  Rendered shirts/new.html.erb within layouts/application (5.1ms)
Completed 500 Internal Server Error in 19ms

ActionView::Template::Error (undefined method `each' for nil:NilClass):
    1: <% @shirts.each do |shirt| %>
    2:   <section>
    3:     <h3><%= link_to shirt.name, shirt_path(shirt.id) %></h3>
    4:     <p>
  app/views/shirts/_list.html.erb:1:in `_app_views_shirts__list_html_erb__4403815150586361784_70254683054220'
  app/views/shirts/new.html.erb:3:in `_app_views_shirts_new_html_erb__4507324431508274538_70254683103860'


  Rendered /Users/petershin/.rvm/gems/ruby-2.2.1/gems/actionpack-4.0.0.rc1/lib/action_dispatch/middleware/templates/rescues/_trace.erb (1.4ms)
  Rendered /Users/petershin/.rvm/gems/ruby-2.2.1/gems/actionpack-4.0.0.rc1/lib/action_dispatch/middleware/templates/rescues/_request_and_response.erb (1.0ms)
  Rendered /Users/petershin/.rvm/gems/ruby-2.2.1/gems/actionpack-4.0.0.rc1/lib/action_dispatch/middleware/templates/rescues/template_error.erb within rescues/layout (32.9ms)


Started GET "/shirts/new" for 127.0.0.1 at 2016-01-05 19:32:23 -0800
Processing by ShirtsController#new as HTML
  Rendered shirts/_list.html.erb (1.2ms)
  Rendered shirts/new.html.erb within layouts/application (2.9ms)
Completed 500 Internal Server Error in 8ms

ActionView::Template::Error (undefined method `each' for nil:NilClass):
    1: <% @shirts.each do |shirt| %>
    2:   <section>
    3:     <h3><%= link_to shirt.name, shirt_path(shirt.id) %></h3>
    4:     <p>
  app/views/shirts/_list.html.erb:1:in `_app_views_shirts__list_html_erb__4403815150586361784_70254683463880'
  app/views/shirts/new.html.erb:3:in `_app_views_shirts_new_html_erb__4507324431508274538_70254684773240'


  Rendered /Users/petershin/.rvm/gems/ruby-2.2.1/gems/actionpack-4.0.0.rc1/lib/action_dispatch/middleware/templates/rescues/_trace.erb (1.0ms)
  Rendered /Users/petershin/.rvm/gems/ruby-2.2.1/gems/actionpack-4.0.0.rc1/lib/action_dispatch/middleware/templates/rescues/_request_and_response.erb (0.8ms)
  Rendered /Users/petershin/.rvm/gems/ruby-2.2.1/gems/actionpack-4.0.0.rc1/lib/action_dispatch/middleware/templates/rescues/template_error.erb within rescues/layout (27.9ms)


Started GET "/" for 127.0.0.1 at 2016-01-05 19:32:30 -0800
Processing by ShirtsController#index as HTML
  [1m[35mShirt Load (0.1ms)[0m  SELECT "shirts".* FROM "shirts"
  Rendered shirts/_list.html.erb (0.5ms)
  Rendered shirts/index.html.erb within layouts/application (2.0ms)
Completed 200 OK in 8ms (Views: 7.9ms | ActiveRecord: 0.1ms)


Started GET "/" for 127.0.0.1 at 2016-01-05 19:32:32 -0800
Processing by ShirtsController#index as HTML
  [1m[36mShirt Load (0.4ms)[0m  [1mSELECT "shirts".* FROM "shirts"[0m
  Rendered shirts/_list.html.erb (1.5ms)
  Rendered shirts/index.html.erb within layouts/application (3.7ms)
Completed 200 OK in 11ms (Views: 9.9ms | ActiveRecord: 0.4ms)


Started GET "/" for 127.0.0.1 at 2016-01-05 19:34:09 -0800
Processing by ShirtsController#index as HTML
  [1m[35mShirt Load (0.1ms)[0m  SELECT "shirts".* FROM "shirts"
  Rendered shirts/_list.html.erb (0.5ms)
  Rendered shirts/index.html.erb within layouts/application (3.2ms)
Completed 200 OK in 11ms (Views: 9.1ms | ActiveRecord: 0.1ms)


Started GET "/assets/shirts.css?body=1" for 127.0.0.1 at 2016-01-05 19:34:09 -0800


Started GET "/assets/shirts.js?body=1" for 127.0.0.1 at 2016-01-05 19:34:09 -0800


Started GET "/assets/jquery_ujs.js?body=1" for 127.0.0.1 at 2016-01-05 19:34:09 -0800


Started GET "/assets/jquery.js?body=1" for 127.0.0.1 at 2016-01-05 19:34:09 -0800


Started GET "/assets/application.css?body=1" for 127.0.0.1 at 2016-01-05 19:34:09 -0800


Started GET "/assets/turbolinks.js?body=1" for 127.0.0.1 at 2016-01-05 19:34:09 -0800


Started GET "/assets/application.js?body=1" for 127.0.0.1 at 2016-01-05 19:34:09 -0800


Started GET "/?utf8=%E2%9C%93&q=&commit=Search" for 127.0.0.1 at 2016-01-05 19:34:12 -0800
Processing by ShirtsController#index as HTML
  Parameters: {"utf8"=>"✓", "q"=>"", "commit"=>"Search"}
  [1m[36mShirt Load (0.1ms)[0m  [1mSELECT "shirts".* FROM "shirts"[0m
  Rendered shirts/_list.html.erb (0.4ms)
  Rendered shirts/index.html.erb within layouts/application (2.1ms)
Completed 200 OK in 8ms (Views: 7.0ms | ActiveRecord: 0.1ms)


Started GET "/assets/application.css?body=1" for 127.0.0.1 at 2016-01-05 19:34:12 -0800


Started GET "/assets/shirts.css?body=1" for 127.0.0.1 at 2016-01-05 19:34:12 -0800


Started GET "/assets/jquery.js?body=1" for 127.0.0.1 at 2016-01-05 19:34:12 -0800


Started GET "/assets/application.js?body=1" for 127.0.0.1 at 2016-01-05 19:34:12 -0800


Started GET "/assets/turbolinks.js?body=1" for 127.0.0.1 at 2016-01-05 19:34:12 -0800


Started GET "/assets/shirts.js?body=1" for 127.0.0.1 at 2016-01-05 19:34:12 -0800


Started GET "/assets/jquery_ujs.js?body=1" for 127.0.0.1 at 2016-01-05 19:34:12 -0800


Started GET "/?utf8=%E2%9C%93&q=&commit=Search" for 127.0.0.1 at 2016-01-05 19:34:13 -0800
Processing by ShirtsController#index as HTML
  Parameters: {"utf8"=>"✓", "q"=>"", "commit"=>"Search"}
  [1m[35mShirt Load (0.2ms)[0m  SELECT "shirts".* FROM "shirts"
  Rendered shirts/_list.html.erb (0.5ms)
  Rendered shirts/index.html.erb within layouts/application (3.3ms)
Completed 200 OK in 9ms (Views: 8.3ms | ActiveRecord: 0.2ms)


Started GET "/assets/shirts.css?body=1" for 127.0.0.1 at 2016-01-05 19:34:13 -0800


Started GET "/assets/shirts.js?body=1" for 127.0.0.1 at 2016-01-05 19:34:13 -0800


Started GET "/assets/application.css?body=1" for 127.0.0.1 at 2016-01-05 19:34:13 -0800


Started GET "/assets/jquery_ujs.js?body=1" for 127.0.0.1 at 2016-01-05 19:34:13 -0800


Started GET "/assets/jquery.js?body=1" for 127.0.0.1 at 2016-01-05 19:34:13 -0800


Started GET "/assets/turbolinks.js?body=1" for 127.0.0.1 at 2016-01-05 19:34:13 -0800


Started GET "/assets/application.js?body=1" for 127.0.0.1 at 2016-01-05 19:34:13 -0800


Started GET "/shirts/new" for 127.0.0.1 at 2016-01-05 19:35:10 -0800
Processing by ShirtsController#new as HTML
  [1m[36mShirt Load (0.1ms)[0m  [1mSELECT "shirts".* FROM "shirts"[0m
  Rendered shirts/_list.html.erb (0.5ms)
  Rendered shirts/new.html.erb within layouts/application (2.6ms)
Completed 200 OK in 17ms (Views: 16.8ms | ActiveRecord: 0.1ms)


Started GET "/?utf8=%E2%9C%93&q=darwin&commit=Search" for 127.0.0.1 at 2016-01-05 19:38:30 -0800
Processing by ShirtsController#index as HTML
  Parameters: {"utf8"=>"✓", "q"=>"darwin", "commit"=>"Search"}
  [1m[35mShirt Load (0.2ms)[0m  SELECT "shirts".* FROM "shirts"
  Rendered shirts/_list.html.erb (0.8ms)
  Rendered shirts/index.html.erb within layouts/application (2.6ms)
Completed 200 OK in 7ms (Views: 6.8ms | ActiveRecord: 0.2ms)


Started GET "/assets/application.css?body=1" for 127.0.0.1 at 2016-01-05 19:38:31 -0800


Started GET "/assets/jquery.js?body=1" for 127.0.0.1 at 2016-01-05 19:38:31 -0800


Started GET "/assets/shirts.css?body=1" for 127.0.0.1 at 2016-01-05 19:38:31 -0800


Started GET "/assets/jquery_ujs.js?body=1" for 127.0.0.1 at 2016-01-05 19:38:31 -0800


Started GET "/assets/shirts.js?body=1" for 127.0.0.1 at 2016-01-05 19:38:31 -0800


Started GET "/assets/turbolinks.js?body=1" for 127.0.0.1 at 2016-01-05 19:38:31 -0800


Started GET "/assets/application.js?body=1" for 127.0.0.1 at 2016-01-05 19:38:31 -0800


Started GET "/?utf8=%E2%9C%93&q=galapagos&commit=Search" for 127.0.0.1 at 2016-01-05 19:38:54 -0800
Processing by ShirtsController#index as HTML
  Parameters: {"utf8"=>"✓", "q"=>"galapagos", "commit"=>"Search"}
  [1m[36mShirt Load (0.1ms)[0m  [1mSELECT "shirts".* FROM "shirts"[0m
  Rendered shirts/_list.html.erb (0.4ms)
  Rendered shirts/index.html.erb within layouts/application (1.9ms)
Completed 200 OK in 7ms (Views: 6.2ms | ActiveRecord: 0.1ms)


Started GET "/assets/shirts.css?body=1" for 127.0.0.1 at 2016-01-05 19:38:54 -0800


Started GET "/assets/application.css?body=1" for 127.0.0.1 at 2016-01-05 19:38:54 -0800


Started GET "/assets/turbolinks.js?body=1" for 127.0.0.1 at 2016-01-05 19:38:54 -0800


Started GET "/assets/jquery_ujs.js?body=1" for 127.0.0.1 at 2016-01-05 19:38:54 -0800


Started GET "/assets/jquery.js?body=1" for 127.0.0.1 at 2016-01-05 19:38:54 -0800


Started GET "/assets/shirts.js?body=1" for 127.0.0.1 at 2016-01-05 19:38:54 -0800


Started GET "/assets/application.js?body=1" for 127.0.0.1 at 2016-01-05 19:38:54 -0800


Started GET "/?utf8=%E2%9C%93&q=galapagos&commit=Search" for 127.0.0.1 at 2016-01-05 19:43:36 -0800
Processing by ShirtsController#index as HTML
  Parameters: {"utf8"=>"✓", "q"=>"galapagos", "commit"=>"Search"}
  [1m[35mShirt Load (0.2ms)[0m  SELECT "shirts".* FROM "shirts" WHERE (title LIKE '%galapagos%' OR description LIKE '%galapagos%')
SQLite3::SQLException: no such column: title: SELECT "shirts".* FROM "shirts"  WHERE (title LIKE '%galapagos%' OR description LIKE '%galapagos%')
  Rendered shirts/_list.html.erb (1.8ms)
  Rendered shirts/index.html.erb within layouts/application (3.3ms)
Completed 500 Internal Server Error in 8ms

ActionView::Template::Error (SQLite3::SQLException: no such column: title: SELECT "shirts".* FROM "shirts"  WHERE (title LIKE '%galapagos%' OR description LIKE '%galapagos%')):
    1: <% @shirts.each do |shirt| %>
    2:   <section>
    3:     <h3><%= link_to shirt.name, shirt_path(shirt.id) %></h3>
    4:     <p>
  app/views/shirts/_list.html.erb:1:in `_app_views_shirts__list_html_erb__4403815150586361784_70254683463880'
  app/views/shirts/index.html.erb:13:in `_app_views_shirts_index_html_erb___3788699049037626535_70254683912680'


  Rendered /Users/petershin/.rvm/gems/ruby-2.2.1/gems/actionpack-4.0.0.rc1/lib/action_dispatch/middleware/templates/rescues/_trace.erb (1.7ms)
  Rendered /Users/petershin/.rvm/gems/ruby-2.2.1/gems/actionpack-4.0.0.rc1/lib/action_dispatch/middleware/templates/rescues/_request_and_response.erb (1.4ms)
  Rendered /Users/petershin/.rvm/gems/ruby-2.2.1/gems/actionpack-4.0.0.rc1/lib/action_dispatch/middleware/templates/rescues/template_error.erb within rescues/layout (30.5ms)
  [1m[36mShirt Load (1.5ms)[0m  [1mSELECT "shirts".* FROM "shirts"[0m
  [1m[35mShirt Load (0.5ms)[0m  SELECT "shirts".* FROM "shirts"
  [1m[36mActiveRecord::SchemaMigration Load (0.1ms)[0m  [1mSELECT "schema_migrations".* FROM "schema_migrations"[0m
  [1m[35m (0.1ms)[0m  begin transaction
  [1m[36mSQL (4.8ms)[0m  [1mINSERT INTO "shirts" ("created_at", "description", "image", "name", "updated_at") VALUES (?, ?, ?, ?, ?)[0m  [["created_at", Wed, 06 Jan 2016 03:48:01 UTC +00:00], ["description", "Meta Shirt showing Warning about inability to load shirt"], ["image", "rushed_to_market.png"], ["name", "Rushed to Market"], ["updated_at", Wed, 06 Jan 2016 03:48:01 UTC +00:00]]
  [1m[35m (0.8ms)[0m  commit transaction
  [1m[36m (0.0ms)[0m  [1mbegin transaction[0m
  [1m[35mSQL (0.2ms)[0m  INSERT INTO "shirts" ("created_at", "description", "image", "name", "updated_at") VALUES (?, ?, ?, ?, ?)  [["created_at", Wed, 06 Jan 2016 03:48:01 UTC +00:00], ["description", "Darwin with paper cutouts of evolution"], ["image", "darwins_delight.png"], ["name", "Darwin's Delight"], ["updated_at", Wed, 06 Jan 2016 03:48:01 UTC +00:00]]
  [1m[36m (0.7ms)[0m  [1mcommit transaction[0m
  [1m[35m (0.1ms)[0m  begin transaction
  [1m[36mSQL (0.3ms)[0m  [1mINSERT INTO "shirts" ("created_at", "description", "image", "name", "updated_at") VALUES (?, ?, ?, ?, ?)[0m  [["created_at", Wed, 06 Jan 2016 03:48:01 UTC +00:00], ["description", "Button Masher's Manifesto"], ["image", "victory_through_chaos.png"], ["name", "Victory through Chaos"], ["updated_at", Wed, 06 Jan 2016 03:48:01 UTC +00:00]]
  [1m[35m (0.7ms)[0m  commit transaction
  [1m[36m (0.0ms)[0m  [1mbegin transaction[0m
  [1m[35mSQL (0.3ms)[0m  INSERT INTO "shirts" ("created_at", "description", "image", "name", "updated_at") VALUES (?, ?, ?, ?, ?)  [["created_at", Wed, 06 Jan 2016 03:48:01 UTC +00:00], ["description", "Gaming consoles as Star Wars battle vehicles"], ["image", "console_wars.png"], ["name", "Console Wars"], ["updated_at", Wed, 06 Jan 2016 03:48:01 UTC +00:00]]
  [1m[36m (0.7ms)[0m  [1mcommit transaction[0m
  [1m[35m (0.1ms)[0m  begin transaction
  [1m[36mSQL (0.2ms)[0m  [1mINSERT INTO "shirts" ("created_at", "description", "image", "name", "updated_at") VALUES (?, ?, ?, ?, ?)[0m  [["created_at", Wed, 06 Jan 2016 03:48:01 UTC +00:00], ["description", "Lightsabers charging at an outlet"], ["image", "downtime.png"], ["name", "Downtime"], ["updated_at", Wed, 06 Jan 2016 03:48:01 UTC +00:00]]
  [1m[35m (0.7ms)[0m  commit transaction
  [1m[36m (0.0ms)[0m  [1mbegin transaction[0m
  [1m[35mSQL (0.2ms)[0m  INSERT INTO "shirts" ("created_at", "description", "image", "name", "updated_at") VALUES (?, ?, ?, ?, ?)  [["created_at", Wed, 06 Jan 2016 03:48:01 UTC +00:00], ["description", "Solo and Greedo in 8-bit emulating text based game"], ["image", "shoot_first.png"], ["name", "Shoot First"], ["updated_at", Wed, 06 Jan 2016 03:48:01 UTC +00:00]]
  [1m[36m (0.7ms)[0m  [1mcommit transaction[0m
  [1m[35m (0.1ms)[0m  begin transaction
  [1m[36mSQL (0.3ms)[0m  [1mINSERT INTO "shirts" ("created_at", "description", "image", "name", "updated_at") VALUES (?, ?, ?, ?, ?)[0m  [["created_at", Wed, 06 Jan 2016 03:48:01 UTC +00:00], ["description", "Stick Figure guy has enough"], ["image", "i_quit.png"], ["name", "I Quit!"], ["updated_at", Wed, 06 Jan 2016 03:48:01 UTC +00:00]]
  [1m[35m (0.7ms)[0m  commit transaction
  [1m[36m (0.1ms)[0m  [1mbegin transaction[0m
  [1m[35mSQL (0.3ms)[0m  INSERT INTO "shirts" ("created_at", "description", "image", "name", "updated_at") VALUES (?, ?, ?, ?, ?)  [["created_at", Wed, 06 Jan 2016 03:48:01 UTC +00:00], ["description", "Vader makes eggs for a young Luke and Leia"], ["image", "family_breakfast.png"], ["name", "Family Breakfast"], ["updated_at", Wed, 06 Jan 2016 03:48:01 UTC +00:00]]
  [1m[36m (0.6ms)[0m  [1mcommit transaction[0m
  [1m[35m (0.0ms)[0m  begin transaction
  [1m[36mSQL (0.2ms)[0m  [1mINSERT INTO "shirts" ("created_at", "description", "image", "name", "updated_at") VALUES (?, ?, ?, ?, ?)[0m  [["created_at", Wed, 06 Jan 2016 03:48:01 UTC +00:00], ["description", "Pirate turns to digital piracy"], ["image", "music_pirate.png"], ["name", "Music Pirate"], ["updated_at", Wed, 06 Jan 2016 03:48:01 UTC +00:00]]
  [1m[35m (0.6ms)[0m  commit transaction
  [1m[36m (0.0ms)[0m  [1mbegin transaction[0m
  [1m[35mSQL (0.2ms)[0m  INSERT INTO "shirts" ("created_at", "description", "image", "name", "updated_at") VALUES (?, ?, ?, ?, ?)  [["created_at", Wed, 06 Jan 2016 03:48:01 UTC +00:00], ["description", "Ninja Turtle as famous painter"], ["image", "leonardo.png"], ["name", "Leonardo"], ["updated_at", Wed, 06 Jan 2016 03:48:01 UTC +00:00]]
  [1m[36m (0.7ms)[0m  [1mcommit transaction[0m
  [1m[35m (0.1ms)[0m  begin transaction
  [1m[36mSQL (0.3ms)[0m  [1mINSERT INTO "shirts" ("created_at", "description", "image", "name", "updated_at") VALUES (?, ?, ?, ?, ?)[0m  [["created_at", Wed, 06 Jan 2016 03:48:01 UTC +00:00], ["description", "Flying cup of coffee"], ["image", "my_morning_sidekick.png"], ["name", "My Morning Sidekick"], ["updated_at", Wed, 06 Jan 2016 03:48:01 UTC +00:00]]
  [1m[35m (0.7ms)[0m  commit transaction
  [1m[36m (0.1ms)[0m  [1mbegin transaction[0m
  [1m[35mSQL (0.2ms)[0m  INSERT INTO "shirts" ("created_at", "description", "image", "name", "updated_at") VALUES (?, ?, ?, ?, ?)  [["created_at", Wed, 06 Jan 2016 03:48:01 UTC +00:00], ["description", "Storm Trooper enjoying a casual Friday"], ["image", "casual_friday.png"], ["name", "Casual Friday"], ["updated_at", Wed, 06 Jan 2016 03:48:01 UTC +00:00]]
  [1m[36m (0.7ms)[0m  [1mcommit transaction[0m
  [1m[35m (0.1ms)[0m  begin transaction
  [1m[36mSQL (0.3ms)[0m  [1mINSERT INTO "shirts" ("created_at", "description", "image", "name", "updated_at") VALUES (?, ?, ?, ?, ?)[0m  [["created_at", Wed, 06 Jan 2016 03:48:01 UTC +00:00], ["description", "Portals used to clean spills"], ["image", "wet_slippery_when.png"], ["name", "WET||SLIPPERY WHEN"], ["updated_at", Wed, 06 Jan 2016 03:48:01 UTC +00:00]]
  [1m[35m (0.9ms)[0m  commit transaction
  [1m[36m (0.1ms)[0m  [1mbegin transaction[0m
  [1m[35mSQL (0.4ms)[0m  INSERT INTO "shirts" ("created_at", "description", "image", "name", "updated_at") VALUES (?, ?, ?, ?, ?)  [["created_at", Wed, 06 Jan 2016 03:48:01 UTC +00:00], ["description", "Waldo Hiding from some Ninjas!"], ["image", "blending_in.png"], ["name", "Blending In"], ["updated_at", Wed, 06 Jan 2016 03:48:01 UTC +00:00]]
  [1m[36m (1.9ms)[0m  [1mcommit transaction[0m
  [1m[35m (0.2ms)[0m  begin transaction
  [1m[36mSQL (0.3ms)[0m  [1mINSERT INTO "shirts" ("created_at", "description", "image", "name", "updated_at") VALUES (?, ?, ?, ?, ?)[0m  [["created_at", Wed, 06 Jan 2016 03:48:01 UTC +00:00], ["description", "Cookie monster had one to many at the milk bar"], ["image", "the_binge.png"], ["name", "The Binge"], ["updated_at", Wed, 06 Jan 2016 03:48:01 UTC +00:00]]
  [1m[35m (0.8ms)[0m  commit transaction
  [1m[36m (0.1ms)[0m  [1mbegin transaction[0m
  [1m[35mSQL (0.4ms)[0m  INSERT INTO "shirts" ("created_at", "description", "image", "name", "updated_at") VALUES (?, ?, ?, ?, ?)  [["created_at", Wed, 06 Jan 2016 03:48:01 UTC +00:00], ["description", "Training using Bacon as a motivator"], ["image", "motivation.png"], ["name", "Motivation"], ["updated_at", Wed, 06 Jan 2016 03:48:01 UTC +00:00]]
  [1m[36m (0.8ms)[0m  [1mcommit transaction[0m
  [1m[35m (0.1ms)[0m  begin transaction
  [1m[36mSQL (0.3ms)[0m  [1mINSERT INTO "shirts" ("created_at", "description", "image", "name", "updated_at") VALUES (?, ?, ?, ?, ?)[0m  [["created_at", Wed, 06 Jan 2016 03:48:01 UTC +00:00], ["description", "Phoenix, Cat, and Zombie at longevity competition"], ["image", "winners_at_life.png"], ["name", "Winners at Life"], ["updated_at", Wed, 06 Jan 2016 03:48:01 UTC +00:00]]
  [1m[35m (0.7ms)[0m  commit transaction
  [1m[36m (0.0ms)[0m  [1mbegin transaction[0m
  [1m[35mSQL (0.2ms)[0m  INSERT INTO "shirts" ("created_at", "description", "image", "name", "updated_at") VALUES (?, ?, ?, ?, ?)  [["created_at", Wed, 06 Jan 2016 03:48:01 UTC +00:00], ["description", "Gandalf as a queue manager"], ["image", "halfing_height_requirement.png"], ["name", "Halfling Height Requirement"], ["updated_at", Wed, 06 Jan 2016 03:48:01 UTC +00:00]]
  [1m[36m (1.2ms)[0m  [1mcommit transaction[0m
  [1m[35m (0.1ms)[0m  begin transaction
  [1m[36mSQL (0.3ms)[0m  [1mINSERT INTO "shirts" ("created_at", "description", "image", "name", "updated_at") VALUES (?, ?, ?, ?, ?)[0m  [["created_at", Wed, 06 Jan 2016 03:48:01 UTC +00:00], ["description", "Sad Polar Bear is sad"], ["image", "the_last_one.png"], ["name", "The Last One"], ["updated_at", Wed, 06 Jan 2016 03:48:01 UTC +00:00]]
  [1m[35m (0.7ms)[0m  commit transaction
  [1m[36m (0.1ms)[0m  [1mbegin transaction[0m
  [1m[35mSQL (0.4ms)[0m  INSERT INTO "shirts" ("created_at", "description", "image", "name", "updated_at") VALUES (?, ?, ?, ?, ?)  [["created_at", Wed, 06 Jan 2016 03:48:01 UTC +00:00], ["description", "Panda as a Pirate"], ["image", "panda_pirate.png"], ["name", "Panda Pirate"], ["updated_at", Wed, 06 Jan 2016 03:48:01 UTC +00:00]]
  [1m[36m (0.9ms)[0m  [1mcommit transaction[0m


Started GET "/?utf8=%E2%9C%93&q=darwin&commit=Search" for 127.0.0.1 at 2016-01-05 19:48:05 -0800
Processing by ShirtsController#index as HTML
  Parameters: {"utf8"=>"✓", "q"=>"darwin", "commit"=>"Search"}
  [1m[36mShirt Load (0.4ms)[0m  [1mSELECT "shirts".* FROM "shirts" WHERE (title LIKE '%darwin%' OR description LIKE '%darwin%')[0m
SQLite3::SQLException: no such column: title: SELECT "shirts".* FROM "shirts"  WHERE (title LIKE '%darwin%' OR description LIKE '%darwin%')
  Rendered shirts/_list.html.erb (2.9ms)
  Rendered shirts/index.html.erb within layouts/application (6.2ms)
Completed 500 Internal Server Error in 20ms

ActionView::Template::Error (SQLite3::SQLException: no such column: title: SELECT "shirts".* FROM "shirts"  WHERE (title LIKE '%darwin%' OR description LIKE '%darwin%')):
    1: <% @shirts.each do |shirt| %>
    2:   <section>
    3:     <h3><%= link_to shirt.name, shirt_path(shirt.id) %></h3>
    4:     <p>
  app/views/shirts/_list.html.erb:1:in `_app_views_shirts__list_html_erb__4403815150586361784_70254683463880'
  app/views/shirts/index.html.erb:13:in `_app_views_shirts_index_html_erb___3788699049037626535_70254683912680'


  Rendered /Users/petershin/.rvm/gems/ruby-2.2.1/gems/actionpack-4.0.0.rc1/lib/action_dispatch/middleware/templates/rescues/_trace.erb (2.0ms)
  Rendered /Users/petershin/.rvm/gems/ruby-2.2.1/gems/actionpack-4.0.0.rc1/lib/action_dispatch/middleware/templates/rescues/_request_and_response.erb (1.0ms)
  Rendered /Users/petershin/.rvm/gems/ruby-2.2.1/gems/actionpack-4.0.0.rc1/lib/action_dispatch/middleware/templates/rescues/template_error.erb within rescues/layout (35.5ms)


Started GET "/" for 127.0.0.1 at 2016-01-05 19:48:11 -0800
Processing by ShirtsController#index as HTML
  [1m[35mShirt Load (0.4ms)[0m  SELECT "shirts".* FROM "shirts" WHERE (title LIKE '%%' OR description LIKE '%%')
SQLite3::SQLException: no such column: title: SELECT "shirts".* FROM "shirts"  WHERE (title LIKE '%%' OR description LIKE '%%')
  Rendered shirts/_list.html.erb (3.1ms)
  Rendered shirts/index.html.erb within layouts/application (6.1ms)
Completed 500 Internal Server Error in 10ms

ActionView::Template::Error (SQLite3::SQLException: no such column: title: SELECT "shirts".* FROM "shirts"  WHERE (title LIKE '%%' OR description LIKE '%%')):
    1: <% @shirts.each do |shirt| %>
    2:   <section>
    3:     <h3><%= link_to shirt.name, shirt_path(shirt.id) %></h3>
    4:     <p>
  app/views/shirts/_list.html.erb:1:in `_app_views_shirts__list_html_erb__4403815150586361784_70254683463880'
  app/views/shirts/index.html.erb:13:in `_app_views_shirts_index_html_erb___3788699049037626535_70254683912680'


  Rendered /Users/petershin/.rvm/gems/ruby-2.2.1/gems/actionpack-4.0.0.rc1/lib/action_dispatch/middleware/templates/rescues/_trace.erb (1.4ms)
  Rendered /Users/petershin/.rvm/gems/ruby-2.2.1/gems/actionpack-4.0.0.rc1/lib/action_dispatch/middleware/templates/rescues/_request_and_response.erb (0.8ms)
  Rendered /Users/petershin/.rvm/gems/ruby-2.2.1/gems/actionpack-4.0.0.rc1/lib/action_dispatch/middleware/templates/rescues/template_error.erb within rescues/layout (28.3ms)


Started GET "/" for 127.0.0.1 at 2016-01-05 19:48:46 -0800
Processing by ShirtsController#index as HTML
  [1m[36mShirt Load (0.2ms)[0m  [1mSELECT "shirts".* FROM "shirts"[0m
  Rendered shirts/_list.html.erb (100.6ms)
  Rendered shirts/index.html.erb within layouts/application (102.3ms)
Completed 200 OK in 110ms (Views: 107.1ms | ActiveRecord: 0.6ms)


Started GET "/assets/application.css?body=1" for 127.0.0.1 at 2016-01-05 19:48:47 -0800


Started GET "/assets/shirts.css?body=1" for 127.0.0.1 at 2016-01-05 19:48:47 -0800


Started GET "/assets/shirts.js?body=1" for 127.0.0.1 at 2016-01-05 19:48:47 -0800


Started GET "/assets/turbolinks.js?body=1" for 127.0.0.1 at 2016-01-05 19:48:47 -0800


Started GET "/assets/rushed_to_market.png" for 127.0.0.1 at 2016-01-05 19:48:47 -0800


Started GET "/assets/jquery_ujs.js?body=1" for 127.0.0.1 at 2016-01-05 19:48:47 -0800


Started GET "/assets/application.js?body=1" for 127.0.0.1 at 2016-01-05 19:48:47 -0800


Started GET "/assets/jquery.js?body=1" for 127.0.0.1 at 2016-01-05 19:48:47 -0800


Started GET "/assets/darwins_delight.png" for 127.0.0.1 at 2016-01-05 19:48:47 -0800


Started GET "/assets/victory_through_chaos.png" for 127.0.0.1 at 2016-01-05 19:48:47 -0800


Started GET "/assets/console_wars.png" for 127.0.0.1 at 2016-01-05 19:48:47 -0800


Started GET "/assets/shoot_first.png" for 127.0.0.1 at 2016-01-05 19:48:47 -0800


Started GET "/assets/i_quit.png" for 127.0.0.1 at 2016-01-05 19:48:47 -0800


Started GET "/assets/family_breakfast.png" for 127.0.0.1 at 2016-01-05 19:48:47 -0800


Started GET "/assets/downtime.png" for 127.0.0.1 at 2016-01-05 19:48:47 -0800


Started GET "/assets/music_pirate.png" for 127.0.0.1 at 2016-01-05 19:48:47 -0800


Started GET "/assets/my_morning_sidekick.png" for 127.0.0.1 at 2016-01-05 19:48:47 -0800


Started GET "/assets/leonardo.png" for 127.0.0.1 at 2016-01-05 19:48:47 -0800


Started GET "/assets/casual_friday.png" for 127.0.0.1 at 2016-01-05 19:48:47 -0800


Started GET "/assets/wet_slippery_when.png" for 127.0.0.1 at 2016-01-05 19:48:47 -0800


Started GET "/assets/blending_in.png" for 127.0.0.1 at 2016-01-05 19:48:47 -0800


Started GET "/assets/the_binge.png" for 127.0.0.1 at 2016-01-05 19:48:47 -0800


Started GET "/assets/motivation.png" for 127.0.0.1 at 2016-01-05 19:48:47 -0800


Started GET "/assets/winners_at_life.png" for 127.0.0.1 at 2016-01-05 19:48:47 -0800


Started GET "/assets/halfing_height_requirement.png" for 127.0.0.1 at 2016-01-05 19:48:47 -0800


Started GET "/assets/the_last_one.png" for 127.0.0.1 at 2016-01-05 19:48:47 -0800


Started GET "/assets/panda_pirate.png" for 127.0.0.1 at 2016-01-05 19:48:47 -0800


Started GET "/" for 127.0.0.1 at 2016-01-05 19:49:38 -0800
Processing by ShirtsController#index as HTML
  [1m[35mShirt Load (0.2ms)[0m  SELECT "shirts".* FROM "shirts" WHERE (title LIKE '%%' OR description LIKE '%%')
SQLite3::SQLException: no such column: title: SELECT "shirts".* FROM "shirts"  WHERE (title LIKE '%%' OR description LIKE '%%')
  Rendered shirts/_list.html.erb (1.8ms)
  Rendered shirts/index.html.erb within layouts/application (3.3ms)
Completed 500 Internal Server Error in 9ms

ActionView::Template::Error (SQLite3::SQLException: no such column: title: SELECT "shirts".* FROM "shirts"  WHERE (title LIKE '%%' OR description LIKE '%%')):
    1: <% @shirts.each do |shirt| %>
    2:   <section>
    3:     <h3><%= link_to shirt.name, shirt_path(shirt.id) %></h3>
    4:     <p>
  app/views/shirts/_list.html.erb:1:in `_app_views_shirts__list_html_erb__4403815150586361784_70254683463880'
  app/views/shirts/index.html.erb:13:in `_app_views_shirts_index_html_erb___3788699049037626535_70254683912680'


  Rendered /Users/petershin/.rvm/gems/ruby-2.2.1/gems/actionpack-4.0.0.rc1/lib/action_dispatch/middleware/templates/rescues/_trace.erb (2.0ms)
  Rendered /Users/petershin/.rvm/gems/ruby-2.2.1/gems/actionpack-4.0.0.rc1/lib/action_dispatch/middleware/templates/rescues/_request_and_response.erb (0.9ms)
  Rendered /Users/petershin/.rvm/gems/ruby-2.2.1/gems/actionpack-4.0.0.rc1/lib/action_dispatch/middleware/templates/rescues/template_error.erb within rescues/layout (31.0ms)


Started GET "/" for 127.0.0.1 at 2016-01-05 19:50:23 -0800
Processing by ShirtsController#index as HTML
  [1m[36mShirt Load (0.5ms)[0m  [1mSELECT "shirts".* FROM "shirts"[0m
  Rendered shirts/_list.html.erb (16.8ms)
  Rendered shirts/index.html.erb within layouts/application (20.9ms)
Completed 200 OK in 28ms (Views: 25.6ms | ActiveRecord: 0.8ms)


Started GET "/assets/shirts.css?body=1" for 127.0.0.1 at 2016-01-05 19:50:23 -0800


Started GET "/assets/jquery.js?body=1" for 127.0.0.1 at 2016-01-05 19:50:23 -0800


Started GET "/assets/jquery_ujs.js?body=1" for 127.0.0.1 at 2016-01-05 19:50:23 -0800


Started GET "/assets/application.js?body=1" for 127.0.0.1 at 2016-01-05 19:50:23 -0800


Started GET "/assets/turbolinks.js?body=1" for 127.0.0.1 at 2016-01-05 19:50:23 -0800


Started GET "/assets/shirts.js?body=1" for 127.0.0.1 at 2016-01-05 19:50:23 -0800


Started GET "/assets/application.css?body=1" for 127.0.0.1 at 2016-01-05 19:50:23 -0800


Started GET "/assets/rushed_to_market.png" for 127.0.0.1 at 2016-01-05 19:50:23 -0800


Started GET "/assets/darwins_delight.png" for 127.0.0.1 at 2016-01-05 19:50:23 -0800


Started GET "/assets/console_wars.png" for 127.0.0.1 at 2016-01-05 19:50:23 -0800


Started GET "/assets/downtime.png" for 127.0.0.1 at 2016-01-05 19:50:23 -0800


Started GET "/assets/i_quit.png" for 127.0.0.1 at 2016-01-05 19:50:23 -0800


Started GET "/assets/shoot_first.png" for 127.0.0.1 at 2016-01-05 19:50:23 -0800


Started GET "/assets/victory_through_chaos.png" for 127.0.0.1 at 2016-01-05 19:50:23 -0800


Started GET "/assets/family_breakfast.png" for 127.0.0.1 at 2016-01-05 19:50:23 -0800


Started GET "/assets/music_pirate.png" for 127.0.0.1 at 2016-01-05 19:50:23 -0800


Started GET "/assets/leonardo.png" for 127.0.0.1 at 2016-01-05 19:50:23 -0800


Started GET "/assets/casual_friday.png" for 127.0.0.1 at 2016-01-05 19:50:23 -0800


Started GET "/assets/wet_slippery_when.png" for 127.0.0.1 at 2016-01-05 19:50:23 -0800


Started GET "/assets/blending_in.png" for 127.0.0.1 at 2016-01-05 19:50:23 -0800


Started GET "/assets/the_binge.png" for 127.0.0.1 at 2016-01-05 19:50:23 -0800


Started GET "/assets/my_morning_sidekick.png" for 127.0.0.1 at 2016-01-05 19:50:23 -0800


Started GET "/assets/winners_at_life.png" for 127.0.0.1 at 2016-01-05 19:50:23 -0800


Started GET "/assets/halfing_height_requirement.png" for 127.0.0.1 at 2016-01-05 19:50:23 -0800


Started GET "/assets/motivation.png" for 127.0.0.1 at 2016-01-05 19:50:23 -0800


Started GET "/assets/panda_pirate.png" for 127.0.0.1 at 2016-01-05 19:50:23 -0800


Started GET "/assets/the_last_one.png" for 127.0.0.1 at 2016-01-05 19:50:23 -0800


Started GET "/?utf8=%E2%9C%93&q=down&commit=Search" for 127.0.0.1 at 2016-01-05 19:50:27 -0800
Processing by ShirtsController#index as HTML
  Parameters: {"utf8"=>"✓", "q"=>"down", "commit"=>"Search"}
  [1m[35mShirt Load (0.3ms)[0m  SELECT "shirts".* FROM "shirts"
  Rendered shirts/_list.html.erb (5.5ms)
  Rendered shirts/index.html.erb within layouts/application (7.0ms)
Completed 200 OK in 14ms (Views: 11.7ms | ActiveRecord: 0.3ms)


Started GET "/assets/shirts.css?body=1" for 127.0.0.1 at 2016-01-05 19:50:27 -0800


Started GET "/assets/application.css?body=1" for 127.0.0.1 at 2016-01-05 19:50:27 -0800


Started GET "/assets/shirts.js?body=1" for 127.0.0.1 at 2016-01-05 19:50:27 -0800


Started GET "/assets/turbolinks.js?body=1" for 127.0.0.1 at 2016-01-05 19:50:27 -0800


Started GET "/assets/jquery.js?body=1" for 127.0.0.1 at 2016-01-05 19:50:27 -0800


Started GET "/assets/jquery_ujs.js?body=1" for 127.0.0.1 at 2016-01-05 19:50:27 -0800


Started GET "/assets/application.js?body=1" for 127.0.0.1 at 2016-01-05 19:50:27 -0800


Started GET "/assets/rushed_to_market.png" for 127.0.0.1 at 2016-01-05 19:50:27 -0800


Started GET "/assets/darwins_delight.png" for 127.0.0.1 at 2016-01-05 19:50:27 -0800


Started GET "/assets/i_quit.png" for 127.0.0.1 at 2016-01-05 19:50:27 -0800


Started GET "/assets/console_wars.png" for 127.0.0.1 at 2016-01-05 19:50:27 -0800


Started GET "/assets/family_breakfast.png" for 127.0.0.1 at 2016-01-05 19:50:27 -0800


Started GET "/assets/victory_through_chaos.png" for 127.0.0.1 at 2016-01-05 19:50:27 -0800


Started GET "/assets/downtime.png" for 127.0.0.1 at 2016-01-05 19:50:27 -0800


Started GET "/assets/shoot_first.png" for 127.0.0.1 at 2016-01-05 19:50:27 -0800


Started GET "/assets/music_pirate.png" for 127.0.0.1 at 2016-01-05 19:50:27 -0800


Started GET "/assets/leonardo.png" for 127.0.0.1 at 2016-01-05 19:50:27 -0800


Started GET "/assets/wet_slippery_when.png" for 127.0.0.1 at 2016-01-05 19:50:27 -0800


Started GET "/assets/my_morning_sidekick.png" for 127.0.0.1 at 2016-01-05 19:50:27 -0800


Started GET "/assets/blending_in.png" for 127.0.0.1 at 2016-01-05 19:50:27 -0800


Started GET "/assets/casual_friday.png" for 127.0.0.1 at 2016-01-05 19:50:27 -0800


Started GET "/assets/the_binge.png" for 127.0.0.1 at 2016-01-05 19:50:27 -0800


Started GET "/assets/winners_at_life.png" for 127.0.0.1 at 2016-01-05 19:50:27 -0800


Started GET "/assets/halfing_height_requirement.png" for 127.0.0.1 at 2016-01-05 19:50:27 -0800


Started GET "/assets/motivation.png" for 127.0.0.1 at 2016-01-05 19:50:27 -0800


Started GET "/assets/the_last_one.png" for 127.0.0.1 at 2016-01-05 19:50:27 -0800


Started GET "/assets/panda_pirate.png" for 127.0.0.1 at 2016-01-05 19:50:27 -0800


Started GET "/" for 127.0.0.1 at 2016-01-05 19:51:23 -0800
Processing by ShirtsController#index as HTML
  Rendered shirts/_list.html.erb (1.2ms)
  Rendered shirts/index.html.erb within layouts/application (2.9ms)
Completed 500 Internal Server Error in 9ms

ActionView::Template::Error (undefined method `each' for nil:NilClass):
    1: <% @shirts.each do |shirt| %>
    2:   <section>
    3:     <h3><%= link_to shirt.name, shirt_path(shirt.id) %></h3>
    4:     <p>
  app/views/shirts/_list.html.erb:1:in `_app_views_shirts__list_html_erb__4403815150586361784_70254683463880'
  app/views/shirts/index.html.erb:13:in `_app_views_shirts_index_html_erb___3788699049037626535_70254709639340'


  Rendered /Users/petershin/.rvm/gems/ruby-2.2.1/gems/actionpack-4.0.0.rc1/lib/action_dispatch/middleware/templates/rescues/_trace.erb (1.3ms)
  Rendered /Users/petershin/.rvm/gems/ruby-2.2.1/gems/actionpack-4.0.0.rc1/lib/action_dispatch/middleware/templates/rescues/_request_and_response.erb (1.3ms)
  Rendered /Users/petershin/.rvm/gems/ruby-2.2.1/gems/actionpack-4.0.0.rc1/lib/action_dispatch/middleware/templates/rescues/template_error.erb within rescues/layout (30.8ms)


Started GET "/" for 127.0.0.1 at 2016-01-05 19:51:23 -0800
Processing by ShirtsController#index as HTML
  Rendered shirts/_list.html.erb (1.5ms)
  Rendered shirts/index.html.erb within layouts/application (3.2ms)
Completed 500 Internal Server Error in 9ms

ActionView::Template::Error (undefined method `each' for nil:NilClass):
    1: <% @shirts.each do |shirt| %>
    2:   <section>
    3:     <h3><%= link_to shirt.name, shirt_path(shirt.id) %></h3>
    4:     <p>
  app/views/shirts/_list.html.erb:1:in `_app_views_shirts__list_html_erb__4403815150586361784_70254683463880'
  app/views/shirts/index.html.erb:13:in `_app_views_shirts_index_html_erb___3788699049037626535_70254709639340'


  Rendered /Users/petershin/.rvm/gems/ruby-2.2.1/gems/actionpack-4.0.0.rc1/lib/action_dispatch/middleware/templates/rescues/_trace.erb (1.1ms)
  Rendered /Users/petershin/.rvm/gems/ruby-2.2.1/gems/actionpack-4.0.0.rc1/lib/action_dispatch/middleware/templates/rescues/_request_and_response.erb (0.9ms)
  Rendered /Users/petershin/.rvm/gems/ruby-2.2.1/gems/actionpack-4.0.0.rc1/lib/action_dispatch/middleware/templates/rescues/template_error.erb within rescues/layout (29.2ms)


Started GET "/" for 127.0.0.1 at 2016-01-05 19:51:49 -0800
Processing by ShirtsController#index as HTML
  Rendered shirts/_list.html.erb (10.6ms)
  Rendered shirts/index.html.erb within layouts/application (12.1ms)
Completed 500 Internal Server Error in 17ms

ActionView::Template::Error (undefined method `each' for #<Shirt:0x007fcae6209e38>):
    1: <% @shirts.each do |shirt| %>
    2:   <section>
    3:     <h3><%= link_to shirt.name, shirt_path(shirt.id) %></h3>
    4:     <p>
  app/views/shirts/_list.html.erb:1:in `_app_views_shirts__list_html_erb__4403815150586361784_70254683463880'
  app/views/shirts/index.html.erb:13:in `_app_views_shirts_index_html_erb___3788699049037626535_70254709639340'


  Rendered /Users/petershin/.rvm/gems/ruby-2.2.1/gems/actionpack-4.0.0.rc1/lib/action_dispatch/middleware/templates/rescues/_trace.erb (1.0ms)
  Rendered /Users/petershin/.rvm/gems/ruby-2.2.1/gems/actionpack-4.0.0.rc1/lib/action_dispatch/middleware/templates/rescues/_request_and_response.erb (0.9ms)
  Rendered /Users/petershin/.rvm/gems/ruby-2.2.1/gems/actionpack-4.0.0.rc1/lib/action_dispatch/middleware/templates/rescues/template_error.erb within rescues/layout (31.7ms)


Started GET "/" for 127.0.0.1 at 2016-01-05 19:51:50 -0800
Processing by ShirtsController#index as HTML
  Rendered shirts/_list.html.erb (1.2ms)
  Rendered shirts/index.html.erb within layouts/application (2.7ms)
Completed 500 Internal Server Error in 7ms

ActionView::Template::Error (undefined method `each' for #<Shirt:0x007fcae2ebe8d0>):
    1: <% @shirts.each do |shirt| %>
    2:   <section>
    3:     <h3><%= link_to shirt.name, shirt_path(shirt.id) %></h3>
    4:     <p>
  app/views/shirts/_list.html.erb:1:in `_app_views_shirts__list_html_erb__4403815150586361784_70254683463880'
  app/views/shirts/index.html.erb:13:in `_app_views_shirts_index_html_erb___3788699049037626535_70254709639340'


  Rendered /Users/petershin/.rvm/gems/ruby-2.2.1/gems/actionpack-4.0.0.rc1/lib/action_dispatch/middleware/templates/rescues/_trace.erb (1.0ms)
  Rendered /Users/petershin/.rvm/gems/ruby-2.2.1/gems/actionpack-4.0.0.rc1/lib/action_dispatch/middleware/templates/rescues/_request_and_response.erb (0.8ms)
  Rendered /Users/petershin/.rvm/gems/ruby-2.2.1/gems/actionpack-4.0.0.rc1/lib/action_dispatch/middleware/templates/rescues/template_error.erb within rescues/layout (25.3ms)


Started GET "/" for 127.0.0.1 at 2016-01-05 19:51:58 -0800
Processing by ShirtsController#index as HTML
  [1m[36mShirt Load (0.2ms)[0m  [1mSELECT "shirts".* FROM "shirts"[0m
  Rendered shirts/_list.html.erb (18.9ms)
  Rendered shirts/index.html.erb within layouts/application (21.7ms)
Completed 200 OK in 30ms (Views: 27.5ms | ActiveRecord: 0.5ms)


Started GET "/assets/application.css?body=1" for 127.0.0.1 at 2016-01-05 19:51:58 -0800


Started GET "/assets/jquery_ujs.js?body=1" for 127.0.0.1 at 2016-01-05 19:51:58 -0800


Started GET "/assets/jquery.js?body=1" for 127.0.0.1 at 2016-01-05 19:51:58 -0800


Started GET "/assets/shirts.css?body=1" for 127.0.0.1 at 2016-01-05 19:51:58 -0800


Started GET "/assets/turbolinks.js?body=1" for 127.0.0.1 at 2016-01-05 19:51:58 -0800


Started GET "/assets/shirts.js?body=1" for 127.0.0.1 at 2016-01-05 19:51:58 -0800


Started GET "/assets/application.js?body=1" for 127.0.0.1 at 2016-01-05 19:51:58 -0800


Started GET "/assets/rushed_to_market.png" for 127.0.0.1 at 2016-01-05 19:51:58 -0800


Started GET "/assets/darwins_delight.png" for 127.0.0.1 at 2016-01-05 19:51:58 -0800


Started GET "/assets/downtime.png" for 127.0.0.1 at 2016-01-05 19:51:58 -0800


Started GET "/assets/i_quit.png" for 127.0.0.1 at 2016-01-05 19:51:58 -0800


Started GET "/assets/console_wars.png" for 127.0.0.1 at 2016-01-05 19:51:58 -0800


Started GET "/assets/family_breakfast.png" for 127.0.0.1 at 2016-01-05 19:51:58 -0800


Started GET "/assets/shoot_first.png" for 127.0.0.1 at 2016-01-05 19:51:58 -0800


Started GET "/assets/music_pirate.png" for 127.0.0.1 at 2016-01-05 19:51:58 -0800


Started GET "/assets/victory_through_chaos.png" for 127.0.0.1 at 2016-01-05 19:51:58 -0800


Started GET "/assets/leonardo.png" for 127.0.0.1 at 2016-01-05 19:51:58 -0800


Started GET "/assets/my_morning_sidekick.png" for 127.0.0.1 at 2016-01-05 19:51:58 -0800


Started GET "/assets/casual_friday.png" for 127.0.0.1 at 2016-01-05 19:51:58 -0800


Started GET "/assets/wet_slippery_when.png" for 127.0.0.1 at 2016-01-05 19:51:58 -0800


Started GET "/assets/blending_in.png" for 127.0.0.1 at 2016-01-05 19:51:58 -0800


Started GET "/assets/the_binge.png" for 127.0.0.1 at 2016-01-05 19:51:58 -0800


Started GET "/assets/motivation.png" for 127.0.0.1 at 2016-01-05 19:51:58 -0800


Started GET "/assets/panda_pirate.png" for 127.0.0.1 at 2016-01-05 19:51:58 -0800


Started GET "/assets/winners_at_life.png" for 127.0.0.1 at 2016-01-05 19:51:58 -0800


Started GET "/assets/halfing_height_requirement.png" for 127.0.0.1 at 2016-01-05 19:51:58 -0800


Started GET "/assets/the_last_one.png" for 127.0.0.1 at 2016-01-05 19:51:58 -0800


Started GET "/" for 127.0.0.1 at 2016-01-05 19:52:05 -0800
Processing by ShirtsController#index as HTML
  [1m[35mShirt Load (0.3ms)[0m  SELECT "shirts".* FROM "shirts" WHERE (title LIKE '%%' OR description LIKE '%%')
SQLite3::SQLException: no such column: title: SELECT "shirts".* FROM "shirts"  WHERE (title LIKE '%%' OR description LIKE '%%')
  Rendered shirts/_list.html.erb (1.7ms)
  Rendered shirts/index.html.erb within layouts/application (3.2ms)
Completed 500 Internal Server Error in 8ms

ActionView::Template::Error (SQLite3::SQLException: no such column: title: SELECT "shirts".* FROM "shirts"  WHERE (title LIKE '%%' OR description LIKE '%%')):
    1: <% @shirts.each do |shirt| %>
    2:   <section>
    3:     <h3><%= link_to shirt.name, shirt_path(shirt.id) %></h3>
    4:     <p>
  app/views/shirts/_list.html.erb:1:in `_app_views_shirts__list_html_erb__4403815150586361784_70254683463880'
  app/views/shirts/index.html.erb:13:in `_app_views_shirts_index_html_erb___3788699049037626535_70254709639340'


  Rendered /Users/petershin/.rvm/gems/ruby-2.2.1/gems/actionpack-4.0.0.rc1/lib/action_dispatch/middleware/templates/rescues/_trace.erb (1.1ms)
  Rendered /Users/petershin/.rvm/gems/ruby-2.2.1/gems/actionpack-4.0.0.rc1/lib/action_dispatch/middleware/templates/rescues/_request_and_response.erb (0.9ms)
  Rendered /Users/petershin/.rvm/gems/ruby-2.2.1/gems/actionpack-4.0.0.rc1/lib/action_dispatch/middleware/templates/rescues/template_error.erb within rescues/layout (26.5ms)


Started GET "/" for 127.0.0.1 at 2016-01-05 19:54:53 -0800
Processing by ShirtsController#index as HTML
  [1m[36mShirt Load (0.3ms)[0m  [1mSELECT "shirts".* FROM "shirts" WHERE (title LIKE '%%' OR description LIKE '%%')[0m
SQLite3::SQLException: no such column: title: SELECT "shirts".* FROM "shirts"  WHERE (title LIKE '%%' OR description LIKE '%%')
  Rendered shirts/_list.html.erb (1.7ms)
  Rendered shirts/index.html.erb within layouts/application (3.2ms)
Completed 500 Internal Server Error in 8ms

ActionView::Template::Error (SQLite3::SQLException: no such column: title: SELECT "shirts".* FROM "shirts"  WHERE (title LIKE '%%' OR description LIKE '%%')):
    1: <% @shirts.each do |shirt| %>
    2:   <section>
    3:     <h3><%= link_to shirt.name, shirt_path(shirt.id) %></h3>
    4:     <p>
  app/views/shirts/_list.html.erb:1:in `_app_views_shirts__list_html_erb__4403815150586361784_70254683463880'
  app/views/shirts/index.html.erb:13:in `_app_views_shirts_index_html_erb___3788699049037626535_70254709639340'


  Rendered /Users/petershin/.rvm/gems/ruby-2.2.1/gems/actionpack-4.0.0.rc1/lib/action_dispatch/middleware/templates/rescues/_trace.erb (1.3ms)
  Rendered /Users/petershin/.rvm/gems/ruby-2.2.1/gems/actionpack-4.0.0.rc1/lib/action_dispatch/middleware/templates/rescues/_request_and_response.erb (0.9ms)
  Rendered /Users/petershin/.rvm/gems/ruby-2.2.1/gems/actionpack-4.0.0.rc1/lib/action_dispatch/middleware/templates/rescues/template_error.erb within rescues/layout (29.8ms)


Started GET "/" for 127.0.0.1 at 2016-01-05 19:54:56 -0800
Processing by ShirtsController#index as HTML
  [1m[35mShirt Load (0.2ms)[0m  SELECT "shirts".* FROM "shirts" WHERE (title LIKE '%%' OR description LIKE '%%')
SQLite3::SQLException: no such column: title: SELECT "shirts".* FROM "shirts"  WHERE (title LIKE '%%' OR description LIKE '%%')
  Rendered shirts/_list.html.erb (1.7ms)
  Rendered shirts/index.html.erb within layouts/application (3.3ms)
Completed 500 Internal Server Error in 7ms

ActionView::Template::Error (SQLite3::SQLException: no such column: title: SELECT "shirts".* FROM "shirts"  WHERE (title LIKE '%%' OR description LIKE '%%')):
    1: <% @shirts.each do |shirt| %>
    2:   <section>
    3:     <h3><%= link_to shirt.name, shirt_path(shirt.id) %></h3>
    4:     <p>
  app/views/shirts/_list.html.erb:1:in `_app_views_shirts__list_html_erb__4403815150586361784_70254683463880'
  app/views/shirts/index.html.erb:13:in `_app_views_shirts_index_html_erb___3788699049037626535_70254709639340'


  Rendered /Users/petershin/.rvm/gems/ruby-2.2.1/gems/actionpack-4.0.0.rc1/lib/action_dispatch/middleware/templates/rescues/_trace.erb (1.1ms)
  Rendered /Users/petershin/.rvm/gems/ruby-2.2.1/gems/actionpack-4.0.0.rc1/lib/action_dispatch/middleware/templates/rescues/_request_and_response.erb (0.9ms)
  Rendered /Users/petershin/.rvm/gems/ruby-2.2.1/gems/actionpack-4.0.0.rc1/lib/action_dispatch/middleware/templates/rescues/template_error.erb within rescues/layout (26.8ms)


Started GET "/" for 127.0.0.1 at 2016-01-05 19:55:43 -0800
Processing by ShirtsController#index as HTML
  [1m[36mShirt Load (0.2ms)[0m  [1mSELECT "shirts".* FROM "shirts" WHERE (name LIKE '%%' OR description LIKE '%%')[0m
  Rendered shirts/_list.html.erb (16.0ms)
  Rendered shirts/index.html.erb within layouts/application (17.9ms)
Completed 200 OK in 25ms (Views: 21.9ms | ActiveRecord: 0.7ms)


Started GET "/assets/shirts.css?body=1" for 127.0.0.1 at 2016-01-05 19:55:43 -0800


Started GET "/assets/jquery.js?body=1" for 127.0.0.1 at 2016-01-05 19:55:43 -0800


Started GET "/assets/shirts.js?body=1" for 127.0.0.1 at 2016-01-05 19:55:43 -0800


Started GET "/assets/application.css?body=1" for 127.0.0.1 at 2016-01-05 19:55:43 -0800


Started GET "/assets/jquery_ujs.js?body=1" for 127.0.0.1 at 2016-01-05 19:55:43 -0800


Started GET "/assets/rushed_to_market.png" for 127.0.0.1 at 2016-01-05 19:55:43 -0800


Started GET "/assets/application.js?body=1" for 127.0.0.1 at 2016-01-05 19:55:43 -0800


Started GET "/assets/darwins_delight.png" for 127.0.0.1 at 2016-01-05 19:55:43 -0800


Started GET "/assets/turbolinks.js?body=1" for 127.0.0.1 at 2016-01-05 19:55:43 -0800


Started GET "/assets/victory_through_chaos.png" for 127.0.0.1 at 2016-01-05 19:55:43 -0800


Started GET "/assets/console_wars.png" for 127.0.0.1 at 2016-01-05 19:55:43 -0800


Started GET "/assets/downtime.png" for 127.0.0.1 at 2016-01-05 19:55:43 -0800


Started GET "/assets/music_pirate.png" for 127.0.0.1 at 2016-01-05 19:55:43 -0800


Started GET "/assets/family_breakfast.png" for 127.0.0.1 at 2016-01-05 19:55:43 -0800


Started GET "/assets/leonardo.png" for 127.0.0.1 at 2016-01-05 19:55:43 -0800


Started GET "/assets/shoot_first.png" for 127.0.0.1 at 2016-01-05 19:55:43 -0800


Started GET "/assets/i_quit.png" for 127.0.0.1 at 2016-01-05 19:55:43 -0800


Started GET "/assets/my_morning_sidekick.png" for 127.0.0.1 at 2016-01-05 19:55:43 -0800


Started GET "/assets/casual_friday.png" for 127.0.0.1 at 2016-01-05 19:55:43 -0800


Started GET "/assets/wet_slippery_when.png" for 127.0.0.1 at 2016-01-05 19:55:43 -0800


Started GET "/assets/blending_in.png" for 127.0.0.1 at 2016-01-05 19:55:43 -0800


Started GET "/assets/the_binge.png" for 127.0.0.1 at 2016-01-05 19:55:43 -0800


Started GET "/assets/motivation.png" for 127.0.0.1 at 2016-01-05 19:55:43 -0800


Started GET "/assets/winners_at_life.png" for 127.0.0.1 at 2016-01-05 19:55:43 -0800


Started GET "/assets/halfing_height_requirement.png" for 127.0.0.1 at 2016-01-05 19:55:43 -0800


Started GET "/assets/the_last_one.png" for 127.0.0.1 at 2016-01-05 19:55:43 -0800


Started GET "/assets/panda_pirate.png" for 127.0.0.1 at 2016-01-05 19:55:43 -0800


Started GET "/?utf8=%E2%9C%93&q=DOWN&commit=Search" for 127.0.0.1 at 2016-01-05 19:55:49 -0800
Processing by ShirtsController#index as HTML
  Parameters: {"utf8"=>"✓", "q"=>"DOWN", "commit"=>"Search"}
  [1m[35mShirt Load (0.4ms)[0m  SELECT "shirts".* FROM "shirts" WHERE (name LIKE '%DOWN%' OR description LIKE '%DOWN%')
  Rendered shirts/_list.html.erb (3.1ms)
  Rendered shirts/index.html.erb within layouts/application (5.4ms)
Completed 200 OK in 13ms (Views: 12.1ms | ActiveRecord: 0.4ms)


Started GET "/assets/turbolinks.js?body=1" for 127.0.0.1 at 2016-01-05 19:55:49 -0800


Started GET "/assets/application.css?body=1" for 127.0.0.1 at 2016-01-05 19:55:49 -0800


Started GET "/assets/jquery_ujs.js?body=1" for 127.0.0.1 at 2016-01-05 19:55:49 -0800


Started GET "/assets/jquery.js?body=1" for 127.0.0.1 at 2016-01-05 19:55:49 -0800


Started GET "/assets/shirts.css?body=1" for 127.0.0.1 at 2016-01-05 19:55:49 -0800


Started GET "/assets/shirts.js?body=1" for 127.0.0.1 at 2016-01-05 19:55:49 -0800


Started GET "/assets/application.js?body=1" for 127.0.0.1 at 2016-01-05 19:55:49 -0800


Started GET "/assets/downtime.png" for 127.0.0.1 at 2016-01-05 19:55:49 -0800


Started GET "/shirts/new" for 127.0.0.1 at 2016-01-05 20:02:40 -0800
Processing by ShirtsController#new as HTML
  Rendered shirts/_list.html.erb (2.5ms)
  Rendered shirts/new.html.erb within layouts/application (4.8ms)
Completed 500 Internal Server Error in 10ms

ActionView::Template::Error (undefined method `each' for nil:NilClass):
    1: <% @shirts.each do |shirt| %>
    2:   <section>
    3:     <h3><%= link_to shirt.name, shirt_path(shirt.id) %></h3>
    4:     <p>
  app/views/shirts/_list.html.erb:1:in `_app_views_shirts__list_html_erb__4403815150586361784_70254682585140'
  app/views/shirts/new.html.erb:3:in `_app_views_shirts_new_html_erb__4507324431508274538_70254683103860'


  Rendered /Users/petershin/.rvm/gems/ruby-2.2.1/gems/actionpack-4.0.0.rc1/lib/action_dispatch/middleware/templates/rescues/_trace.erb (6.7ms)
  Rendered /Users/petershin/.rvm/gems/ruby-2.2.1/gems/actionpack-4.0.0.rc1/lib/action_dispatch/middleware/templates/rescues/_request_and_response.erb (1.0ms)
  Rendered /Users/petershin/.rvm/gems/ruby-2.2.1/gems/actionpack-4.0.0.rc1/lib/action_dispatch/middleware/templates/rescues/template_error.erb within rescues/layout (38.3ms)


Started GET "/shirts/new" for 127.0.0.1 at 2016-01-05 20:02:40 -0800
Processing by ShirtsController#new as HTML
  Rendered shirts/_list.html.erb (1.6ms)
  Rendered shirts/new.html.erb within layouts/application (2.6ms)
Completed 500 Internal Server Error in 6ms

ActionView::Template::Error (undefined method `each' for nil:NilClass):
    1: <% @shirts.each do |shirt| %>
    2:   <section>
    3:     <h3><%= link_to shirt.name, shirt_path(shirt.id) %></h3>
    4:     <p>
  app/views/shirts/_list.html.erb:1:in `_app_views_shirts__list_html_erb__4403815150586361784_70254710375920'
  app/views/shirts/new.html.erb:3:in `_app_views_shirts_new_html_erb__4507324431508274538_70254684773240'


  Rendered /Users/petershin/.rvm/gems/ruby-2.2.1/gems/actionpack-4.0.0.rc1/lib/action_dispatch/middleware/templates/rescues/_trace.erb (1.1ms)
  Rendered /Users/petershin/.rvm/gems/ruby-2.2.1/gems/actionpack-4.0.0.rc1/lib/action_dispatch/middleware/templates/rescues/_request_and_response.erb (0.8ms)
  Rendered /Users/petershin/.rvm/gems/ruby-2.2.1/gems/actionpack-4.0.0.rc1/lib/action_dispatch/middleware/templates/rescues/template_error.erb within rescues/layout (26.1ms)


Started GET "/" for 127.0.0.1 at 2016-01-05 20:09:03 -0800
Processing by ShirtsController#index as HTML
  [1m[36mShirt Load (0.3ms)[0m  [1mSELECT "shirts".* FROM "shirts" WHERE (name LIKE '%%' OR description LIKE '%%')[0m
  Rendered shirts/_list.html.erb (6.3ms)
  Rendered shirts/index.html.erb within layouts/application (9.4ms)
Completed 200 OK in 17ms (Views: 15.7ms | ActiveRecord: 0.3ms)


Started GET "/assets/application.css?body=1" for 127.0.0.1 at 2016-01-05 20:09:03 -0800


Started GET "/assets/shirts.css?body=1" for 127.0.0.1 at 2016-01-05 20:09:03 -0800


Started GET "/assets/jquery_ujs.js?body=1" for 127.0.0.1 at 2016-01-05 20:09:03 -0800


Started GET "/assets/shirts.js?body=1" for 127.0.0.1 at 2016-01-05 20:09:03 -0800


Started GET "/assets/jquery.js?body=1" for 127.0.0.1 at 2016-01-05 20:09:03 -0800


Started GET "/assets/turbolinks.js?body=1" for 127.0.0.1 at 2016-01-05 20:09:03 -0800


Started GET "/assets/application.js?body=1" for 127.0.0.1 at 2016-01-05 20:09:03 -0800


Started GET "/assets/rushed_to_market.png" for 127.0.0.1 at 2016-01-05 20:09:03 -0800


Started GET "/assets/darwins_delight.png" for 127.0.0.1 at 2016-01-05 20:09:03 -0800


Started GET "/assets/downtime.png" for 127.0.0.1 at 2016-01-05 20:09:03 -0800


Started GET "/assets/victory_through_chaos.png" for 127.0.0.1 at 2016-01-05 20:09:03 -0800


Started GET "/assets/family_breakfast.png" for 127.0.0.1 at 2016-01-05 20:09:03 -0800


Started GET "/assets/i_quit.png" for 127.0.0.1 at 2016-01-05 20:09:03 -0800


Started GET "/assets/console_wars.png" for 127.0.0.1 at 2016-01-05 20:09:03 -0800


Started GET "/assets/music_pirate.png" for 127.0.0.1 at 2016-01-05 20:09:03 -0800


Started GET "/assets/shoot_first.png" for 127.0.0.1 at 2016-01-05 20:09:03 -0800


Started GET "/assets/leonardo.png" for 127.0.0.1 at 2016-01-05 20:09:03 -0800


Started GET "/assets/my_morning_sidekick.png" for 127.0.0.1 at 2016-01-05 20:09:03 -0800


Started GET "/assets/wet_slippery_when.png" for 127.0.0.1 at 2016-01-05 20:09:03 -0800


Started GET "/assets/casual_friday.png" for 127.0.0.1 at 2016-01-05 20:09:03 -0800


Started GET "/assets/the_binge.png" for 127.0.0.1 at 2016-01-05 20:09:03 -0800


Started GET "/assets/blending_in.png" for 127.0.0.1 at 2016-01-05 20:09:03 -0800


Started GET "/assets/motivation.png" for 127.0.0.1 at 2016-01-05 20:09:03 -0800


Started GET "/assets/the_last_one.png" for 127.0.0.1 at 2016-01-05 20:09:03 -0800


Started GET "/assets/winners_at_life.png" for 127.0.0.1 at 2016-01-05 20:09:03 -0800


Started GET "/assets/halfing_height_requirement.png" for 127.0.0.1 at 2016-01-05 20:09:03 -0800


Started GET "/assets/panda_pirate.png" for 127.0.0.1 at 2016-01-05 20:09:03 -0800


Started GET "/shirts/new" for 127.0.0.1 at 2016-01-05 20:09:57 -0800
Processing by ShirtsController#new as HTML
  Rendered shirts/new.html.erb within layouts/application (35.2ms)
Completed 200 OK in 45ms (Views: 41.8ms | ActiveRecord: 0.4ms)


Started GET "/shirts/new" for 127.0.0.1 at 2016-01-05 20:10:11 -0800
Processing by ShirtsController#new as HTML
  Rendered shirts/new.html.erb within layouts/application (2.9ms)
Completed 200 OK in 9ms (Views: 8.3ms | ActiveRecord: 0.0ms)


Started GET "/assets/jquery.js?body=1" for 127.0.0.1 at 2016-01-05 20:10:11 -0800


Started GET "/assets/shirts.css?body=1" for 127.0.0.1 at 2016-01-05 20:10:11 -0800


Started GET "/assets/turbolinks.js?body=1" for 127.0.0.1 at 2016-01-05 20:10:11 -0800


Started GET "/assets/application.css?body=1" for 127.0.0.1 at 2016-01-05 20:10:11 -0800


Started GET "/assets/jquery_ujs.js?body=1" for 127.0.0.1 at 2016-01-05 20:10:11 -0800


Started GET "/assets/shirts.js?body=1" for 127.0.0.1 at 2016-01-05 20:10:11 -0800


Started GET "/assets/application.js?body=1" for 127.0.0.1 at 2016-01-05 20:10:11 -0800


Started GET "/assets/application.css?body=1" for 127.0.0.1 at 2016-01-05 20:10:26 -0800


Started GET "/assets/shirts.css?body=1" for 127.0.0.1 at 2016-01-05 20:10:26 -0800
  [1m[36mShirt Load (1.3ms)[0m  [1mSELECT "shirts".* FROM "shirts"[0m


Started POST "/shirts" for 127.0.0.1 at 2016-01-05 20:14:18 -0800
Processing by ShirtsController#create as HTML
  Parameters: {"utf8"=>"✓", "authenticity_token"=>"dRCDGvIFvX657rzqbWHOgE6VLeq1ctT2uYHgSZnFEwQ=", "shirt"=>{"name"=>"New Shirt", "description"=>"this is my new shirt", "image"=>""}, "commit"=>"Create Shirt"}
Completed 500 Internal Server Error in 3ms

ActionView::MissingTemplate (Missing template shirts/create, application/create with {:locale=>[:en], :formats=>[:html], :handlers=>[:erb, :builder, :raw, :ruby, :jbuilder, :coffee]}. Searched in:
  * "/Users/petershin/bewd_sf_12/10_Forms/starter_code/ShirtsApp/app/views"
):
  actionpack (4.0.0.rc1) lib/action_view/path_set.rb:46:in `find'
  actionpack (4.0.0.rc1) lib/action_view/lookup_context.rb:114:in `find'
  actionpack (4.0.0.rc1) lib/action_view/renderer/abstract_renderer.rb:18:in `find_template'
  actionpack (4.0.0.rc1) lib/action_view/renderer/template_renderer.rb:35:in `determine_template'
  actionpack (4.0.0.rc1) lib/action_view/renderer/template_renderer.rb:8:in `render'
  actionpack (4.0.0.rc1) lib/action_view/renderer/renderer.rb:42:in `render_template'
  actionpack (4.0.0.rc1) lib/action_view/renderer/renderer.rb:23:in `render'
  actionpack (4.0.0.rc1) lib/abstract_controller/rendering.rb:127:in `_render_template'
  actionpack (4.0.0.rc1) lib/action_controller/metal/streaming.rb:219:in `_render_template'
  actionpack (4.0.0.rc1) lib/abstract_controller/rendering.rb:120:in `render_to_body'
  actionpack (4.0.0.rc1) lib/action_controller/metal/rendering.rb:33:in `render_to_body'
  actionpack (4.0.0.rc1) lib/action_controller/metal/renderers.rb:26:in `render_to_body'
  actionpack (4.0.0.rc1) lib/abstract_controller/rendering.rb:97:in `render'
  actionpack (4.0.0.rc1) lib/action_controller/metal/rendering.rb:16:in `render'
  actionpack (4.0.0.rc1) lib/action_controller/metal/instrumentation.rb:41:in `block (2 levels) in render'
  activesupport (4.0.0.rc1) lib/active_support/core_ext/benchmark.rb:12:in `block in ms'
  /Users/petershin/.rvm/rubies/ruby-2.2.1/lib/ruby/2.2.0/benchmark.rb:303:in `realtime'
  activesupport (4.0.0.rc1) lib/active_support/core_ext/benchmark.rb:12:in `ms'
  actionpack (4.0.0.rc1) lib/action_controller/metal/instrumentation.rb:41:in `block in render'
  actionpack (4.0.0.rc1) lib/action_controller/metal/instrumentation.rb:84:in `cleanup_view_runtime'
  activerecord (4.0.0.rc1) lib/active_record/railties/controller_runtime.rb:25:in `cleanup_view_runtime'
  actionpack (4.0.0.rc1) lib/action_controller/metal/instrumentation.rb:40:in `render'
  actionpack (4.0.0.rc1) lib/action_controller/metal/implicit_render.rb:10:in `default_render'
  actionpack (4.0.0.rc1) lib/action_controller/metal/implicit_render.rb:5:in `send_action'
  actionpack (4.0.0.rc1) lib/abstract_controller/base.rb:189:in `process_action'
  actionpack (4.0.0.rc1) lib/action_controller/metal/rendering.rb:10:in `process_action'
  actionpack (4.0.0.rc1) lib/abstract_controller/callbacks.rb:18:in `block in process_action'
  activesupport (4.0.0.rc1) lib/active_support/callbacks.rb:422:in `_run__2163287890360311057__process_action__callbacks'
  activesupport (4.0.0.rc1) lib/active_support/callbacks.rb:80:in `run_callbacks'
  actionpack (4.0.0.rc1) lib/abstract_controller/callbacks.rb:17:in `process_action'
  actionpack (4.0.0.rc1) lib/action_controller/metal/rescue.rb:29:in `process_action'
  actionpack (4.0.0.rc1) lib/action_controller/metal/instrumentation.rb:31:in `block in process_action'
  activesupport (4.0.0.rc1) lib/active_support/notifications.rb:159:in `block in instrument'
  activesupport (4.0.0.rc1) lib/active_support/notifications/instrumenter.rb:20:in `instrument'
  activesupport (4.0.0.rc1) lib/active_support/notifications.rb:159:in `instrument'
  actionpack (4.0.0.rc1) lib/action_controller/metal/instrumentation.rb:30:in `process_action'
  actionpack (4.0.0.rc1) lib/action_controller/metal/params_wrapper.rb:245:in `process_action'
  activerecord (4.0.0.rc1) lib/active_record/railties/controller_runtime.rb:18:in `process_action'
  actionpack (4.0.0.rc1) lib/abstract_controller/base.rb:136:in `process'
  actionpack (4.0.0.rc1) lib/abstract_controller/rendering.rb:44:in `process'
  actionpack (4.0.0.rc1) lib/action_controller/metal.rb:195:in `dispatch'
  actionpack (4.0.0.rc1) lib/action_controller/metal/rack_delegation.rb:13:in `dispatch'
  actionpack (4.0.0.rc1) lib/action_controller/metal.rb:231:in `block in action'
  actionpack (4.0.0.rc1) lib/action_dispatch/routing/route_set.rb:80:in `call'
  actionpack (4.0.0.rc1) lib/action_dispatch/routing/route_set.rb:80:in `dispatch'
  actionpack (4.0.0.rc1) lib/action_dispatch/routing/route_set.rb:48:in `call'
  actionpack (4.0.0.rc1) lib/action_dispatch/journey/router.rb:71:in `block in call'
  actionpack (4.0.0.rc1) lib/action_dispatch/journey/router.rb:59:in `each'
  actionpack (4.0.0.rc1) lib/action_dispatch/journey/router.rb:59:in `call'
  actionpack (4.0.0.rc1) lib/action_dispatch/routing/route_set.rb:654:in `call'
  rack (1.5.5) lib/rack/etag.rb:23:in `call'
  rack (1.5.5) lib/rack/conditionalget.rb:35:in `call'
  rack (1.5.5) lib/rack/head.rb:11:in `call'
  actionpack (4.0.0.rc1) lib/action_dispatch/middleware/params_parser.rb:27:in `call'
  actionpack (4.0.0.rc1) lib/action_dispatch/middleware/flash.rb:241:in `call'
  rack (1.5.5) lib/rack/session/abstract/id.rb:225:in `context'
  rack (1.5.5) lib/rack/session/abstract/id.rb:220:in `call'
  actionpack (4.0.0.rc1) lib/action_dispatch/middleware/cookies.rb:486:in `call'
  activerecord (4.0.0.rc1) lib/active_record/query_cache.rb:36:in `call'
  activerecord (4.0.0.rc1) lib/active_record/connection_adapters/abstract/connection_pool.rb:626:in `call'
  activerecord (4.0.0.rc1) lib/active_record/migration.rb:366:in `call'
  actionpack (4.0.0.rc1) lib/action_dispatch/middleware/callbacks.rb:29:in `block in call'
  activesupport (4.0.0.rc1) lib/active_support/callbacks.rb:392:in `_run__4044388691334263090__call__callbacks'
  activesupport (4.0.0.rc1) lib/active_support/callbacks.rb:80:in `run_callbacks'
  actionpack (4.0.0.rc1) lib/action_dispatch/middleware/callbacks.rb:27:in `call'
  actionpack (4.0.0.rc1) lib/action_dispatch/middleware/reloader.rb:64:in `call'
  actionpack (4.0.0.rc1) lib/action_dispatch/middleware/remote_ip.rb:76:in `call'
  actionpack (4.0.0.rc1) lib/action_dispatch/middleware/debug_exceptions.rb:17:in `call'
  actionpack (4.0.0.rc1) lib/action_dispatch/middleware/show_exceptions.rb:30:in `call'
  railties (4.0.0.rc1) lib/rails/rack/logger.rb:38:in `call_app'
  railties (4.0.0.rc1) lib/rails/rack/logger.rb:21:in `block in call'
  activesupport (4.0.0.rc1) lib/active_support/tagged_logging.rb:67:in `block in tagged'
  activesupport (4.0.0.rc1) lib/active_support/tagged_logging.rb:25:in `tagged'
  activesupport (4.0.0.rc1) lib/active_support/tagged_logging.rb:67:in `tagged'
  railties (4.0.0.rc1) lib/rails/rack/logger.rb:21:in `call'
  actionpack (4.0.0.rc1) lib/action_dispatch/middleware/request_id.rb:21:in `call'
  rack (1.5.5) lib/rack/methodoverride.rb:21:in `call'
  rack (1.5.5) lib/rack/runtime.rb:17:in `call'
  activesupport (4.0.0.rc1) lib/active_support/cache/strategy/local_cache.rb:83:in `call'
  rack (1.5.5) lib/rack/lock.rb:17:in `call'
  actionpack (4.0.0.rc1) lib/action_dispatch/middleware/static.rb:64:in `call'
  railties (4.0.0.rc1) lib/rails/engine.rb:511:in `call'
  railties (4.0.0.rc1) lib/rails/application.rb:96:in `call'
  rack (1.5.5) lib/rack/lock.rb:17:in `call'
  rack (1.5.5) lib/rack/content_length.rb:14:in `call'
  rack (1.5.5) lib/rack/handler/webrick.rb:60:in `service'
  /Users/petershin/.rvm/rubies/ruby-2.2.1/lib/ruby/2.2.0/webrick/httpserver.rb:138:in `service'
  /Users/petershin/.rvm/rubies/ruby-2.2.1/lib/ruby/2.2.0/webrick/httpserver.rb:94:in `run'
  /Users/petershin/.rvm/rubies/ruby-2.2.1/lib/ruby/2.2.0/webrick/server.rb:294:in `block in start_thread'


  Rendered /Users/petershin/.rvm/gems/ruby-2.2.1/gems/actionpack-4.0.0.rc1/lib/action_dispatch/middleware/templates/rescues/missing_template.erb within rescues/layout (0.5ms)


Started POST "/shirts" for 127.0.0.1 at 2016-01-05 20:26:53 -0800
Processing by ShirtsController#create as HTML
  Parameters: {"utf8"=>"✓", "authenticity_token"=>"dRCDGvIFvX657rzqbWHOgE6VLeq1ctT2uYHgSZnFEwQ=", "shirt"=>{"name"=>"New Shirt", "description"=>"this is my new shirt", "image"=>""}, "commit"=>"Create Shirt"}
  [1m[35m (0.3ms)[0m  begin transaction
  [1m[36mSQL (6.4ms)[0m  [1mINSERT INTO "shirts" ("created_at", "description", "image", "name", "updated_at") VALUES (?, ?, ?, ?, ?)[0m  [["created_at", Wed, 06 Jan 2016 04:26:54 UTC +00:00], ["description", "this is my new shirt"], ["image", ""], ["name", "New Shirt"], ["updated_at", Wed, 06 Jan 2016 04:26:54 UTC +00:00]]
  [1m[35m (0.8ms)[0m  commit transaction
Redirected to http://localhost:3000/shirts/21
Completed 302 Found in 36ms (ActiveRecord: 8.6ms)


Started GET "/shirts/21" for 127.0.0.1 at 2016-01-05 20:26:54 -0800
Processing by ShirtsController#show as HTML
  Parameters: {"id"=>"21"}
  Rendered shirts/show.html.erb within layouts/application (2.0ms)
Completed 500 Internal Server Error in 10ms

ActionView::Template::Error (undefined method `name' for nil:NilClass):
    1: <h1><%= @shirt.name %></h1>
    2: <p><%= @shirt.description %></p>
    3: <%= image_tag @shirt.image %>
    4: 
  app/views/shirts/show.html.erb:1:in `_app_views_shirts_show_html_erb__1958773493997679169_70254685757760'


  Rendered /Users/petershin/.rvm/gems/ruby-2.2.1/gems/actionpack-4.0.0.rc1/lib/action_dispatch/middleware/templates/rescues/_trace.erb (1.1ms)
  Rendered /Users/petershin/.rvm/gems/ruby-2.2.1/gems/actionpack-4.0.0.rc1/lib/action_dispatch/middleware/templates/rescues/_request_and_response.erb (1.2ms)
  Rendered /Users/petershin/.rvm/gems/ruby-2.2.1/gems/actionpack-4.0.0.rc1/lib/action_dispatch/middleware/templates/rescues/template_error.erb within rescues/layout (29.2ms)
