

Started GET "/" for 127.0.0.1 at 2016-01-14 20:18:44 -0800

ActiveRecord::PendingMigrationError (Migrations are pending; run 'rake db:migrate RAILS_ENV=development' to resolve this issue.):
  activerecord (4.0.0.rc1) lib/active_record/migration.rb:376:in `check_pending!'
  activerecord (4.0.0.rc1) lib/active_record/migration.rb:364:in `block in call'
  activesupport (4.0.0.rc1) lib/active_support/logger_silence.rb:16:in `silence'
  activerecord (4.0.0.rc1) lib/active_record/migration.rb:363:in `call'
  actionpack (4.0.0.rc1) lib/action_dispatch/middleware/callbacks.rb:29:in `block in call'
  activesupport (4.0.0.rc1) lib/active_support/callbacks.rb:392:in `_run__2910621343512474731__call__callbacks'
  activesupport (4.0.0.rc1) lib/active_support/callbacks.rb:80:in `run_callbacks'
  actionpack (4.0.0.rc1) lib/action_dispatch/middleware/callbacks.rb:27:in `call'
  actionpack (4.0.0.rc1) lib/action_dispatch/middleware/reloader.rb:64:in `call'
  actionpack (4.0.0.rc1) lib/action_dispatch/middleware/remote_ip.rb:76:in `call'
  actionpack (4.0.0.rc1) lib/action_dispatch/middleware/debug_exceptions.rb:17:in `call'
  actionpack (4.0.0.rc1) lib/action_dispatch/middleware/show_exceptions.rb:30:in `call'
  railties (4.0.0.rc1) lib/rails/rack/logger.rb:38:in `call_app'
  railties (4.0.0.rc1) lib/rails/rack/logger.rb:21:in `block in call'
  activesupport (4.0.0.rc1) lib/active_support/tagged_logging.rb:67:in `block in tagged'
  activesupport (4.0.0.rc1) lib/active_support/tagged_logging.rb:25:in `tagged'
  activesupport (4.0.0.rc1) lib/active_support/tagged_logging.rb:67:in `tagged'
  railties (4.0.0.rc1) lib/rails/rack/logger.rb:21:in `call'
  actionpack (4.0.0.rc1) lib/action_dispatch/middleware/request_id.rb:21:in `call'
  rack (1.5.5) lib/rack/methodoverride.rb:21:in `call'
  rack (1.5.5) lib/rack/runtime.rb:17:in `call'
  activesupport (4.0.0.rc1) lib/active_support/cache/strategy/local_cache.rb:83:in `call'
  rack (1.5.5) lib/rack/lock.rb:17:in `call'
  actionpack (4.0.0.rc1) lib/action_dispatch/middleware/static.rb:64:in `call'
  railties (4.0.0.rc1) lib/rails/engine.rb:511:in `call'
  railties (4.0.0.rc1) lib/rails/application.rb:96:in `call'
  rack (1.5.5) lib/rack/lock.rb:17:in `call'
  rack (1.5.5) lib/rack/content_length.rb:14:in `call'
  rack (1.5.5) lib/rack/handler/webrick.rb:60:in `service'
  /Users/petershin/.rvm/rubies/ruby-2.2.1/lib/ruby/2.2.0/webrick/httpserver.rb:138:in `service'
  /Users/petershin/.rvm/rubies/ruby-2.2.1/lib/ruby/2.2.0/webrick/httpserver.rb:94:in `run'
  /Users/petershin/.rvm/rubies/ruby-2.2.1/lib/ruby/2.2.0/webrick/server.rb:294:in `block in start_thread'


  Rendered /Users/petershin/.rvm/gems/ruby-2.2.1/gems/actionpack-4.0.0.rc1/lib/action_dispatch/middleware/templates/rescues/_source.erb (0.7ms)
  Rendered /Users/petershin/.rvm/gems/ruby-2.2.1/gems/actionpack-4.0.0.rc1/lib/action_dispatch/middleware/templates/rescues/_trace.erb (1.5ms)
  Rendered /Users/petershin/.rvm/gems/ruby-2.2.1/gems/actionpack-4.0.0.rc1/lib/action_dispatch/middleware/templates/rescues/_request_and_response.erb (1.0ms)
  Rendered /Users/petershin/.rvm/gems/ruby-2.2.1/gems/actionpack-4.0.0.rc1/lib/action_dispatch/middleware/templates/rescues/diagnostics.erb within rescues/layout (50.7ms)
  [1m[36m (1.0ms)[0m  [1mCREATE TABLE "schema_migrations" ("version" varchar(255) NOT NULL) [0m
  [1m[35m (1.1ms)[0m  CREATE UNIQUE INDEX "unique_schema_migrations" ON "schema_migrations" ("version")
  [1m[36mActiveRecord::SchemaMigration Load (0.1ms)[0m  [1mSELECT "schema_migrations".* FROM "schema_migrations"[0m
Migrating to CreateMovies (20130610234924)
  [1m[35m (0.1ms)[0m  begin transaction
  [1m[36m (0.4ms)[0m  [1mCREATE TABLE "movies" ("id" INTEGER PRIMARY KEY AUTOINCREMENT NOT NULL, "title" varchar(255), "description" text, "year_released" integer, "created_at" datetime, "updated_at" datetime) [0m
  [1m[35mSQL (0.3ms)[0m  INSERT INTO "schema_migrations" ("version") VALUES (?)  [["version", "20130610234924"]]
  [1m[36m (1.0ms)[0m  [1mcommit transaction[0m
Migrating to AddRatingToMovies (20130610235644)
  [1m[35m (0.1ms)[0m  begin transaction
  [1m[36m (1.0ms)[0m  [1mALTER TABLE "movies" ADD "rating" integer DEFAULT 3[0m
  [1m[35mSQL (0.1ms)[0m  INSERT INTO "schema_migrations" ("version") VALUES (?)  [["version", "20130610235644"]]
  [1m[36m (0.7ms)[0m  [1mcommit transaction[0m
Migrating to CreateGenres (20160114223929)
  [1m[35m (0.1ms)[0m  begin transaction
  [1m[36m (0.3ms)[0m  [1mCREATE TABLE "genres" ("id" INTEGER PRIMARY KEY AUTOINCREMENT NOT NULL, "title" varchar(255), "created_at" datetime, "updated_at" datetime) [0m
  [1m[35mSQL (0.1ms)[0m  INSERT INTO "schema_migrations" ("version") VALUES (?)  [["version", "20160114223929"]]
  [1m[36m (0.8ms)[0m  [1mcommit transaction[0m
Migrating to CreateActors (20160114224003)
  [1m[35m (0.1ms)[0m  begin transaction
  [1m[36m (0.3ms)[0m  [1mCREATE TABLE "actors" ("id" INTEGER PRIMARY KEY AUTOINCREMENT NOT NULL, "name" varchar(255), "created_at" datetime, "updated_at" datetime) [0m
  [1m[35mSQL (0.1ms)[0m  INSERT INTO "schema_migrations" ("version") VALUES (?)  [["version", "20160114224003"]]
  [1m[36m (0.7ms)[0m  [1mcommit transaction[0m
Migrating to AddColumnsToMovie (20160114230207)
  [1m[35m (0.1ms)[0m  begin transaction
  [1m[36m (0.6ms)[0m  [1mALTER TABLE "movies" ADD "genre_id" integer[0m
  [1m[35m (0.1ms)[0m  CREATE INDEX "index_movies_on_genre_id" ON "movies" ("genre_id")
  [1m[36m (0.1ms)[0m  [1mCREATE TABLE "actors_movies" ("id" INTEGER PRIMARY KEY AUTOINCREMENT NOT NULL, "actor_id" integer, "movie_id" integer) [0m
  [1m[35m (0.1ms)[0m  CREATE INDEX "index_actors_movies_on_actor_id" ON "actors_movies" ("actor_id")
  [1m[36m (0.1ms)[0m  [1mCREATE INDEX "index_actors_movies_on_movie_id" ON "actors_movies" ("movie_id")[0m
  [1m[35mSQL (0.1ms)[0m  INSERT INTO "schema_migrations" ("version") VALUES (?)  [["version", "20160114230207"]]
  [1m[36m (1.1ms)[0m  [1mcommit transaction[0m
Migrating to DeviseCreateUsers (20160115041640)
  [1m[35m (0.1ms)[0m  begin transaction
  [1m[36m (0.5ms)[0m  [1mCREATE TABLE "users" ("id" INTEGER PRIMARY KEY AUTOINCREMENT NOT NULL, "email" varchar(255) DEFAULT '' NOT NULL, "encrypted_password" varchar(255) DEFAULT '' NOT NULL, "reset_password_token" varchar(255), "reset_password_sent_at" datetime, "remember_created_at" datetime, "sign_in_count" integer DEFAULT 0 NOT NULL, "current_sign_in_at" datetime, "last_sign_in_at" datetime, "current_sign_in_ip" varchar(255), "last_sign_in_ip" varchar(255), "created_at" datetime, "updated_at" datetime) [0m
  [1m[35m (0.4ms)[0m  CREATE UNIQUE INDEX "index_users_on_email" ON "users" ("email")
  [1m[36m (0.2ms)[0m  [1mCREATE UNIQUE INDEX "index_users_on_reset_password_token" ON "users" ("reset_password_token")[0m
  [1m[35mSQL (0.1ms)[0m  INSERT INTO "schema_migrations" ("version") VALUES (?)  [["version", "20160115041640"]]
  [1m[36m (1.1ms)[0m  [1mcommit transaction[0m
  [1m[35mActiveRecord::SchemaMigration Load (0.1ms)[0m  SELECT "schema_migrations".* FROM "schema_migrations"


Started GET "/" for 127.0.0.1 at 2016-01-14 20:18:55 -0800
Processing by MoviesController#index as HTML
  [1m[36mMovie Load (0.2ms)[0m  [1mSELECT "movies".* FROM "movies" WHERE (title LIKE '%%' OR description LIKE '%%' OR year_released LIKE '%%')[0m
  Rendered movies/_list.html.erb (5.2ms)
  Rendered movies/index.html.erb within layouts/application (10.3ms)
Completed 200 OK in 1403ms (Views: 1384.4ms | ActiveRecord: 0.2ms)


Started GET "/assets/actor.css?body=1" for 127.0.0.1 at 2016-01-14 20:18:57 -0800


Started GET "/assets/genre.css?body=1" for 127.0.0.1 at 2016-01-14 20:18:57 -0800


Started GET "/assets/application.css?body=1" for 127.0.0.1 at 2016-01-14 20:18:57 -0800


Started GET "/assets/jquery.js?body=1" for 127.0.0.1 at 2016-01-14 20:18:57 -0800


Started GET "/assets/movies.css?body=1" for 127.0.0.1 at 2016-01-14 20:18:57 -0800


Started GET "/assets/actor.js?body=1" for 127.0.0.1 at 2016-01-14 20:18:57 -0800


Started GET "/assets/genre.js?body=1" for 127.0.0.1 at 2016-01-14 20:18:57 -0800


Started GET "/assets/jquery_ujs.js?body=1" for 127.0.0.1 at 2016-01-14 20:18:57 -0800


Started GET "/assets/turbolinks.js?body=1" for 127.0.0.1 at 2016-01-14 20:18:57 -0800


Started GET "/assets/movies.js?body=1" for 127.0.0.1 at 2016-01-14 20:18:57 -0800


Started GET "/assets/application.js?body=1" for 127.0.0.1 at 2016-01-14 20:18:57 -0800


Started GET "/" for 127.0.0.1 at 2016-01-14 20:24:02 -0800
Processing by MoviesController#index as HTML
  [1m[35mMovie Load (0.1ms)[0m  SELECT "movies".* FROM "movies" WHERE (title LIKE '%%' OR description LIKE '%%' OR year_released LIKE '%%')
  Rendered movies/_list.html.erb (0.9ms)
  Rendered movies/index.html.erb within layouts/application (2.6ms)
Completed 200 OK in 23ms (Views: 22.1ms | ActiveRecord: 0.1ms)


Started GET "/assets/actor.css?body=1" for 127.0.0.1 at 2016-01-14 20:24:02 -0800


Started GET "/assets/genre.css?body=1" for 127.0.0.1 at 2016-01-14 20:24:02 -0800


Started GET "/assets/movies.css?body=1" for 127.0.0.1 at 2016-01-14 20:24:02 -0800


Started GET "/assets/jquery_ujs.js?body=1" for 127.0.0.1 at 2016-01-14 20:24:02 -0800


Started GET "/assets/jquery.js?body=1" for 127.0.0.1 at 2016-01-14 20:24:02 -0800


Started GET "/assets/application.css?body=1" for 127.0.0.1 at 2016-01-14 20:24:02 -0800


Started GET "/assets/turbolinks.js?body=1" for 127.0.0.1 at 2016-01-14 20:24:02 -0800


Started GET "/assets/actor.js?body=1" for 127.0.0.1 at 2016-01-14 20:24:02 -0800


Started GET "/assets/genre.js?body=1" for 127.0.0.1 at 2016-01-14 20:24:02 -0800


Started GET "/assets/movies.js?body=1" for 127.0.0.1 at 2016-01-14 20:24:02 -0800


Started GET "/assets/application.js?body=1" for 127.0.0.1 at 2016-01-14 20:24:02 -0800


Started GET "/users/sign_in" for 127.0.0.1 at 2016-01-14 20:24:07 -0800
Processing by Devise::SessionsController#new as HTML
  Rendered /Users/petershin/.rvm/gems/ruby-2.2.1/gems/devise-3.4.1/app/views/devise/shared/_links.html.erb (1.4ms)
  Rendered /Users/petershin/.rvm/gems/ruby-2.2.1/gems/devise-3.4.1/app/views/devise/sessions/new.html.erb within layouts/application (28.6ms)
Completed 200 OK in 65ms (Views: 39.6ms | ActiveRecord: 0.3ms)


Started GET "/users/sign_up" for 127.0.0.1 at 2016-01-14 20:24:09 -0800
Processing by Devise::RegistrationsController#new as HTML
  Rendered /Users/petershin/.rvm/gems/ruby-2.2.1/gems/devise-3.4.1/app/views/devise/shared/_links.html.erb (0.4ms)
  Rendered /Users/petershin/.rvm/gems/ruby-2.2.1/gems/devise-3.4.1/app/views/devise/registrations/new.html.erb within layouts/application (5.1ms)
Completed 200 OK in 21ms (Views: 19.6ms | ActiveRecord: 0.0ms)


Started GET "/" for 127.0.0.1 at 2016-01-14 20:25:08 -0800
Processing by MoviesController#index as HTML
  [1m[36mMovie Load (0.1ms)[0m  [1mSELECT "movies".* FROM "movies" WHERE (title LIKE '%%' OR description LIKE '%%' OR year_released LIKE '%%')[0m
  Rendered movies/_list.html.erb (0.5ms)
  Rendered movies/index.html.erb within layouts/application (2.7ms)
Completed 200 OK in 12ms (Views: 11.2ms | ActiveRecord: 0.1ms)


Started GET "/assets/actor.css?body=1" for 127.0.0.1 at 2016-01-14 20:25:08 -0800


Started GET "/assets/genre.css?body=1" for 127.0.0.1 at 2016-01-14 20:25:08 -0800


Started GET "/assets/jquery.js?body=1" for 127.0.0.1 at 2016-01-14 20:25:08 -0800


Started GET "/assets/movies.css?body=1" for 127.0.0.1 at 2016-01-14 20:25:08 -0800


Started GET "/assets/jquery_ujs.js?body=1" for 127.0.0.1 at 2016-01-14 20:25:08 -0800


Started GET "/assets/turbolinks.js?body=1" for 127.0.0.1 at 2016-01-14 20:25:08 -0800


Started GET "/assets/application.css?body=1" for 127.0.0.1 at 2016-01-14 20:25:08 -0800


Started GET "/assets/actor.js?body=1" for 127.0.0.1 at 2016-01-14 20:25:08 -0800


Started GET "/assets/genre.js?body=1" for 127.0.0.1 at 2016-01-14 20:25:08 -0800


Started GET "/assets/movies.js?body=1" for 127.0.0.1 at 2016-01-14 20:25:08 -0800


Started GET "/assets/application.js?body=1" for 127.0.0.1 at 2016-01-14 20:25:08 -0800


Started GET "/rails/info/routes" for 127.0.0.1 at 2016-01-14 20:26:23 -0800
Processing by Rails::InfoController#routes as HTML
  Rendered /Users/petershin/.rvm/gems/ruby-2.2.1/gems/actionpack-4.0.0.rc1/lib/action_dispatch/middleware/templates/routes/_route.html.erb (8.1ms)
  Rendered /Users/petershin/.rvm/gems/ruby-2.2.1/gems/actionpack-4.0.0.rc1/lib/action_dispatch/middleware/templates/routes/_table.html.erb (4.6ms)
  Rendered /Users/petershin/.rvm/gems/ruby-2.2.1/gems/railties-4.0.0.rc1/lib/rails/templates/rails/info/routes.html.erb within layouts/application (34.7ms)
Completed 200 OK in 52ms (Views: 49.1ms | ActiveRecord: 0.0ms)


Started GET "/users/sign_up" for 127.0.0.1 at 2016-01-14 20:26:47 -0800
Processing by Devise::RegistrationsController#new as HTML
  Rendered /Users/petershin/.rvm/gems/ruby-2.2.1/gems/devise-3.4.1/app/views/devise/shared/_links.html.erb (0.4ms)
  Rendered /Users/petershin/.rvm/gems/ruby-2.2.1/gems/devise-3.4.1/app/views/devise/registrations/new.html.erb within layouts/application (6.3ms)
Completed 200 OK in 22ms (Views: 19.3ms | ActiveRecord: 0.0ms)


Started POST "/users" for 127.0.0.1 at 2016-01-14 20:26:58 -0800
Processing by Devise::RegistrationsController#create as HTML
  Parameters: {"utf8"=>"✓", "authenticity_token"=>"THiCUrFQHlU/+AZ1a20WU0Ybri2yHnViUVbWXOKYUHY=", "user"=>{"email"=>"pshin45@gmail.com", "password"=>"[FILTERED]", "password_confirmation"=>"[FILTERED]"}, "commit"=>"Sign up"}
  [1m[35m (0.1ms)[0m  begin transaction
  [1m[36mUser Exists (0.6ms)[0m  [1mSELECT 1 AS one FROM "users" WHERE "users"."email" = 'pshin45@gmail.com' LIMIT 1[0m
Binary data inserted for `string` type on column `encrypted_password`
  [1m[35mSQL (11.7ms)[0m  INSERT INTO "users" ("created_at", "email", "encrypted_password", "updated_at") VALUES (?, ?, ?, ?)  [["created_at", Fri, 15 Jan 2016 04:26:58 UTC +00:00], ["email", "pshin45@gmail.com"], ["encrypted_password", "$2a$10$bB3EgfNLVzcLlalH8apVDeU6nm69uj4AYwoR5h.pvFLw22y.3qubK"], ["updated_at", Fri, 15 Jan 2016 04:26:58 UTC +00:00]]
  [1m[36m (0.9ms)[0m  [1mcommit transaction[0m
  [1m[35m (0.1ms)[0m  begin transaction
Binary data inserted for `string` type on column `last_sign_in_ip`
Binary data inserted for `string` type on column `current_sign_in_ip`
  [1m[36mSQL (0.5ms)[0m  [1mUPDATE "users" SET "last_sign_in_at" = ?, "current_sign_in_at" = ?, "last_sign_in_ip" = ?, "current_sign_in_ip" = ?, "sign_in_count" = ?, "updated_at" = ? WHERE "users"."id" = 1[0m  [["last_sign_in_at", Fri, 15 Jan 2016 04:26:58 UTC +00:00], ["current_sign_in_at", Fri, 15 Jan 2016 04:26:58 UTC +00:00], ["last_sign_in_ip", "127.0.0.1"], ["current_sign_in_ip", "127.0.0.1"], ["sign_in_count", 1], ["updated_at", Fri, 15 Jan 2016 04:26:58 UTC +00:00]]
  [1m[35m (0.8ms)[0m  commit transaction
Redirected to http://localhost:3000/
Completed 302 Found in 123ms (ActiveRecord: 14.7ms)


Started GET "/" for 127.0.0.1 at 2016-01-14 20:26:58 -0800
Processing by MoviesController#index as HTML
  [1m[36mMovie Load (0.2ms)[0m  [1mSELECT "movies".* FROM "movies" WHERE (title LIKE '%%' OR description LIKE '%%' OR year_released LIKE '%%')[0m
  Rendered movies/_list.html.erb (0.6ms)
  Rendered movies/index.html.erb within layouts/application (2.3ms)
  [1m[35mUser Load (0.2ms)[0m  SELECT "users".* FROM "users" WHERE "users"."id" = 1 ORDER BY "users"."id" ASC LIMIT 1
Completed 200 OK in 14ms (Views: 12.6ms | ActiveRecord: 0.4ms)


Started GET "/assets/application.css?body=1" for 127.0.0.1 at 2016-01-14 20:26:58 -0800


Started GET "/assets/actor.css?body=1" for 127.0.0.1 at 2016-01-14 20:26:58 -0800


Started GET "/assets/genre.css?body=1" for 127.0.0.1 at 2016-01-14 20:26:58 -0800


Started GET "/assets/movies.css?body=1" for 127.0.0.1 at 2016-01-14 20:26:58 -0800


Started GET "/assets/jquery_ujs.js?body=1" for 127.0.0.1 at 2016-01-14 20:26:58 -0800


Started GET "/assets/turbolinks.js?body=1" for 127.0.0.1 at 2016-01-14 20:26:58 -0800


Started GET "/assets/jquery.js?body=1" for 127.0.0.1 at 2016-01-14 20:26:58 -0800


Started GET "/assets/actor.js?body=1" for 127.0.0.1 at 2016-01-14 20:26:58 -0800


Started GET "/assets/genre.js?body=1" for 127.0.0.1 at 2016-01-14 20:26:58 -0800


Started GET "/assets/movies.js?body=1" for 127.0.0.1 at 2016-01-14 20:26:58 -0800


Started GET "/assets/application.js?body=1" for 127.0.0.1 at 2016-01-14 20:26:58 -0800


Started GET "/" for 127.0.0.1 at 2016-01-14 20:27:05 -0800
Processing by MoviesController#index as HTML
  [1m[36mMovie Load (0.2ms)[0m  [1mSELECT "movies".* FROM "movies" WHERE (title LIKE '%%' OR description LIKE '%%' OR year_released LIKE '%%')[0m
  Rendered movies/_list.html.erb (0.8ms)
  Rendered movies/index.html.erb within layouts/application (2.3ms)
  [1m[35mUser Load (0.2ms)[0m  SELECT "users".* FROM "users" WHERE "users"."id" = 1 ORDER BY "users"."id" ASC LIMIT 1
Completed 200 OK in 15ms (Views: 13.8ms | ActiveRecord: 0.4ms)


Started GET "/assets/application.css?body=1" for 127.0.0.1 at 2016-01-14 20:27:05 -0800


Started GET "/assets/movies.css?body=1" for 127.0.0.1 at 2016-01-14 20:27:05 -0800


Started GET "/assets/actor.css?body=1" for 127.0.0.1 at 2016-01-14 20:27:05 -0800


Started GET "/assets/genre.css?body=1" for 127.0.0.1 at 2016-01-14 20:27:05 -0800


Started GET "/assets/jquery.js?body=1" for 127.0.0.1 at 2016-01-14 20:27:05 -0800


Started GET "/assets/jquery_ujs.js?body=1" for 127.0.0.1 at 2016-01-14 20:27:05 -0800


Started GET "/assets/turbolinks.js?body=1" for 127.0.0.1 at 2016-01-14 20:27:05 -0800


Started GET "/assets/genre.js?body=1" for 127.0.0.1 at 2016-01-14 20:27:05 -0800


Started GET "/assets/actor.js?body=1" for 127.0.0.1 at 2016-01-14 20:27:05 -0800


Started GET "/assets/movies.js?body=1" for 127.0.0.1 at 2016-01-14 20:27:05 -0800


Started GET "/assets/application.js?body=1" for 127.0.0.1 at 2016-01-14 20:27:05 -0800


Started GET "/users/sign_out" for 127.0.0.1 at 2016-01-14 20:27:12 -0800

ActionController::RoutingError (No route matches [GET] "/users/sign_out"):
  actionpack (4.0.0.rc1) lib/action_dispatch/middleware/debug_exceptions.rb:21:in `call'
  actionpack (4.0.0.rc1) lib/action_dispatch/middleware/show_exceptions.rb:30:in `call'
  railties (4.0.0.rc1) lib/rails/rack/logger.rb:38:in `call_app'
  railties (4.0.0.rc1) lib/rails/rack/logger.rb:21:in `block in call'
  activesupport (4.0.0.rc1) lib/active_support/tagged_logging.rb:67:in `block in tagged'
  activesupport (4.0.0.rc1) lib/active_support/tagged_logging.rb:25:in `tagged'
  activesupport (4.0.0.rc1) lib/active_support/tagged_logging.rb:67:in `tagged'
  railties (4.0.0.rc1) lib/rails/rack/logger.rb:21:in `call'
  actionpack (4.0.0.rc1) lib/action_dispatch/middleware/request_id.rb:21:in `call'
  rack (1.5.5) lib/rack/methodoverride.rb:21:in `call'
  rack (1.5.5) lib/rack/runtime.rb:17:in `call'
  activesupport (4.0.0.rc1) lib/active_support/cache/strategy/local_cache.rb:83:in `call'
  rack (1.5.5) lib/rack/lock.rb:17:in `call'
  actionpack (4.0.0.rc1) lib/action_dispatch/middleware/static.rb:64:in `call'
  railties (4.0.0.rc1) lib/rails/engine.rb:511:in `call'
  railties (4.0.0.rc1) lib/rails/application.rb:96:in `call'
  rack (1.5.5) lib/rack/lock.rb:17:in `call'
  rack (1.5.5) lib/rack/content_length.rb:14:in `call'
  rack (1.5.5) lib/rack/handler/webrick.rb:60:in `service'
  /Users/petershin/.rvm/rubies/ruby-2.2.1/lib/ruby/2.2.0/webrick/httpserver.rb:138:in `service'
  /Users/petershin/.rvm/rubies/ruby-2.2.1/lib/ruby/2.2.0/webrick/httpserver.rb:94:in `run'
  /Users/petershin/.rvm/rubies/ruby-2.2.1/lib/ruby/2.2.0/webrick/server.rb:294:in `block in start_thread'


  Rendered /Users/petershin/.rvm/gems/ruby-2.2.1/gems/actionpack-4.0.0.rc1/lib/action_dispatch/middleware/templates/rescues/_trace.erb (1.5ms)
  Rendered /Users/petershin/.rvm/gems/ruby-2.2.1/gems/actionpack-4.0.0.rc1/lib/action_dispatch/middleware/templates/routes/_route.html.erb (4.2ms)
  Rendered /Users/petershin/.rvm/gems/ruby-2.2.1/gems/actionpack-4.0.0.rc1/lib/action_dispatch/middleware/templates/routes/_table.html.erb (1.1ms)
  Rendered /Users/petershin/.rvm/gems/ruby-2.2.1/gems/actionpack-4.0.0.rc1/lib/action_dispatch/middleware/templates/rescues/routing_error.erb within rescues/layout (61.8ms)


Started GET "/users/sign_out" for 127.0.0.1 at 2016-01-14 20:27:12 -0800

ActionController::RoutingError (No route matches [GET] "/users/sign_out"):
  actionpack (4.0.0.rc1) lib/action_dispatch/middleware/debug_exceptions.rb:21:in `call'
  actionpack (4.0.0.rc1) lib/action_dispatch/middleware/show_exceptions.rb:30:in `call'
  railties (4.0.0.rc1) lib/rails/rack/logger.rb:38:in `call_app'
  railties (4.0.0.rc1) lib/rails/rack/logger.rb:21:in `block in call'
  activesupport (4.0.0.rc1) lib/active_support/tagged_logging.rb:67:in `block in tagged'
  activesupport (4.0.0.rc1) lib/active_support/tagged_logging.rb:25:in `tagged'
  activesupport (4.0.0.rc1) lib/active_support/tagged_logging.rb:67:in `tagged'
  railties (4.0.0.rc1) lib/rails/rack/logger.rb:21:in `call'
  actionpack (4.0.0.rc1) lib/action_dispatch/middleware/request_id.rb:21:in `call'
  rack (1.5.5) lib/rack/methodoverride.rb:21:in `call'
  rack (1.5.5) lib/rack/runtime.rb:17:in `call'
  activesupport (4.0.0.rc1) lib/active_support/cache/strategy/local_cache.rb:83:in `call'
  rack (1.5.5) lib/rack/lock.rb:17:in `call'
  actionpack (4.0.0.rc1) lib/action_dispatch/middleware/static.rb:64:in `call'
  railties (4.0.0.rc1) lib/rails/engine.rb:511:in `call'
  railties (4.0.0.rc1) lib/rails/application.rb:96:in `call'
  rack (1.5.5) lib/rack/lock.rb:17:in `call'
  rack (1.5.5) lib/rack/content_length.rb:14:in `call'
  rack (1.5.5) lib/rack/handler/webrick.rb:60:in `service'
  /Users/petershin/.rvm/rubies/ruby-2.2.1/lib/ruby/2.2.0/webrick/httpserver.rb:138:in `service'
  /Users/petershin/.rvm/rubies/ruby-2.2.1/lib/ruby/2.2.0/webrick/httpserver.rb:94:in `run'
  /Users/petershin/.rvm/rubies/ruby-2.2.1/lib/ruby/2.2.0/webrick/server.rb:294:in `block in start_thread'


  Rendered /Users/petershin/.rvm/gems/ruby-2.2.1/gems/actionpack-4.0.0.rc1/lib/action_dispatch/middleware/templates/rescues/_trace.erb (1.1ms)
  Rendered /Users/petershin/.rvm/gems/ruby-2.2.1/gems/actionpack-4.0.0.rc1/lib/action_dispatch/middleware/templates/routes/_route.html.erb (6.2ms)
  Rendered /Users/petershin/.rvm/gems/ruby-2.2.1/gems/actionpack-4.0.0.rc1/lib/action_dispatch/middleware/templates/routes/_table.html.erb (1.0ms)
  Rendered /Users/petershin/.rvm/gems/ruby-2.2.1/gems/actionpack-4.0.0.rc1/lib/action_dispatch/middleware/templates/rescues/routing_error.erb within rescues/layout (57.1ms)


Started GET "/users/edit" for 127.0.0.1 at 2016-01-14 20:27:45 -0800
Processing by Devise::RegistrationsController#edit as HTML
  [1m[36mUser Load (0.1ms)[0m  [1mSELECT "users".* FROM "users" WHERE "users"."id" = 1 ORDER BY "users"."id" ASC LIMIT 1[0m
  Rendered /Users/petershin/.rvm/gems/ruby-2.2.1/gems/devise-3.4.1/app/views/devise/registrations/edit.html.erb within layouts/application (4.1ms)
Completed 200 OK in 20ms (Views: 18.4ms | ActiveRecord: 0.1ms)


Started PUT "/users" for 127.0.0.1 at 2016-01-14 20:28:00 -0800
Processing by Devise::RegistrationsController#update as HTML
  Parameters: {"utf8"=>"✓", "authenticity_token"=>"THiCUrFQHlU/+AZ1a20WU0Ybri2yHnViUVbWXOKYUHY=", "user"=>{"email"=>"test@gmail.com", "password"=>"[FILTERED]", "password_confirmation"=>"[FILTERED]", "current_password"=>"[FILTERED]"}, "commit"=>"Update"}
  [1m[35mUser Load (0.1ms)[0m  SELECT "users".* FROM "users" WHERE "users"."id" = 1 ORDER BY "users"."id" ASC LIMIT 1
  [1m[36mUser Load (0.1ms)[0m  [1mSELECT "users".* FROM "users" WHERE "users"."id" = ? LIMIT 1[0m  [["id", 1]]
  [1m[35m (0.1ms)[0m  begin transaction
  [1m[36mUser Exists (0.1ms)[0m  [1mSELECT 1 AS one FROM "users" WHERE ("users"."email" = 'test@gmail.com' AND "users"."id" != 1) LIMIT 1[0m
  [1m[35mSQL (0.3ms)[0m  UPDATE "users" SET "email" = ?, "updated_at" = ? WHERE "users"."id" = 1  [["email", "test@gmail.com"], ["updated_at", Fri, 15 Jan 2016 04:28:00 UTC +00:00]]
  [1m[36m (0.8ms)[0m  [1mcommit transaction[0m
Redirected to http://localhost:3000/
Completed 302 Found in 92ms (ActiveRecord: 1.6ms)


Started GET "/" for 127.0.0.1 at 2016-01-14 20:28:00 -0800
Processing by MoviesController#index as HTML
  [1m[35mMovie Load (0.3ms)[0m  SELECT "movies".* FROM "movies" WHERE (title LIKE '%%' OR description LIKE '%%' OR year_released LIKE '%%')
  Rendered movies/_list.html.erb (1.1ms)
  Rendered movies/index.html.erb within layouts/application (2.9ms)
  [1m[36mUser Load (0.1ms)[0m  [1mSELECT "users".* FROM "users" WHERE "users"."id" = 1 ORDER BY "users"."id" ASC LIMIT 1[0m
Completed 200 OK in 12ms (Views: 11.0ms | ActiveRecord: 0.4ms)


Started GET "/assets/application.css?body=1" for 127.0.0.1 at 2016-01-14 20:28:00 -0800


Started GET "/assets/genre.css?body=1" for 127.0.0.1 at 2016-01-14 20:28:00 -0800


Started GET "/assets/movies.css?body=1" for 127.0.0.1 at 2016-01-14 20:28:00 -0800


Started GET "/assets/actor.css?body=1" for 127.0.0.1 at 2016-01-14 20:28:00 -0800


Started GET "/assets/jquery.js?body=1" for 127.0.0.1 at 2016-01-14 20:28:00 -0800


Started GET "/assets/jquery_ujs.js?body=1" for 127.0.0.1 at 2016-01-14 20:28:00 -0800


Started GET "/assets/turbolinks.js?body=1" for 127.0.0.1 at 2016-01-14 20:28:00 -0800


Started GET "/assets/actor.js?body=1" for 127.0.0.1 at 2016-01-14 20:28:00 -0800


Started GET "/assets/genre.js?body=1" for 127.0.0.1 at 2016-01-14 20:28:00 -0800


Started GET "/assets/movies.js?body=1" for 127.0.0.1 at 2016-01-14 20:28:00 -0800


Started GET "/assets/application.js?body=1" for 127.0.0.1 at 2016-01-14 20:28:00 -0800
  [1m[36mActiveRecord::SchemaMigration Load (0.1ms)[0m  [1mSELECT "schema_migrations".* FROM "schema_migrations"[0m
  [1m[35m (0.1ms)[0m  begin transaction
  [1m[36mSQL (4.3ms)[0m  [1mINSERT INTO "movies" ("created_at", "description", "title", "updated_at", "year_released") VALUES (?, ?, ?, ?, ?)[0m  [["created_at", Fri, 15 Jan 2016 04:29:31 UTC +00:00], ["description", "Playing videogames can teach you kung-fu"], ["title", "The Matrix"], ["updated_at", Fri, 15 Jan 2016 04:29:31 UTC +00:00], ["year_released", 1999]]
  [1m[35m (0.7ms)[0m  commit transaction
  [1m[36m (0.1ms)[0m  [1mbegin transaction[0m
  [1m[35mSQL (0.3ms)[0m  INSERT INTO "movies" ("created_at", "description", "title", "updated_at", "year_released") VALUES (?, ?, ?, ?, ?)  [["created_at", Fri, 15 Jan 2016 04:29:31 UTC +00:00], ["description", "More Hobbits"], ["title", "The Lord of the Rings: The Fellowship of the Ring"], ["updated_at", Fri, 15 Jan 2016 04:29:31 UTC +00:00], ["year_released", 2001]]
  [1m[36m (1.5ms)[0m  [1mcommit transaction[0m
  [1m[35m (0.1ms)[0m  begin transaction
  [1m[36mSQL (0.3ms)[0m  [1mINSERT INTO "movies" ("created_at", "description", "title", "updated_at", "year_released") VALUES (?, ?, ?, ?, ?)[0m  [["created_at", Fri, 15 Jan 2016 04:29:31 UTC +00:00], ["description", "Again with the Hobbits and their jewelry obsession"], ["title", "The Lord of the Rings: The Two Towers"], ["updated_at", Fri, 15 Jan 2016 04:29:31 UTC +00:00], ["year_released", 2002]]
  [1m[35m (0.8ms)[0m  commit transaction
  [1m[36m (0.3ms)[0m  [1mbegin transaction[0m
  [1m[35mSQL (0.5ms)[0m  INSERT INTO "movies" ("created_at", "description", "title", "updated_at", "year_released") VALUES (?, ?, ?, ?, ?)  [["created_at", Fri, 15 Jan 2016 04:29:31 UTC +00:00], ["description", "Something to do with Hobbits"], ["title", "The Lord of the Rings: The Return of the King"], ["updated_at", Fri, 15 Jan 2016 04:29:31 UTC +00:00], ["year_released", 2003]]
  [1m[36m (0.9ms)[0m  [1mcommit transaction[0m
  [1m[35m (0.2ms)[0m  begin transaction
  [1m[36mSQL (0.8ms)[0m  [1mINSERT INTO "movies" ("created_at", "description", "title", "updated_at", "year_released") VALUES (?, ?, ?, ?, ?)[0m  [["created_at", Fri, 15 Jan 2016 04:29:31 UTC +00:00], ["description", "This is your life... Apparently it's really easy to make explosives"], ["title", "Fight Club"], ["updated_at", Fri, 15 Jan 2016 04:29:31 UTC +00:00], ["year_released", 1999]]
  [1m[35m (1.0ms)[0m  commit transaction
  [1m[36m (0.1ms)[0m  [1mbegin transaction[0m
  [1m[35mSQL (0.6ms)[0m  INSERT INTO "movies" ("created_at", "description", "title", "updated_at", "year_released") VALUES (?, ?, ?, ?, ?)  [["created_at", Fri, 15 Jan 2016 04:29:31 UTC +00:00], ["description", "Morgan Freeman in Jail"], ["title", "The Shawshank Redemption"], ["updated_at", Fri, 15 Jan 2016 04:29:31 UTC +00:00], ["year_released", 1994]]
  [1m[36m (0.8ms)[0m  [1mcommit transaction[0m
  [1m[35m (0.0ms)[0m  begin transaction
  [1m[36mSQL (0.4ms)[0m  [1mINSERT INTO "movies" ("created_at", "description", "title", "updated_at", "year_released") VALUES (?, ?, ?, ?, ?)[0m  [["created_at", Fri, 15 Jan 2016 04:29:31 UTC +00:00], ["description", "Hard core Gangster activity"], ["title", "The Godfather"], ["updated_at", Fri, 15 Jan 2016 04:29:31 UTC +00:00], ["year_released", 1972]]
  [1m[35m (0.9ms)[0m  commit transaction
  [1m[36m (0.1ms)[0m  [1mbegin transaction[0m
  [1m[35mSQL (0.3ms)[0m  INSERT INTO "movies" ("created_at", "description", "title", "updated_at", "year_released") VALUES (?, ?, ?, ?, ?)  [["created_at", Fri, 15 Jan 2016 04:29:31 UTC +00:00], ["description", "More Gangsters, aw yea"], ["title", "The Godfather: Part II"], ["updated_at", Fri, 15 Jan 2016 04:29:31 UTC +00:00], ["year_released", 1974]]
  [1m[36m (0.7ms)[0m  [1mcommit transaction[0m
  [1m[35m (0.1ms)[0m  begin transaction
  [1m[36mSQL (0.3ms)[0m  [1mINSERT INTO "movies" ("created_at", "description", "title", "updated_at", "year_released") VALUES (?, ?, ?, ?, ?)[0m  [["created_at", Fri, 15 Jan 2016 04:29:31 UTC +00:00], ["description", "Samuel Jackson screams a LOT! Say What again!"], ["title", "Pulp Fiction"], ["updated_at", Fri, 15 Jan 2016 04:29:31 UTC +00:00], ["year_released", 1994]]
  [1m[35m (0.7ms)[0m  commit transaction
  [1m[36m (0.0ms)[0m  [1mbegin transaction[0m
  [1m[35mSQL (0.2ms)[0m  INSERT INTO "movies" ("created_at", "description", "title", "updated_at", "year_released") VALUES (?, ?, ?, ?, ?)  [["created_at", Fri, 15 Jan 2016 04:29:31 UTC +00:00], ["description", "Cowboys will be cowboys"], ["title", "The Good, the Bad and the Ugly"], ["updated_at", Fri, 15 Jan 2016 04:29:31 UTC +00:00], ["year_released", 1966]]
  [1m[36m (1.5ms)[0m  [1mcommit transaction[0m
  [1m[35m (0.1ms)[0m  begin transaction
  [1m[36mSQL (0.3ms)[0m  [1mINSERT INTO "movies" ("created_at", "description", "title", "updated_at", "year_released") VALUES (?, ?, ?, ?, ?)[0m  [["created_at", Fri, 15 Jan 2016 04:29:31 UTC +00:00], ["description", "Really old movie about a court case. They have anger issues"], ["title", "12 Angry Men"], ["updated_at", Fri, 15 Jan 2016 04:29:31 UTC +00:00], ["year_released", 1957]]
  [1m[35m (0.7ms)[0m  commit transaction
  [1m[36m (0.1ms)[0m  [1mbegin transaction[0m
  [1m[35mSQL (0.3ms)[0m  INSERT INTO "movies" ("created_at", "description", "title", "updated_at", "year_released") VALUES (?, ?, ?, ?, ?)  [["created_at", Fri, 15 Jan 2016 04:29:31 UTC +00:00], ["description", "Batman (not a super hero), battles the joker for who can have the most not normal voice ever"], ["title", "The Dark Knight"], ["updated_at", Fri, 15 Jan 2016 04:29:31 UTC +00:00], ["year_released", 2008]]
  [1m[36m (0.8ms)[0m  [1mcommit transaction[0m
  [1m[35m (0.1ms)[0m  begin transaction
  [1m[36mSQL (0.2ms)[0m  [1mINSERT INTO "movies" ("created_at", "description", "title", "updated_at", "year_released") VALUES (?, ?, ?, ?, ?)[0m  [["created_at", Fri, 15 Jan 2016 04:29:31 UTC +00:00], ["description", "It's about the Holocaust I think"], ["title", "Schindler's List"], ["updated_at", Fri, 15 Jan 2016 04:29:31 UTC +00:00], ["year_released", 1993]]
  [1m[35m (0.8ms)[0m  commit transaction
  [1m[36m (0.0ms)[0m  [1mbegin transaction[0m
  [1m[35mSQL (0.3ms)[0m  INSERT INTO "movies" ("created_at", "description", "title", "updated_at", "year_released") VALUES (?, ?, ?, ?, ?)  [["created_at", Fri, 15 Jan 2016 04:29:31 UTC +00:00], ["description", "The best Star Wars EVER"], ["title", "Star Wars: Episode V - The Empire Strikes Back"], ["updated_at", Fri, 15 Jan 2016 04:29:31 UTC +00:00], ["year_released", 1980]]
  [1m[36m (0.7ms)[0m  [1mcommit transaction[0m
  [1m[35m (0.0ms)[0m  begin transaction
  [1m[36mSQL (0.7ms)[0m  [1mINSERT INTO "movies" ("created_at", "description", "title", "updated_at", "year_released") VALUES (?, ?, ?, ?, ?)[0m  [["created_at", Fri, 15 Jan 2016 04:29:31 UTC +00:00], ["description", "Crazy guy does crazy stuff"], ["title", "One Flew Over the Cuckoo's Nest"], ["updated_at", Fri, 15 Jan 2016 04:29:31 UTC +00:00], ["year_released", 1975]]
  [1m[35m (0.8ms)[0m  commit transaction
  [1m[36m (0.0ms)[0m  [1mbegin transaction[0m
  [1m[35mSQL (0.3ms)[0m  INSERT INTO "movies" ("created_at", "description", "title", "updated_at", "year_released") VALUES (?, ?, ?, ?, ?)  [["created_at", Fri, 15 Jan 2016 04:29:31 UTC +00:00], ["description", "Dream in a dream, in a nap, in a dozing off in class"], ["title", "Inception"], ["updated_at", Fri, 15 Jan 2016 04:29:31 UTC +00:00], ["year_released", 2010]]
  [1m[36m (0.8ms)[0m  [1mcommit transaction[0m
  [1m[35m (0.1ms)[0m  begin transaction
  [1m[36mSQL (0.3ms)[0m  [1mINSERT INTO "movies" ("created_at", "description", "title", "updated_at", "year_released") VALUES (?, ?, ?, ?, ?)[0m  [["created_at", Fri, 15 Jan 2016 04:29:31 UTC +00:00], ["description", "I think Joe Pesci is in this one"], ["title", "Goodfellas"], ["updated_at", Fri, 15 Jan 2016 04:29:31 UTC +00:00], ["year_released", 1990]]
  [1m[35m (0.7ms)[0m  commit transaction
  [1m[36m (0.0ms)[0m  [1mbegin transaction[0m
  [1m[35mSQL (0.2ms)[0m  INSERT INTO "movies" ("created_at", "description", "title", "updated_at", "year_released") VALUES (?, ?, ?, ?, ?)  [["created_at", Fri, 15 Jan 2016 04:29:31 UTC +00:00], ["description", "Let the Wookie win"], ["title", "Star Wars"], ["updated_at", Fri, 15 Jan 2016 04:29:31 UTC +00:00], ["year_released", 1977]]
  [1m[36m (0.7ms)[0m  [1mcommit transaction[0m
  [1m[35m (0.1ms)[0m  begin transaction
  [1m[36mSQL (0.2ms)[0m  [1mINSERT INTO "movies" ("created_at", "description", "title", "updated_at", "year_released") VALUES (?, ?, ?, ?, ?)[0m  [["created_at", Fri, 15 Jan 2016 04:29:31 UTC +00:00], ["description", "One of the best films ever made... according to Wikipedia"], ["title", "Seven Samurai"], ["updated_at", Fri, 15 Jan 2016 04:29:31 UTC +00:00], ["year_released", 1954]]
  [1m[35m (1.0ms)[0m  commit transaction
  [1m[36m (0.1ms)[0m  [1mbegin transaction[0m
  [1m[35mSQL (0.3ms)[0m  INSERT INTO "movies" ("created_at", "description", "title", "updated_at", "year_released") VALUES (?, ?, ?, ?, ?)  [["created_at", Fri, 15 Jan 2016 04:29:31 UTC +00:00], ["description", "Life is like a box of chocolates. It will give you diabetes"], ["title", "Forrest Gump"], ["updated_at", Fri, 15 Jan 2016 04:29:31 UTC +00:00], ["year_released", 1994]]
  [1m[36m (1.0ms)[0m  [1mcommit transaction[0m
  [1m[35m (0.0ms)[0m  begin transaction
  [1m[36mSQL (0.8ms)[0m  [1mINSERT INTO "genres" ("created_at", "title", "updated_at") VALUES (?, ?, ?)[0m  [["created_at", Fri, 15 Jan 2016 04:29:31 UTC +00:00], ["title", "Horror"], ["updated_at", Fri, 15 Jan 2016 04:29:31 UTC +00:00]]
  [1m[35m (0.6ms)[0m  commit transaction
  [1m[36m (0.0ms)[0m  [1mbegin transaction[0m
  [1m[35mSQL (0.2ms)[0m  INSERT INTO "genres" ("created_at", "title", "updated_at") VALUES (?, ?, ?)  [["created_at", Fri, 15 Jan 2016 04:29:31 UTC +00:00], ["title", "Comedy"], ["updated_at", Fri, 15 Jan 2016 04:29:31 UTC +00:00]]
  [1m[36m (0.6ms)[0m  [1mcommit transaction[0m
  [1m[35m (0.0ms)[0m  begin transaction
  [1m[36mSQL (0.2ms)[0m  [1mINSERT INTO "genres" ("created_at", "title", "updated_at") VALUES (?, ?, ?)[0m  [["created_at", Fri, 15 Jan 2016 04:29:31 UTC +00:00], ["title", "Drama"], ["updated_at", Fri, 15 Jan 2016 04:29:31 UTC +00:00]]
  [1m[35m (0.6ms)[0m  commit transaction
  [1m[36m (0.0ms)[0m  [1mbegin transaction[0m
  [1m[35mSQL (0.2ms)[0m  INSERT INTO "genres" ("created_at", "title", "updated_at") VALUES (?, ?, ?)  [["created_at", Fri, 15 Jan 2016 04:29:31 UTC +00:00], ["title", "Romance"], ["updated_at", Fri, 15 Jan 2016 04:29:31 UTC +00:00]]
  [1m[36m (0.7ms)[0m  [1mcommit transaction[0m
  [1m[35m (0.0ms)[0m  begin transaction
  [1m[36mSQL (0.2ms)[0m  [1mINSERT INTO "genres" ("created_at", "title", "updated_at") VALUES (?, ?, ?)[0m  [["created_at", Fri, 15 Jan 2016 04:29:31 UTC +00:00], ["title", "Action"], ["updated_at", Fri, 15 Jan 2016 04:29:31 UTC +00:00]]
  [1m[35m (0.7ms)[0m  commit transaction
  [1m[36m (0.1ms)[0m  [1mbegin transaction[0m
  [1m[35mSQL (0.9ms)[0m  INSERT INTO "actors" ("created_at", "name", "updated_at") VALUES (?, ?, ?)  [["created_at", Fri, 15 Jan 2016 04:29:31 UTC +00:00], ["name", "Keanu Reeves"], ["updated_at", Fri, 15 Jan 2016 04:29:31 UTC +00:00]]
  [1m[36m (3.2ms)[0m  [1mcommit transaction[0m
  [1m[35m (0.1ms)[0m  begin transaction
  [1m[36mSQL (0.4ms)[0m  [1mINSERT INTO "actors" ("created_at", "name", "updated_at") VALUES (?, ?, ?)[0m  [["created_at", Fri, 15 Jan 2016 04:29:31 UTC +00:00], ["name", "Laurence Fishburne"], ["updated_at", Fri, 15 Jan 2016 04:29:31 UTC +00:00]]
  [1m[35m (0.7ms)[0m  commit transaction
  [1m[36m (0.1ms)[0m  [1mbegin transaction[0m
  [1m[35mSQL (0.3ms)[0m  INSERT INTO "actors" ("created_at", "name", "updated_at") VALUES (?, ?, ?)  [["created_at", Fri, 15 Jan 2016 04:29:31 UTC +00:00], ["name", "Brad Pitt"], ["updated_at", Fri, 15 Jan 2016 04:29:31 UTC +00:00]]
  [1m[36m (0.6ms)[0m  [1mcommit transaction[0m
  [1m[35m (0.0ms)[0m  begin transaction
  [1m[36mSQL (0.3ms)[0m  [1mINSERT INTO "actors" ("created_at", "name", "updated_at") VALUES (?, ?, ?)[0m  [["created_at", Fri, 15 Jan 2016 04:29:31 UTC +00:00], ["name", "Elijah Wood"], ["updated_at", Fri, 15 Jan 2016 04:29:31 UTC +00:00]]
  [1m[35m (1.2ms)[0m  commit transaction
  [1m[36m (0.1ms)[0m  [1mbegin transaction[0m
  [1m[35mSQL (1.1ms)[0m  INSERT INTO "actors" ("created_at", "name", "updated_at") VALUES (?, ?, ?)  [["created_at", Fri, 15 Jan 2016 04:29:31 UTC +00:00], ["name", "Sean Astin"], ["updated_at", Fri, 15 Jan 2016 04:29:31 UTC +00:00]]
  [1m[36m (0.8ms)[0m  [1mcommit transaction[0m
  [1m[35m (0.3ms)[0m  begin transaction
  [1m[36mSQL (0.4ms)[0m  [1mUPDATE "movies" SET "genre_id" = ?, "updated_at" = ? WHERE "movies"."id" = 2[0m  [["genre_id", 5], ["updated_at", Fri, 15 Jan 2016 04:29:31 UTC +00:00]]
  [1m[35m (2.0ms)[0m  commit transaction
  [1m[36m (0.2ms)[0m  [1mbegin transaction[0m
  [1m[35mSQL (0.5ms)[0m  UPDATE "movies" SET "genre_id" = ?, "updated_at" = ? WHERE "movies"."id" = 3  [["genre_id", 5], ["updated_at", Fri, 15 Jan 2016 04:29:31 UTC +00:00]]
  [1m[36m (0.9ms)[0m  [1mcommit transaction[0m
  [1m[35m (0.2ms)[0m  begin transaction
  [1m[36mSQL (0.3ms)[0m  [1mUPDATE "movies" SET "genre_id" = ?, "updated_at" = ? WHERE "movies"."id" = 4[0m  [["genre_id", 5], ["updated_at", Fri, 15 Jan 2016 04:29:31 UTC +00:00]]
  [1m[35m (0.7ms)[0m  commit transaction
  [1m[36m (0.0ms)[0m  [1mbegin transaction[0m
  [1m[35mSQL (0.3ms)[0m  UPDATE "movies" SET "genre_id" = ?, "updated_at" = ? WHERE "movies"."id" = 1  [["genre_id", 5], ["updated_at", Fri, 15 Jan 2016 04:29:31 UTC +00:00]]
  [1m[36m (0.6ms)[0m  [1mcommit transaction[0m
  [1m[35m (0.0ms)[0m  begin transaction
  [1m[36mSQL (0.3ms)[0m  [1mUPDATE "movies" SET "genre_id" = ?, "updated_at" = ? WHERE "movies"."id" = 5[0m  [["genre_id", 3], ["updated_at", Fri, 15 Jan 2016 04:29:31 UTC +00:00]]
  [1m[35m (0.7ms)[0m  commit transaction
  [1m[36mActor Load (0.6ms)[0m  [1mSELECT "actors".* FROM "actors" INNER JOIN "actors_movies" ON "actors"."id" = "actors_movies"."actor_id" WHERE "actors_movies"."movie_id" = ?[0m  [["movie_id", 1]]
  [1m[35m (0.1ms)[0m  begin transaction
  [1m[36m (1.1ms)[0m  [1mINSERT INTO "actors_movies" ("movie_id", "actor_id") VALUES (1, 1)[0m
  [1m[35m (0.1ms)[0m  INSERT INTO "actors_movies" ("movie_id", "actor_id") VALUES (1, 2)
  [1m[36m (0.8ms)[0m  [1mcommit transaction[0m
  [1m[35m (0.0ms)[0m  begin transaction
  [1m[36m (0.0ms)[0m  [1mcommit transaction[0m
  [1m[35mActor Load (0.1ms)[0m  SELECT "actors".* FROM "actors" INNER JOIN "actors_movies" ON "actors"."id" = "actors_movies"."actor_id" WHERE "actors_movies"."movie_id" = ?  [["movie_id", 2]]
  [1m[36m (0.0ms)[0m  [1mbegin transaction[0m
  [1m[35m (0.3ms)[0m  INSERT INTO "actors_movies" ("movie_id", "actor_id") VALUES (2, 4)
  [1m[36m (0.1ms)[0m  [1mINSERT INTO "actors_movies" ("movie_id", "actor_id") VALUES (2, 5)[0m
  [1m[35m (1.4ms)[0m  commit transaction
  [1m[36m (0.2ms)[0m  [1mbegin transaction[0m
  [1m[35m (0.0ms)[0m  commit transaction
  [1m[36mActor Load (0.1ms)[0m  [1mSELECT "actors".* FROM "actors" INNER JOIN "actors_movies" ON "actors"."id" = "actors_movies"."actor_id" WHERE "actors_movies"."movie_id" = ?[0m  [["movie_id", 3]]
  [1m[35m (0.0ms)[0m  begin transaction
  [1m[36m (0.2ms)[0m  [1mINSERT INTO "actors_movies" ("movie_id", "actor_id") VALUES (3, 4)[0m
  [1m[35m (0.0ms)[0m  INSERT INTO "actors_movies" ("movie_id", "actor_id") VALUES (3, 5)
  [1m[36m (0.9ms)[0m  [1mcommit transaction[0m
  [1m[35m (0.1ms)[0m  begin transaction
  [1m[36m (0.3ms)[0m  [1mcommit transaction[0m
  [1m[35mActor Load (0.2ms)[0m  SELECT "actors".* FROM "actors" INNER JOIN "actors_movies" ON "actors"."id" = "actors_movies"."actor_id" WHERE "actors_movies"."movie_id" = ?  [["movie_id", 4]]
  [1m[36m (0.1ms)[0m  [1mbegin transaction[0m
  [1m[35m (0.4ms)[0m  INSERT INTO "actors_movies" ("movie_id", "actor_id") VALUES (4, 4)
  [1m[36m (0.1ms)[0m  [1mINSERT INTO "actors_movies" ("movie_id", "actor_id") VALUES (4, 5)[0m
  [1m[35m (1.3ms)[0m  commit transaction
  [1m[36m (0.1ms)[0m  [1mbegin transaction[0m
  [1m[35m (0.0ms)[0m  commit transaction


Started GET "/" for 127.0.0.1 at 2016-01-14 20:29:37 -0800
Processing by MoviesController#index as HTML
  [1m[35mMovie Load (0.8ms)[0m  SELECT "movies".* FROM "movies" WHERE (title LIKE '%%' OR description LIKE '%%' OR year_released LIKE '%%')
  [1m[36mGenre Load (0.1ms)[0m  [1mSELECT "genres".* FROM "genres" WHERE "genres"."id" = ? ORDER BY "genres"."id" ASC LIMIT 1[0m  [["id", 5]]
  [1m[35mCACHE (0.0ms)[0m  SELECT "genres".* FROM "genres" WHERE "genres"."id" = ? ORDER BY "genres"."id" ASC LIMIT 1  [["id", 5]]
  [1m[36mCACHE (0.0ms)[0m  [1mSELECT "genres".* FROM "genres" WHERE "genres"."id" = ? ORDER BY "genres"."id" ASC LIMIT 1[0m  [["id", 5]]
  [1m[35mCACHE (0.0ms)[0m  SELECT "genres".* FROM "genres" WHERE "genres"."id" = ? ORDER BY "genres"."id" ASC LIMIT 1  [["id", 5]]
  [1m[36mGenre Load (0.1ms)[0m  [1mSELECT "genres".* FROM "genres" WHERE "genres"."id" = ? ORDER BY "genres"."id" ASC LIMIT 1[0m  [["id", 3]]
  Rendered movies/_list.html.erb (71.0ms)
  Rendered movies/index.html.erb within layouts/application (76.9ms)
  [1m[35mUser Load (0.2ms)[0m  SELECT "users".* FROM "users" WHERE "users"."id" = 1 ORDER BY "users"."id" ASC LIMIT 1
Completed 200 OK in 102ms (Views: 95.4ms | ActiveRecord: 2.1ms)


Started GET "/assets/actor.css?body=1" for 127.0.0.1 at 2016-01-14 20:29:38 -0800


Started GET "/assets/application.css?body=1" for 127.0.0.1 at 2016-01-14 20:29:38 -0800


Started GET "/assets/jquery.js?body=1" for 127.0.0.1 at 2016-01-14 20:29:38 -0800


Started GET "/assets/actor.js?body=1" for 127.0.0.1 at 2016-01-14 20:29:38 -0800


Started GET "/assets/jquery_ujs.js?body=1" for 127.0.0.1 at 2016-01-14 20:29:38 -0800


Started GET "/assets/turbolinks.js?body=1" for 127.0.0.1 at 2016-01-14 20:29:38 -0800


Started GET "/assets/genre.css?body=1" for 127.0.0.1 at 2016-01-14 20:29:38 -0800


Started GET "/assets/movies.css?body=1" for 127.0.0.1 at 2016-01-14 20:29:38 -0800


Started GET "/assets/application.js?body=1" for 127.0.0.1 at 2016-01-14 20:29:38 -0800


Started GET "/assets/movies.js?body=1" for 127.0.0.1 at 2016-01-14 20:29:38 -0800


Started GET "/assets/genre.js?body=1" for 127.0.0.1 at 2016-01-14 20:29:38 -0800


Started GET "/users/sign_out" for 127.0.0.1 at 2016-01-14 20:30:16 -0800

ActionController::RoutingError (No route matches [GET] "/users/sign_out"):
  actionpack (4.0.0.rc1) lib/action_dispatch/middleware/debug_exceptions.rb:21:in `call'
  actionpack (4.0.0.rc1) lib/action_dispatch/middleware/show_exceptions.rb:30:in `call'
  railties (4.0.0.rc1) lib/rails/rack/logger.rb:38:in `call_app'
  railties (4.0.0.rc1) lib/rails/rack/logger.rb:21:in `block in call'
  activesupport (4.0.0.rc1) lib/active_support/tagged_logging.rb:67:in `block in tagged'
  activesupport (4.0.0.rc1) lib/active_support/tagged_logging.rb:25:in `tagged'
  activesupport (4.0.0.rc1) lib/active_support/tagged_logging.rb:67:in `tagged'
  railties (4.0.0.rc1) lib/rails/rack/logger.rb:21:in `call'
  actionpack (4.0.0.rc1) lib/action_dispatch/middleware/request_id.rb:21:in `call'
  rack (1.5.5) lib/rack/methodoverride.rb:21:in `call'
  rack (1.5.5) lib/rack/runtime.rb:17:in `call'
  activesupport (4.0.0.rc1) lib/active_support/cache/strategy/local_cache.rb:83:in `call'
  rack (1.5.5) lib/rack/lock.rb:17:in `call'
  actionpack (4.0.0.rc1) lib/action_dispatch/middleware/static.rb:64:in `call'
  railties (4.0.0.rc1) lib/rails/engine.rb:511:in `call'
  railties (4.0.0.rc1) lib/rails/application.rb:96:in `call'
  rack (1.5.5) lib/rack/lock.rb:17:in `call'
  rack (1.5.5) lib/rack/content_length.rb:14:in `call'
  rack (1.5.5) lib/rack/handler/webrick.rb:60:in `service'
  /Users/petershin/.rvm/rubies/ruby-2.2.1/lib/ruby/2.2.0/webrick/httpserver.rb:138:in `service'
  /Users/petershin/.rvm/rubies/ruby-2.2.1/lib/ruby/2.2.0/webrick/httpserver.rb:94:in `run'
  /Users/petershin/.rvm/rubies/ruby-2.2.1/lib/ruby/2.2.0/webrick/server.rb:294:in `block in start_thread'


  Rendered /Users/petershin/.rvm/gems/ruby-2.2.1/gems/actionpack-4.0.0.rc1/lib/action_dispatch/middleware/templates/rescues/_trace.erb (1.5ms)
  Rendered /Users/petershin/.rvm/gems/ruby-2.2.1/gems/actionpack-4.0.0.rc1/lib/action_dispatch/middleware/templates/routes/_route.html.erb (2.8ms)
  Rendered /Users/petershin/.rvm/gems/ruby-2.2.1/gems/actionpack-4.0.0.rc1/lib/action_dispatch/middleware/templates/routes/_table.html.erb (1.1ms)
  Rendered /Users/petershin/.rvm/gems/ruby-2.2.1/gems/actionpack-4.0.0.rc1/lib/action_dispatch/middleware/templates/rescues/routing_error.erb within rescues/layout (59.2ms)


Started GET "/users/sign_out" for 127.0.0.1 at 2016-01-14 20:30:16 -0800

ActionController::RoutingError (No route matches [GET] "/users/sign_out"):
  actionpack (4.0.0.rc1) lib/action_dispatch/middleware/debug_exceptions.rb:21:in `call'
  actionpack (4.0.0.rc1) lib/action_dispatch/middleware/show_exceptions.rb:30:in `call'
  railties (4.0.0.rc1) lib/rails/rack/logger.rb:38:in `call_app'
  railties (4.0.0.rc1) lib/rails/rack/logger.rb:21:in `block in call'
  activesupport (4.0.0.rc1) lib/active_support/tagged_logging.rb:67:in `block in tagged'
  activesupport (4.0.0.rc1) lib/active_support/tagged_logging.rb:25:in `tagged'
  activesupport (4.0.0.rc1) lib/active_support/tagged_logging.rb:67:in `tagged'
  railties (4.0.0.rc1) lib/rails/rack/logger.rb:21:in `call'
  actionpack (4.0.0.rc1) lib/action_dispatch/middleware/request_id.rb:21:in `call'
  rack (1.5.5) lib/rack/methodoverride.rb:21:in `call'
  rack (1.5.5) lib/rack/runtime.rb:17:in `call'
  activesupport (4.0.0.rc1) lib/active_support/cache/strategy/local_cache.rb:83:in `call'
  rack (1.5.5) lib/rack/lock.rb:17:in `call'
  actionpack (4.0.0.rc1) lib/action_dispatch/middleware/static.rb:64:in `call'
  railties (4.0.0.rc1) lib/rails/engine.rb:511:in `call'
  railties (4.0.0.rc1) lib/rails/application.rb:96:in `call'
  rack (1.5.5) lib/rack/lock.rb:17:in `call'
  rack (1.5.5) lib/rack/content_length.rb:14:in `call'
  rack (1.5.5) lib/rack/handler/webrick.rb:60:in `service'
  /Users/petershin/.rvm/rubies/ruby-2.2.1/lib/ruby/2.2.0/webrick/httpserver.rb:138:in `service'
  /Users/petershin/.rvm/rubies/ruby-2.2.1/lib/ruby/2.2.0/webrick/httpserver.rb:94:in `run'
  /Users/petershin/.rvm/rubies/ruby-2.2.1/lib/ruby/2.2.0/webrick/server.rb:294:in `block in start_thread'


  Rendered /Users/petershin/.rvm/gems/ruby-2.2.1/gems/actionpack-4.0.0.rc1/lib/action_dispatch/middleware/templates/rescues/_trace.erb (1.0ms)
  Rendered /Users/petershin/.rvm/gems/ruby-2.2.1/gems/actionpack-4.0.0.rc1/lib/action_dispatch/middleware/templates/routes/_route.html.erb (2.7ms)
  Rendered /Users/petershin/.rvm/gems/ruby-2.2.1/gems/actionpack-4.0.0.rc1/lib/action_dispatch/middleware/templates/routes/_table.html.erb (1.2ms)
  Rendered /Users/petershin/.rvm/gems/ruby-2.2.1/gems/actionpack-4.0.0.rc1/lib/action_dispatch/middleware/templates/rescues/routing_error.erb within rescues/layout (51.5ms)


Started GET "/users/sign_out" for 127.0.0.1 at 2016-01-14 20:31:16 -0800

ActionController::RoutingError (No route matches [GET] "/users/sign_out"):
  actionpack (4.0.0.rc1) lib/action_dispatch/middleware/debug_exceptions.rb:21:in `call'
  actionpack (4.0.0.rc1) lib/action_dispatch/middleware/show_exceptions.rb:30:in `call'
  railties (4.0.0.rc1) lib/rails/rack/logger.rb:38:in `call_app'
  railties (4.0.0.rc1) lib/rails/rack/logger.rb:21:in `block in call'
  activesupport (4.0.0.rc1) lib/active_support/tagged_logging.rb:67:in `block in tagged'
  activesupport (4.0.0.rc1) lib/active_support/tagged_logging.rb:25:in `tagged'
  activesupport (4.0.0.rc1) lib/active_support/tagged_logging.rb:67:in `tagged'
  railties (4.0.0.rc1) lib/rails/rack/logger.rb:21:in `call'
  actionpack (4.0.0.rc1) lib/action_dispatch/middleware/request_id.rb:21:in `call'
  rack (1.5.5) lib/rack/methodoverride.rb:21:in `call'
  rack (1.5.5) lib/rack/runtime.rb:17:in `call'
  activesupport (4.0.0.rc1) lib/active_support/cache/strategy/local_cache.rb:83:in `call'
  rack (1.5.5) lib/rack/lock.rb:17:in `call'
  actionpack (4.0.0.rc1) lib/action_dispatch/middleware/static.rb:64:in `call'
  railties (4.0.0.rc1) lib/rails/engine.rb:511:in `call'
  railties (4.0.0.rc1) lib/rails/application.rb:96:in `call'
  rack (1.5.5) lib/rack/lock.rb:17:in `call'
  rack (1.5.5) lib/rack/content_length.rb:14:in `call'
  rack (1.5.5) lib/rack/handler/webrick.rb:60:in `service'
  /Users/petershin/.rvm/rubies/ruby-2.2.1/lib/ruby/2.2.0/webrick/httpserver.rb:138:in `service'
  /Users/petershin/.rvm/rubies/ruby-2.2.1/lib/ruby/2.2.0/webrick/httpserver.rb:94:in `run'
  /Users/petershin/.rvm/rubies/ruby-2.2.1/lib/ruby/2.2.0/webrick/server.rb:294:in `block in start_thread'


  Rendered /Users/petershin/.rvm/gems/ruby-2.2.1/gems/actionpack-4.0.0.rc1/lib/action_dispatch/middleware/templates/rescues/_trace.erb (1.3ms)
  Rendered /Users/petershin/.rvm/gems/ruby-2.2.1/gems/actionpack-4.0.0.rc1/lib/action_dispatch/middleware/templates/routes/_route.html.erb (3.0ms)
  Rendered /Users/petershin/.rvm/gems/ruby-2.2.1/gems/actionpack-4.0.0.rc1/lib/action_dispatch/middleware/templates/routes/_table.html.erb (1.9ms)
  Rendered /Users/petershin/.rvm/gems/ruby-2.2.1/gems/actionpack-4.0.0.rc1/lib/action_dispatch/middleware/templates/rescues/routing_error.erb within rescues/layout (60.2ms)


Started GET "/users/sign_out" for 127.0.0.1 at 2016-01-14 20:31:16 -0800

ActionController::RoutingError (No route matches [GET] "/users/sign_out"):
  actionpack (4.0.0.rc1) lib/action_dispatch/middleware/debug_exceptions.rb:21:in `call'
  actionpack (4.0.0.rc1) lib/action_dispatch/middleware/show_exceptions.rb:30:in `call'
  railties (4.0.0.rc1) lib/rails/rack/logger.rb:38:in `call_app'
  railties (4.0.0.rc1) lib/rails/rack/logger.rb:21:in `block in call'
  activesupport (4.0.0.rc1) lib/active_support/tagged_logging.rb:67:in `block in tagged'
  activesupport (4.0.0.rc1) lib/active_support/tagged_logging.rb:25:in `tagged'
  activesupport (4.0.0.rc1) lib/active_support/tagged_logging.rb:67:in `tagged'
  railties (4.0.0.rc1) lib/rails/rack/logger.rb:21:in `call'
  actionpack (4.0.0.rc1) lib/action_dispatch/middleware/request_id.rb:21:in `call'
  rack (1.5.5) lib/rack/methodoverride.rb:21:in `call'
  rack (1.5.5) lib/rack/runtime.rb:17:in `call'
  activesupport (4.0.0.rc1) lib/active_support/cache/strategy/local_cache.rb:83:in `call'
  rack (1.5.5) lib/rack/lock.rb:17:in `call'
  actionpack (4.0.0.rc1) lib/action_dispatch/middleware/static.rb:64:in `call'
  railties (4.0.0.rc1) lib/rails/engine.rb:511:in `call'
  railties (4.0.0.rc1) lib/rails/application.rb:96:in `call'
  rack (1.5.5) lib/rack/lock.rb:17:in `call'
  rack (1.5.5) lib/rack/content_length.rb:14:in `call'
  rack (1.5.5) lib/rack/handler/webrick.rb:60:in `service'
  /Users/petershin/.rvm/rubies/ruby-2.2.1/lib/ruby/2.2.0/webrick/httpserver.rb:138:in `service'
  /Users/petershin/.rvm/rubies/ruby-2.2.1/lib/ruby/2.2.0/webrick/httpserver.rb:94:in `run'
  /Users/petershin/.rvm/rubies/ruby-2.2.1/lib/ruby/2.2.0/webrick/server.rb:294:in `block in start_thread'


  Rendered /Users/petershin/.rvm/gems/ruby-2.2.1/gems/actionpack-4.0.0.rc1/lib/action_dispatch/middleware/templates/rescues/_trace.erb (0.9ms)
  Rendered /Users/petershin/.rvm/gems/ruby-2.2.1/gems/actionpack-4.0.0.rc1/lib/action_dispatch/middleware/templates/routes/_route.html.erb (2.9ms)
  Rendered /Users/petershin/.rvm/gems/ruby-2.2.1/gems/actionpack-4.0.0.rc1/lib/action_dispatch/middleware/templates/routes/_table.html.erb (1.0ms)
  Rendered /Users/petershin/.rvm/gems/ruby-2.2.1/gems/actionpack-4.0.0.rc1/lib/action_dispatch/middleware/templates/rescues/routing_error.erb within rescues/layout (53.4ms)


Started GET "/users/sign_out" for 127.0.0.1 at 2016-01-14 20:31:53 -0800
Processing by Devise::SessionsController#destroy as HTML
  [1m[36mUser Load (0.8ms)[0m  [1mSELECT "users".* FROM "users" WHERE "users"."id" = 1 ORDER BY "users"."id" ASC LIMIT 1[0m
  [1m[35m (0.1ms)[0m  begin transaction
  [1m[36m (0.1ms)[0m  [1mcommit transaction[0m
Redirected to http://localhost:3000/
Completed 302 Found in 68ms (ActiveRecord: 1.4ms)


Started GET "/" for 127.0.0.1 at 2016-01-14 20:31:53 -0800
Processing by MoviesController#index as HTML
  [1m[35mMovie Load (0.6ms)[0m  SELECT "movies".* FROM "movies" WHERE (title LIKE '%%' OR description LIKE '%%' OR year_released LIKE '%%')
  [1m[36mGenre Load (2.3ms)[0m  [1mSELECT "genres".* FROM "genres" WHERE "genres"."id" = ? ORDER BY "genres"."id" ASC LIMIT 1[0m  [["id", 5]]
  [1m[35mCACHE (0.0ms)[0m  SELECT "genres".* FROM "genres" WHERE "genres"."id" = ? ORDER BY "genres"."id" ASC LIMIT 1  [["id", 5]]
  [1m[36mCACHE (0.0ms)[0m  [1mSELECT "genres".* FROM "genres" WHERE "genres"."id" = ? ORDER BY "genres"."id" ASC LIMIT 1[0m  [["id", 5]]
  [1m[35mCACHE (0.0ms)[0m  SELECT "genres".* FROM "genres" WHERE "genres"."id" = ? ORDER BY "genres"."id" ASC LIMIT 1  [["id", 5]]
  [1m[36mGenre Load (0.1ms)[0m  [1mSELECT "genres".* FROM "genres" WHERE "genres"."id" = ? ORDER BY "genres"."id" ASC LIMIT 1[0m  [["id", 3]]
  Rendered movies/_list.html.erb (56.2ms)
  Rendered movies/index.html.erb within layouts/application (63.4ms)
Completed 200 OK in 157ms (Views: 145.1ms | ActiveRecord: 3.6ms)
  [1m[36mMovie Load (0.5ms)[0m  [1mSELECT "movies".* FROM "movies" ORDER BY "movies"."id" ASC LIMIT 1[0m
  [1m[35mMovie Load (0.2ms)[0m  SELECT "movies".* FROM "movies" ORDER BY "movies"."id" ASC LIMIT 1
  [1m[36mMovie Load (0.5ms)[0m  [1mSELECT "movies".* FROM "movies" ORDER BY "movies"."id" ASC LIMIT 1[0m
  [1m[35mMovie Load (0.4ms)[0m  SELECT "movies".* FROM "movies" ORDER BY "movies"."id" ASC LIMIT 1
  [1m[36mMovie Load (1.3ms)[0m  [1mSELECT "movies".* FROM "movies" ORDER BY "movies"."id" ASC LIMIT 1[0m
  [1m[36mActiveRecord::SchemaMigration Load (0.6ms)[0m  [1mSELECT "schema_migrations".* FROM "schema_migrations"[0m
Migrating to AddUserMovieJoinTable (20160115044432)
  [1m[35m (0.1ms)[0m  begin transaction
  [1m[36m (0.4ms)[0m  [1mCREATE TABLE "movies_users" ("id" INTEGER PRIMARY KEY AUTOINCREMENT NOT NULL, "movies_id" integer, "users_id" integer) [0m
  [1m[35m (0.3ms)[0m  CREATE INDEX "index_movies_users_on_movies_id" ON "movies_users" ("movies_id")
  [1m[36m (0.1ms)[0m  [1mCREATE INDEX "index_movies_users_on_users_id" ON "movies_users" ("users_id")[0m
  [1m[35mSQL (0.5ms)[0m  INSERT INTO "schema_migrations" ("version") VALUES (?)  [["version", "20160115044432"]]
  [1m[36m (0.7ms)[0m  [1mcommit transaction[0m
  [1m[35mActiveRecord::SchemaMigration Load (0.5ms)[0m  SELECT "schema_migrations".* FROM "schema_migrations"
  [1m[36mMovie Load (0.1ms)[0m  [1mSELECT "movies".* FROM "movies" ORDER BY "movies"."id" ASC LIMIT 1[0m
  [1m[35mMovie Load (0.2ms)[0m  SELECT "movies".* FROM "movies" ORDER BY "movies"."id" ASC LIMIT 1
  [1m[36mUser Load (0.3ms)[0m  [1mSELECT "users".* FROM "users" INNER JOIN "movies_users" ON "users"."id" = "movies_users"."user_id" WHERE "movies_users"."movie_id" = ?[0m  [[nil, 1]]
SQLite3::SQLException: no such column: movies_users.movie_id: SELECT "users".* FROM "users" INNER JOIN "movies_users" ON "users"."id" = "movies_users"."user_id" WHERE "movies_users"."movie_id" = ?
  [1m[36mMovie Load (0.2ms)[0m  [1mSELECT "movies".* FROM "movies" ORDER BY "movies"."id" ASC LIMIT 1[0m
  [1m[35mMovie Load (2.8ms)[0m  SELECT "movies".* FROM "movies" ORDER BY "movies"."id" ASC LIMIT 1
  [1m[36mUser Load (0.2ms)[0m  [1mSELECT "users".* FROM "users" INNER JOIN "movies_users" ON "users"."id" = "movies_users"."user_id" WHERE "movies_users"."movie_id" = ?[0m  [[nil, 1]]
SQLite3::SQLException: no such column: movies_users.movie_id: SELECT "users".* FROM "users" INNER JOIN "movies_users" ON "users"."id" = "movies_users"."user_id" WHERE "movies_users"."movie_id" = ?
  [1m[36mActiveRecord::SchemaMigration Load (0.4ms)[0m  [1mSELECT "schema_migrations".* FROM "schema_migrations"[0m
  [1m[35mActiveRecord::SchemaMigration Load (0.1ms)[0m  SELECT "schema_migrations".* FROM "schema_migrations"
  [1m[36mMovie Load (0.1ms)[0m  [1mSELECT "movies".* FROM "movies" ORDER BY "movies"."id" ASC LIMIT 1[0m
  [1m[35mUser Load (0.2ms)[0m  SELECT "users".* FROM "users" INNER JOIN "movies_users" ON "users"."id" = "movies_users"."user_id" WHERE "movies_users"."movie_id" = ?  [[nil, 1]]
SQLite3::SQLException: no such column: movies_users.movie_id: SELECT "users".* FROM "users" INNER JOIN "movies_users" ON "users"."id" = "movies_users"."user_id" WHERE "movies_users"."movie_id" = ?
  [1m[36m (1.1ms)[0m  [1mCREATE TABLE "schema_migrations" ("version" varchar(255) NOT NULL) [0m
  [1m[35m (0.9ms)[0m  CREATE UNIQUE INDEX "unique_schema_migrations" ON "schema_migrations" ("version")
  [1m[36mActiveRecord::SchemaMigration Load (0.2ms)[0m  [1mSELECT "schema_migrations".* FROM "schema_migrations"[0m
Migrating to CreateMovies (20130610234924)
  [1m[35m (0.1ms)[0m  begin transaction
  [1m[36m (0.4ms)[0m  [1mCREATE TABLE "movies" ("id" INTEGER PRIMARY KEY AUTOINCREMENT NOT NULL, "title" varchar(255), "description" text, "year_released" integer, "created_at" datetime, "updated_at" datetime) [0m
  [1m[35mSQL (0.3ms)[0m  INSERT INTO "schema_migrations" ("version") VALUES (?)  [["version", "20130610234924"]]
  [1m[36m (1.1ms)[0m  [1mcommit transaction[0m
Migrating to AddRatingToMovies (20130610235644)
  [1m[35m (0.1ms)[0m  begin transaction
  [1m[36m (0.4ms)[0m  [1mALTER TABLE "movies" ADD "rating" integer DEFAULT 3[0m
  [1m[35mSQL (0.1ms)[0m  INSERT INTO "schema_migrations" ("version") VALUES (?)  [["version", "20130610235644"]]
  [1m[36m (0.8ms)[0m  [1mcommit transaction[0m
Migrating to CreateGenres (20160114223929)
  [1m[35m (0.1ms)[0m  begin transaction
  [1m[36m (0.3ms)[0m  [1mCREATE TABLE "genres" ("id" INTEGER PRIMARY KEY AUTOINCREMENT NOT NULL, "title" varchar(255), "created_at" datetime, "updated_at" datetime) [0m
  [1m[35mSQL (0.1ms)[0m  INSERT INTO "schema_migrations" ("version") VALUES (?)  [["version", "20160114223929"]]
  [1m[36m (1.9ms)[0m  [1mcommit transaction[0m
Migrating to CreateActors (20160114224003)
  [1m[35m (0.1ms)[0m  begin transaction
  [1m[36m (0.6ms)[0m  [1mCREATE TABLE "actors" ("id" INTEGER PRIMARY KEY AUTOINCREMENT NOT NULL, "name" varchar(255), "created_at" datetime, "updated_at" datetime) [0m
  [1m[35mSQL (0.2ms)[0m  INSERT INTO "schema_migrations" ("version") VALUES (?)  [["version", "20160114224003"]]
  [1m[36m (7.1ms)[0m  [1mcommit transaction[0m
Migrating to AddColumnsToMovie (20160114230207)
  [1m[35m (0.1ms)[0m  begin transaction
  [1m[36m (0.3ms)[0m  [1mALTER TABLE "movies" ADD "genre_id" integer[0m
  [1m[35m (0.1ms)[0m  CREATE INDEX "index_movies_on_genre_id" ON "movies" ("genre_id")
  [1m[36m (0.1ms)[0m  [1mCREATE TABLE "actors_movies" ("id" INTEGER PRIMARY KEY AUTOINCREMENT NOT NULL, "actor_id" integer, "movie_id" integer) [0m
  [1m[35m (0.1ms)[0m  CREATE INDEX "index_actors_movies_on_actor_id" ON "actors_movies" ("actor_id")
  [1m[36m (0.1ms)[0m  [1mCREATE INDEX "index_actors_movies_on_movie_id" ON "actors_movies" ("movie_id")[0m
  [1m[35mSQL (0.1ms)[0m  INSERT INTO "schema_migrations" ("version") VALUES (?)  [["version", "20160114230207"]]
  [1m[36m (0.8ms)[0m  [1mcommit transaction[0m
Migrating to DeviseCreateUsers (20160115041640)
  [1m[35m (0.1ms)[0m  begin transaction
  [1m[36m (0.4ms)[0m  [1mCREATE TABLE "users" ("id" INTEGER PRIMARY KEY AUTOINCREMENT NOT NULL, "email" varchar(255) DEFAULT '' NOT NULL, "encrypted_password" varchar(255) DEFAULT '' NOT NULL, "reset_password_token" varchar(255), "reset_password_sent_at" datetime, "remember_created_at" datetime, "sign_in_count" integer DEFAULT 0 NOT NULL, "current_sign_in_at" datetime, "last_sign_in_at" datetime, "current_sign_in_ip" varchar(255), "last_sign_in_ip" varchar(255), "created_at" datetime, "updated_at" datetime) [0m
  [1m[35m (0.4ms)[0m  CREATE UNIQUE INDEX "index_users_on_email" ON "users" ("email")
  [1m[36m (0.1ms)[0m  [1mCREATE UNIQUE INDEX "index_users_on_reset_password_token" ON "users" ("reset_password_token")[0m
  [1m[35mSQL (0.1ms)[0m  INSERT INTO "schema_migrations" ("version") VALUES (?)  [["version", "20160115041640"]]
  [1m[36m (1.0ms)[0m  [1mcommit transaction[0m
Migrating to AddUserMovieJoinTable (20160115044432)
  [1m[35m (0.1ms)[0m  begin transaction
  [1m[36m (0.3ms)[0m  [1mCREATE TABLE "movies_users" ("id" INTEGER PRIMARY KEY AUTOINCREMENT NOT NULL, "movie_id" integer, "user_id" integer) [0m
  [1m[35m (0.1ms)[0m  CREATE INDEX "index_movies_users_on_movie_id" ON "movies_users" ("movie_id")
  [1m[36m (0.1ms)[0m  [1mCREATE INDEX "index_movies_users_on_user_id" ON "movies_users" ("user_id")[0m
  [1m[35mSQL (0.1ms)[0m  INSERT INTO "schema_migrations" ("version") VALUES (?)  [["version", "20160115044432"]]
  [1m[36m (0.9ms)[0m  [1mcommit transaction[0m
  [1m[35mActiveRecord::SchemaMigration Load (0.1ms)[0m  SELECT "schema_migrations".* FROM "schema_migrations"
  [1m[36mActiveRecord::SchemaMigration Load (0.1ms)[0m  [1mSELECT "schema_migrations".* FROM "schema_migrations"[0m
  [1m[35m (0.1ms)[0m  begin transaction
  [1m[36mSQL (1.3ms)[0m  [1mINSERT INTO "movies" ("created_at", "description", "title", "updated_at", "year_released") VALUES (?, ?, ?, ?, ?)[0m  [["created_at", Fri, 15 Jan 2016 05:01:48 UTC +00:00], ["description", "Playing videogames can teach you kung-fu"], ["title", "The Matrix"], ["updated_at", Fri, 15 Jan 2016 05:01:48 UTC +00:00], ["year_released", 1999]]
  [1m[35m (0.8ms)[0m  commit transaction
  [1m[36m (0.1ms)[0m  [1mbegin transaction[0m
  [1m[35mSQL (0.8ms)[0m  INSERT INTO "movies" ("created_at", "description", "title", "updated_at", "year_released") VALUES (?, ?, ?, ?, ?)  [["created_at", Fri, 15 Jan 2016 05:01:48 UTC +00:00], ["description", "More Hobbits"], ["title", "The Lord of the Rings: The Fellowship of the Ring"], ["updated_at", Fri, 15 Jan 2016 05:01:48 UTC +00:00], ["year_released", 2001]]
  [1m[36m (1.3ms)[0m  [1mcommit transaction[0m
  [1m[35m (0.1ms)[0m  begin transaction
  [1m[36mSQL (0.3ms)[0m  [1mINSERT INTO "movies" ("created_at", "description", "title", "updated_at", "year_released") VALUES (?, ?, ?, ?, ?)[0m  [["created_at", Fri, 15 Jan 2016 05:01:48 UTC +00:00], ["description", "Again with the Hobbits and their jewelry obsession"], ["title", "The Lord of the Rings: The Two Towers"], ["updated_at", Fri, 15 Jan 2016 05:01:48 UTC +00:00], ["year_released", 2002]]
  [1m[35m (0.7ms)[0m  commit transaction
  [1m[36m (0.0ms)[0m  [1mbegin transaction[0m
  [1m[35mSQL (0.3ms)[0m  INSERT INTO "movies" ("created_at", "description", "title", "updated_at", "year_released") VALUES (?, ?, ?, ?, ?)  [["created_at", Fri, 15 Jan 2016 05:01:48 UTC +00:00], ["description", "Something to do with Hobbits"], ["title", "The Lord of the Rings: The Return of the King"], ["updated_at", Fri, 15 Jan 2016 05:01:48 UTC +00:00], ["year_released", 2003]]
  [1m[36m (0.7ms)[0m  [1mcommit transaction[0m
  [1m[35m (0.0ms)[0m  begin transaction
  [1m[36mSQL (0.2ms)[0m  [1mINSERT INTO "movies" ("created_at", "description", "title", "updated_at", "year_released") VALUES (?, ?, ?, ?, ?)[0m  [["created_at", Fri, 15 Jan 2016 05:01:48 UTC +00:00], ["description", "This is your life... Apparently it's really easy to make explosives"], ["title", "Fight Club"], ["updated_at", Fri, 15 Jan 2016 05:01:48 UTC +00:00], ["year_released", 1999]]
  [1m[35m (0.8ms)[0m  commit transaction
  [1m[36m (0.1ms)[0m  [1mbegin transaction[0m
  [1m[35mSQL (0.3ms)[0m  INSERT INTO "movies" ("created_at", "description", "title", "updated_at", "year_released") VALUES (?, ?, ?, ?, ?)  [["created_at", Fri, 15 Jan 2016 05:01:48 UTC +00:00], ["description", "Morgan Freeman in Jail"], ["title", "The Shawshank Redemption"], ["updated_at", Fri, 15 Jan 2016 05:01:48 UTC +00:00], ["year_released", 1994]]
  [1m[36m (0.8ms)[0m  [1mcommit transaction[0m
  [1m[35m (0.1ms)[0m  begin transaction
  [1m[36mSQL (0.3ms)[0m  [1mINSERT INTO "movies" ("created_at", "description", "title", "updated_at", "year_released") VALUES (?, ?, ?, ?, ?)[0m  [["created_at", Fri, 15 Jan 2016 05:01:48 UTC +00:00], ["description", "Hard core Gangster activity"], ["title", "The Godfather"], ["updated_at", Fri, 15 Jan 2016 05:01:48 UTC +00:00], ["year_released", 1972]]
  [1m[35m (0.7ms)[0m  commit transaction
  [1m[36m (0.0ms)[0m  [1mbegin transaction[0m
  [1m[35mSQL (0.3ms)[0m  INSERT INTO "movies" ("created_at", "description", "title", "updated_at", "year_released") VALUES (?, ?, ?, ?, ?)  [["created_at", Fri, 15 Jan 2016 05:01:48 UTC +00:00], ["description", "More Gangsters, aw yea"], ["title", "The Godfather: Part II"], ["updated_at", Fri, 15 Jan 2016 05:01:48 UTC +00:00], ["year_released", 1974]]
  [1m[36m (1.0ms)[0m  [1mcommit transaction[0m
  [1m[35m (0.1ms)[0m  begin transaction
  [1m[36mSQL (0.3ms)[0m  [1mINSERT INTO "movies" ("created_at", "description", "title", "updated_at", "year_released") VALUES (?, ?, ?, ?, ?)[0m  [["created_at", Fri, 15 Jan 2016 05:01:48 UTC +00:00], ["description", "Samuel Jackson screams a LOT! Say What again!"], ["title", "Pulp Fiction"], ["updated_at", Fri, 15 Jan 2016 05:01:48 UTC +00:00], ["year_released", 1994]]
  [1m[35m (0.8ms)[0m  commit transaction
  [1m[36m (0.0ms)[0m  [1mbegin transaction[0m
  [1m[35mSQL (0.4ms)[0m  INSERT INTO "movies" ("created_at", "description", "title", "updated_at", "year_released") VALUES (?, ?, ?, ?, ?)  [["created_at", Fri, 15 Jan 2016 05:01:48 UTC +00:00], ["description", "Cowboys will be cowboys"], ["title", "The Good, the Bad and the Ugly"], ["updated_at", Fri, 15 Jan 2016 05:01:48 UTC +00:00], ["year_released", 1966]]
  [1m[36m (0.6ms)[0m  [1mcommit transaction[0m
  [1m[35m (0.0ms)[0m  begin transaction
  [1m[36mSQL (0.3ms)[0m  [1mINSERT INTO "movies" ("created_at", "description", "title", "updated_at", "year_released") VALUES (?, ?, ?, ?, ?)[0m  [["created_at", Fri, 15 Jan 2016 05:01:48 UTC +00:00], ["description", "Really old movie about a court case. They have anger issues"], ["title", "12 Angry Men"], ["updated_at", Fri, 15 Jan 2016 05:01:48 UTC +00:00], ["year_released", 1957]]
  [1m[35m (0.7ms)[0m  commit transaction
  [1m[36m (0.0ms)[0m  [1mbegin transaction[0m
  [1m[35mSQL (0.2ms)[0m  INSERT INTO "movies" ("created_at", "description", "title", "updated_at", "year_released") VALUES (?, ?, ?, ?, ?)  [["created_at", Fri, 15 Jan 2016 05:01:48 UTC +00:00], ["description", "Batman (not a super hero), battles the joker for who can have the most not normal voice ever"], ["title", "The Dark Knight"], ["updated_at", Fri, 15 Jan 2016 05:01:48 UTC +00:00], ["year_released", 2008]]
  [1m[36m (0.6ms)[0m  [1mcommit transaction[0m
  [1m[35m (0.0ms)[0m  begin transaction
  [1m[36mSQL (0.2ms)[0m  [1mINSERT INTO "movies" ("created_at", "description", "title", "updated_at", "year_released") VALUES (?, ?, ?, ?, ?)[0m  [["created_at", Fri, 15 Jan 2016 05:01:48 UTC +00:00], ["description", "It's about the Holocaust I think"], ["title", "Schindler's List"], ["updated_at", Fri, 15 Jan 2016 05:01:48 UTC +00:00], ["year_released", 1993]]
  [1m[35m (0.7ms)[0m  commit transaction
  [1m[36m (0.1ms)[0m  [1mbegin transaction[0m
  [1m[35mSQL (0.2ms)[0m  INSERT INTO "movies" ("created_at", "description", "title", "updated_at", "year_released") VALUES (?, ?, ?, ?, ?)  [["created_at", Fri, 15 Jan 2016 05:01:48 UTC +00:00], ["description", "The best Star Wars EVER"], ["title", "Star Wars: Episode V - The Empire Strikes Back"], ["updated_at", Fri, 15 Jan 2016 05:01:48 UTC +00:00], ["year_released", 1980]]
  [1m[36m (0.7ms)[0m  [1mcommit transaction[0m
  [1m[35m (0.0ms)[0m  begin transaction
  [1m[36mSQL (0.2ms)[0m  [1mINSERT INTO "movies" ("created_at", "description", "title", "updated_at", "year_released") VALUES (?, ?, ?, ?, ?)[0m  [["created_at", Fri, 15 Jan 2016 05:01:48 UTC +00:00], ["description", "Crazy guy does crazy stuff"], ["title", "One Flew Over the Cuckoo's Nest"], ["updated_at", Fri, 15 Jan 2016 05:01:48 UTC +00:00], ["year_released", 1975]]
  [1m[35m (0.7ms)[0m  commit transaction
  [1m[36m (0.1ms)[0m  [1mbegin transaction[0m
  [1m[35mSQL (0.3ms)[0m  INSERT INTO "movies" ("created_at", "description", "title", "updated_at", "year_released") VALUES (?, ?, ?, ?, ?)  [["created_at", Fri, 15 Jan 2016 05:01:48 UTC +00:00], ["description", "Dream in a dream, in a nap, in a dozing off in class"], ["title", "Inception"], ["updated_at", Fri, 15 Jan 2016 05:01:48 UTC +00:00], ["year_released", 2010]]
  [1m[36m (0.7ms)[0m  [1mcommit transaction[0m
  [1m[35m (0.0ms)[0m  begin transaction
  [1m[36mSQL (0.3ms)[0m  [1mINSERT INTO "movies" ("created_at", "description", "title", "updated_at", "year_released") VALUES (?, ?, ?, ?, ?)[0m  [["created_at", Fri, 15 Jan 2016 05:01:48 UTC +00:00], ["description", "I think Joe Pesci is in this one"], ["title", "Goodfellas"], ["updated_at", Fri, 15 Jan 2016 05:01:48 UTC +00:00], ["year_released", 1990]]
  [1m[35m (0.7ms)[0m  commit transaction
  [1m[36m (0.0ms)[0m  [1mbegin transaction[0m
  [1m[35mSQL (0.3ms)[0m  INSERT INTO "movies" ("created_at", "description", "title", "updated_at", "year_released") VALUES (?, ?, ?, ?, ?)  [["created_at", Fri, 15 Jan 2016 05:01:48 UTC +00:00], ["description", "Let the Wookie win"], ["title", "Star Wars"], ["updated_at", Fri, 15 Jan 2016 05:01:48 UTC +00:00], ["year_released", 1977]]
  [1m[36m (0.7ms)[0m  [1mcommit transaction[0m
  [1m[35m (0.1ms)[0m  begin transaction
  [1m[36mSQL (0.3ms)[0m  [1mINSERT INTO "movies" ("created_at", "description", "title", "updated_at", "year_released") VALUES (?, ?, ?, ?, ?)[0m  [["created_at", Fri, 15 Jan 2016 05:01:48 UTC +00:00], ["description", "One of the best films ever made... according to Wikipedia"], ["title", "Seven Samurai"], ["updated_at", Fri, 15 Jan 2016 05:01:48 UTC +00:00], ["year_released", 1954]]
  [1m[35m (0.8ms)[0m  commit transaction
  [1m[36m (0.1ms)[0m  [1mbegin transaction[0m
  [1m[35mSQL (0.3ms)[0m  INSERT INTO "movies" ("created_at", "description", "title", "updated_at", "year_released") VALUES (?, ?, ?, ?, ?)  [["created_at", Fri, 15 Jan 2016 05:01:48 UTC +00:00], ["description", "Life is like a box of chocolates. It will give you diabetes"], ["title", "Forrest Gump"], ["updated_at", Fri, 15 Jan 2016 05:01:48 UTC +00:00], ["year_released", 1994]]
  [1m[36m (0.6ms)[0m  [1mcommit transaction[0m
  [1m[35m (0.1ms)[0m  begin transaction
  [1m[36mSQL (0.3ms)[0m  [1mINSERT INTO "genres" ("created_at", "title", "updated_at") VALUES (?, ?, ?)[0m  [["created_at", Fri, 15 Jan 2016 05:01:48 UTC +00:00], ["title", "Horror"], ["updated_at", Fri, 15 Jan 2016 05:01:48 UTC +00:00]]
  [1m[35m (0.9ms)[0m  commit transaction
  [1m[36m (0.1ms)[0m  [1mbegin transaction[0m
  [1m[35mSQL (0.3ms)[0m  INSERT INTO "genres" ("created_at", "title", "updated_at") VALUES (?, ?, ?)  [["created_at", Fri, 15 Jan 2016 05:01:48 UTC +00:00], ["title", "Comedy"], ["updated_at", Fri, 15 Jan 2016 05:01:48 UTC +00:00]]
  [1m[36m (0.7ms)[0m  [1mcommit transaction[0m
  [1m[35m (0.1ms)[0m  begin transaction
  [1m[36mSQL (0.2ms)[0m  [1mINSERT INTO "genres" ("created_at", "title", "updated_at") VALUES (?, ?, ?)[0m  [["created_at", Fri, 15 Jan 2016 05:01:48 UTC +00:00], ["title", "Drama"], ["updated_at", Fri, 15 Jan 2016 05:01:48 UTC +00:00]]
  [1m[35m (0.7ms)[0m  commit transaction
  [1m[36m (0.0ms)[0m  [1mbegin transaction[0m
  [1m[35mSQL (0.2ms)[0m  INSERT INTO "genres" ("created_at", "title", "updated_at") VALUES (?, ?, ?)  [["created_at", Fri, 15 Jan 2016 05:01:48 UTC +00:00], ["title", "Romance"], ["updated_at", Fri, 15 Jan 2016 05:01:48 UTC +00:00]]
  [1m[36m (0.7ms)[0m  [1mcommit transaction[0m
  [1m[35m (0.0ms)[0m  begin transaction
  [1m[36mSQL (0.2ms)[0m  [1mINSERT INTO "genres" ("created_at", "title", "updated_at") VALUES (?, ?, ?)[0m  [["created_at", Fri, 15 Jan 2016 05:01:48 UTC +00:00], ["title", "Action"], ["updated_at", Fri, 15 Jan 2016 05:01:48 UTC +00:00]]
  [1m[35m (0.7ms)[0m  commit transaction
  [1m[36m (0.1ms)[0m  [1mbegin transaction[0m
  [1m[35mSQL (0.5ms)[0m  INSERT INTO "actors" ("created_at", "name", "updated_at") VALUES (?, ?, ?)  [["created_at", Fri, 15 Jan 2016 05:01:48 UTC +00:00], ["name", "Keanu Reeves"], ["updated_at", Fri, 15 Jan 2016 05:01:48 UTC +00:00]]
  [1m[36m (1.7ms)[0m  [1mcommit transaction[0m
  [1m[35m (0.1ms)[0m  begin transaction
  [1m[36mSQL (0.3ms)[0m  [1mINSERT INTO "actors" ("created_at", "name", "updated_at") VALUES (?, ?, ?)[0m  [["created_at", Fri, 15 Jan 2016 05:01:48 UTC +00:00], ["name", "Laurence Fishburne"], ["updated_at", Fri, 15 Jan 2016 05:01:48 UTC +00:00]]
  [1m[35m (0.7ms)[0m  commit transaction
  [1m[36m (0.1ms)[0m  [1mbegin transaction[0m
  [1m[35mSQL (0.3ms)[0m  INSERT INTO "actors" ("created_at", "name", "updated_at") VALUES (?, ?, ?)  [["created_at", Fri, 15 Jan 2016 05:01:48 UTC +00:00], ["name", "Brad Pitt"], ["updated_at", Fri, 15 Jan 2016 05:01:48 UTC +00:00]]
  [1m[36m (0.7ms)[0m  [1mcommit transaction[0m
  [1m[35m (0.1ms)[0m  begin transaction
  [1m[36mSQL (1.3ms)[0m  [1mINSERT INTO "actors" ("created_at", "name", "updated_at") VALUES (?, ?, ?)[0m  [["created_at", Fri, 15 Jan 2016 05:01:48 UTC +00:00], ["name", "Elijah Wood"], ["updated_at", Fri, 15 Jan 2016 05:01:48 UTC +00:00]]
  [1m[35m (0.8ms)[0m  commit transaction
  [1m[36m (0.1ms)[0m  [1mbegin transaction[0m
  [1m[35mSQL (0.3ms)[0m  INSERT INTO "actors" ("created_at", "name", "updated_at") VALUES (?, ?, ?)  [["created_at", Fri, 15 Jan 2016 05:01:48 UTC +00:00], ["name", "Sean Astin"], ["updated_at", Fri, 15 Jan 2016 05:01:48 UTC +00:00]]
  [1m[36m (0.7ms)[0m  [1mcommit transaction[0m
  [1m[35m (0.2ms)[0m  begin transaction
  [1m[36mSQL (1.4ms)[0m  [1mUPDATE "movies" SET "genre_id" = ?, "updated_at" = ? WHERE "movies"."id" = 2[0m  [["genre_id", 5], ["updated_at", Fri, 15 Jan 2016 05:01:48 UTC +00:00]]
  [1m[35m (1.2ms)[0m  commit transaction
  [1m[36m (0.1ms)[0m  [1mbegin transaction[0m
  [1m[35mSQL (1.0ms)[0m  UPDATE "movies" SET "genre_id" = ?, "updated_at" = ? WHERE "movies"."id" = 3  [["genre_id", 5], ["updated_at", Fri, 15 Jan 2016 05:01:48 UTC +00:00]]
  [1m[36m (0.8ms)[0m  [1mcommit transaction[0m
  [1m[35m (0.1ms)[0m  begin transaction
  [1m[36mSQL (1.2ms)[0m  [1mUPDATE "movies" SET "genre_id" = ?, "updated_at" = ? WHERE "movies"."id" = 4[0m  [["genre_id", 5], ["updated_at", Fri, 15 Jan 2016 05:01:48 UTC +00:00]]
  [1m[35m (0.7ms)[0m  commit transaction
  [1m[36m (0.1ms)[0m  [1mbegin transaction[0m
  [1m[35mSQL (1.1ms)[0m  UPDATE "movies" SET "genre_id" = ?, "updated_at" = ? WHERE "movies"."id" = 1  [["genre_id", 5], ["updated_at", Fri, 15 Jan 2016 05:01:48 UTC +00:00]]
  [1m[36m (0.8ms)[0m  [1mcommit transaction[0m
  [1m[35m (0.1ms)[0m  begin transaction
  [1m[36mSQL (0.4ms)[0m  [1mUPDATE "movies" SET "genre_id" = ?, "updated_at" = ? WHERE "movies"."id" = 5[0m  [["genre_id", 3], ["updated_at", Fri, 15 Jan 2016 05:01:48 UTC +00:00]]
  [1m[35m (0.8ms)[0m  commit transaction
  [1m[36mActor Load (0.5ms)[0m  [1mSELECT "actors".* FROM "actors" INNER JOIN "actors_movies" ON "actors"."id" = "actors_movies"."actor_id" WHERE "actors_movies"."movie_id" = ?[0m  [["movie_id", 1]]
  [1m[35m (0.1ms)[0m  begin transaction
  [1m[36m (0.2ms)[0m  [1mINSERT INTO "actors_movies" ("movie_id", "actor_id") VALUES (1, 1)[0m
  [1m[35m (0.1ms)[0m  INSERT INTO "actors_movies" ("movie_id", "actor_id") VALUES (1, 2)
  [1m[36m (0.9ms)[0m  [1mcommit transaction[0m
  [1m[35m (0.1ms)[0m  begin transaction
  [1m[36m (0.1ms)[0m  [1mcommit transaction[0m
  [1m[35mActor Load (0.1ms)[0m  SELECT "actors".* FROM "actors" INNER JOIN "actors_movies" ON "actors"."id" = "actors_movies"."actor_id" WHERE "actors_movies"."movie_id" = ?  [["movie_id", 2]]
  [1m[36m (0.1ms)[0m  [1mbegin transaction[0m
  [1m[35m (0.3ms)[0m  INSERT INTO "actors_movies" ("movie_id", "actor_id") VALUES (2, 4)
  [1m[36m (0.1ms)[0m  [1mINSERT INTO "actors_movies" ("movie_id", "actor_id") VALUES (2, 5)[0m
  [1m[35m (0.7ms)[0m  commit transaction
  [1m[36m (0.0ms)[0m  [1mbegin transaction[0m
  [1m[35m (0.0ms)[0m  commit transaction
  [1m[36mActor Load (0.1ms)[0m  [1mSELECT "actors".* FROM "actors" INNER JOIN "actors_movies" ON "actors"."id" = "actors_movies"."actor_id" WHERE "actors_movies"."movie_id" = ?[0m  [["movie_id", 3]]
  [1m[35m (0.0ms)[0m  begin transaction
  [1m[36m (0.2ms)[0m  [1mINSERT INTO "actors_movies" ("movie_id", "actor_id") VALUES (3, 4)[0m
  [1m[35m (0.0ms)[0m  INSERT INTO "actors_movies" ("movie_id", "actor_id") VALUES (3, 5)
  [1m[36m (0.7ms)[0m  [1mcommit transaction[0m
  [1m[35m (0.0ms)[0m  begin transaction
  [1m[36m (0.0ms)[0m  [1mcommit transaction[0m
  [1m[35mActor Load (0.1ms)[0m  SELECT "actors".* FROM "actors" INNER JOIN "actors_movies" ON "actors"."id" = "actors_movies"."actor_id" WHERE "actors_movies"."movie_id" = ?  [["movie_id", 4]]
  [1m[36m (0.1ms)[0m  [1mbegin transaction[0m
  [1m[35m (0.2ms)[0m  INSERT INTO "actors_movies" ("movie_id", "actor_id") VALUES (4, 4)
  [1m[36m (0.1ms)[0m  [1mINSERT INTO "actors_movies" ("movie_id", "actor_id") VALUES (4, 5)[0m
  [1m[35m (0.7ms)[0m  commit transaction
  [1m[36m (0.0ms)[0m  [1mbegin transaction[0m
  [1m[35m (0.0ms)[0m  commit transaction
  [1m[36mMovie Load (0.2ms)[0m  [1mSELECT "movies".* FROM "movies" ORDER BY "movies"."id" ASC LIMIT 1[0m
  [1m[35mUser Load (1.6ms)[0m  SELECT "users".* FROM "users" INNER JOIN "movies_users" ON "users"."id" = "movies_users"."user_id" WHERE "movies_users"."movie_id" = ?  [["movie_id", 1]]
  [1m[36mUser Load (10.1ms)[0m  [1mSELECT "users".* FROM "users"[0m
  [1m[36m (0.1ms)[0m  [1mbegin transaction[0m
  [1m[35mUser Exists (0.5ms)[0m  SELECT 1 AS one FROM "users" WHERE "users"."email" = 'pshin45@gmail.com' LIMIT 1
  [1m[36m (0.1ms)[0m  [1mrollback transaction[0m
  [1m[35m (0.1ms)[0m  begin transaction
  [1m[36mUser Exists (0.1ms)[0m  [1mSELECT 1 AS one FROM "users" WHERE "users"."email" = 'pshin45@gmail.com' LIMIT 1[0m
  [1m[35m (0.1ms)[0m  rollback transaction


Started GET "/users/sign_in" for 127.0.0.1 at 2016-01-14 21:10:16 -0800
Processing by Devise::SessionsController#new as HTML
  Rendered /Users/petershin/.rvm/gems/ruby-2.2.1/gems/devise-3.4.1/app/views/devise/shared/_links.html.erb (1.4ms)
  Rendered /Users/petershin/.rvm/gems/ruby-2.2.1/gems/devise-3.4.1/app/views/devise/sessions/new.html.erb within layouts/application (19.6ms)
Completed 200 OK in 672ms (Views: 616.4ms | ActiveRecord: 0.8ms)


Started GET "/users/sign_in" for 127.0.0.1 at 2016-01-14 21:10:17 -0800
Processing by Devise::SessionsController#new as HTML
  Rendered /Users/petershin/.rvm/gems/ruby-2.2.1/gems/devise-3.4.1/app/views/devise/shared/_links.html.erb (0.4ms)
  Rendered /Users/petershin/.rvm/gems/ruby-2.2.1/gems/devise-3.4.1/app/views/devise/sessions/new.html.erb within layouts/application (8.9ms)
Completed 200 OK in 23ms (Views: 21.5ms | ActiveRecord: 0.0ms)


Started GET "/assets/application.css?body=1" for 127.0.0.1 at 2016-01-14 21:10:17 -0800


Started GET "/assets/actor.css?body=1" for 127.0.0.1 at 2016-01-14 21:10:17 -0800


Started GET "/assets/users.css?body=1" for 127.0.0.1 at 2016-01-14 21:10:17 -0800


Started GET "/assets/movies.css?body=1" for 127.0.0.1 at 2016-01-14 21:10:17 -0800


Started GET "/assets/genre.css?body=1" for 127.0.0.1 at 2016-01-14 21:10:17 -0800


Started GET "/assets/jquery.js?body=1" for 127.0.0.1 at 2016-01-14 21:10:17 -0800


Started GET "/assets/jquery_ujs.js?body=1" for 127.0.0.1 at 2016-01-14 21:10:17 -0800


Started GET "/assets/users.js?body=1" for 127.0.0.1 at 2016-01-14 21:10:17 -0800


Started GET "/assets/turbolinks.js?body=1" for 127.0.0.1 at 2016-01-14 21:10:17 -0800


Started GET "/assets/actor.js?body=1" for 127.0.0.1 at 2016-01-14 21:10:17 -0800


Started GET "/assets/genre.js?body=1" for 127.0.0.1 at 2016-01-14 21:10:17 -0800


Started GET "/assets/movies.js?body=1" for 127.0.0.1 at 2016-01-14 21:10:17 -0800


Started GET "/assets/application.js?body=1" for 127.0.0.1 at 2016-01-14 21:10:17 -0800


Started POST "/users/sign_in" for 127.0.0.1 at 2016-01-14 21:10:22 -0800
Processing by Devise::SessionsController#create as HTML
  Parameters: {"utf8"=>"✓", "authenticity_token"=>"0NJWLBLNQEDXO+7VyGcGLphciAxF1asetCyolBwv8co=", "user"=>{"email"=>"pshin45@gmail.com", "password"=>"[FILTERED]", "remember_me"=>"0"}, "commit"=>"Log in"}
  [1m[35mUser Load (0.6ms)[0m  SELECT "users".* FROM "users" WHERE "users"."email" = 'pshin45@gmail.com' ORDER BY "users"."id" ASC LIMIT 1
Completed 401 Unauthorized in 6ms
Processing by Devise::SessionsController#new as HTML
  Parameters: {"utf8"=>"✓", "authenticity_token"=>"0NJWLBLNQEDXO+7VyGcGLphciAxF1asetCyolBwv8co=", "user"=>{"email"=>"pshin45@gmail.com", "password"=>"[FILTERED]", "remember_me"=>"0"}, "commit"=>"Log in"}
  Rendered /Users/petershin/.rvm/gems/ruby-2.2.1/gems/devise-3.4.1/app/views/devise/shared/_links.html.erb (0.3ms)
  Rendered /Users/petershin/.rvm/gems/ruby-2.2.1/gems/devise-3.4.1/app/views/devise/sessions/new.html.erb within layouts/application (4.7ms)
Completed 200 OK in 90ms (Views: 14.8ms | ActiveRecord: 0.0ms)


Started GET "/assets/application.css?body=1" for 127.0.0.1 at 2016-01-14 21:10:23 -0800


Started GET "/assets/genre.css?body=1" for 127.0.0.1 at 2016-01-14 21:10:23 -0800


Started GET "/assets/movies.css?body=1" for 127.0.0.1 at 2016-01-14 21:10:23 -0800


Started GET "/assets/jquery.js?body=1" for 127.0.0.1 at 2016-01-14 21:10:23 -0800


Started GET "/assets/jquery_ujs.js?body=1" for 127.0.0.1 at 2016-01-14 21:10:23 -0800


Started GET "/assets/actor.css?body=1" for 127.0.0.1 at 2016-01-14 21:10:23 -0800


Started GET "/assets/actor.js?body=1" for 127.0.0.1 at 2016-01-14 21:10:23 -0800


Started GET "/assets/turbolinks.js?body=1" for 127.0.0.1 at 2016-01-14 21:10:23 -0800


Started GET "/assets/genre.js?body=1" for 127.0.0.1 at 2016-01-14 21:10:23 -0800


Started GET "/assets/movies.js?body=1" for 127.0.0.1 at 2016-01-14 21:10:23 -0800


Started GET "/assets/application.js?body=1" for 127.0.0.1 at 2016-01-14 21:10:23 -0800
  [1m[36mUser Load (0.6ms)[0m  [1mSELECT "users".* FROM "users" ORDER BY "users"."id" ASC LIMIT 1[0m
  [1m[35m (0.1ms)[0m  begin transaction
  [1m[36mUser Exists (0.5ms)[0m  [1mSELECT 1 AS one FROM "users" WHERE "users"."email" = 'pshin@gmail.com' LIMIT 1[0m
Binary data inserted for `string` type on column `encrypted_password`
  [1m[35mSQL (3.8ms)[0m  INSERT INTO "users" ("created_at", "email", "encrypted_password", "updated_at") VALUES (?, ?, ?, ?)  [["created_at", Fri, 15 Jan 2016 05:26:36 UTC +00:00], ["email", "pshin@gmail.com"], ["encrypted_password", "$2a$10$sPCr.mH.bc3YyKPv2pE.KufOjV4yVv7P.9IyVhQyo7VYJoc5VU4QW"], ["updated_at", Fri, 15 Jan 2016 05:26:36 UTC +00:00]]
  [1m[36m (0.8ms)[0m  [1mcommit transaction[0m


Started POST "/users/sign_in" for 127.0.0.1 at 2016-01-14 21:27:08 -0800
Processing by Devise::SessionsController#create as HTML
  Parameters: {"utf8"=>"✓", "authenticity_token"=>"0NJWLBLNQEDXO+7VyGcGLphciAxF1asetCyolBwv8co=", "user"=>{"email"=>"pshin@gmail.com", "password"=>"[FILTERED]", "remember_me"=>"0"}, "commit"=>"Log in"}
  [1m[36mUser Load (0.1ms)[0m  [1mSELECT "users".* FROM "users" WHERE "users"."email" = 'pshin@gmail.com' ORDER BY "users"."id" ASC LIMIT 1[0m
  [1m[35m (0.1ms)[0m  begin transaction
Binary data inserted for `string` type on column `last_sign_in_ip`
Binary data inserted for `string` type on column `current_sign_in_ip`
  [1m[36mSQL (10.1ms)[0m  [1mUPDATE "users" SET "last_sign_in_at" = ?, "current_sign_in_at" = ?, "last_sign_in_ip" = ?, "current_sign_in_ip" = ?, "sign_in_count" = ?, "updated_at" = ? WHERE "users"."id" = 1[0m  [["last_sign_in_at", Fri, 15 Jan 2016 05:27:08 UTC +00:00], ["current_sign_in_at", Fri, 15 Jan 2016 05:27:08 UTC +00:00], ["last_sign_in_ip", "127.0.0.1"], ["current_sign_in_ip", "127.0.0.1"], ["sign_in_count", 1], ["updated_at", Fri, 15 Jan 2016 05:27:08 UTC +00:00]]
  [1m[35m (0.8ms)[0m  commit transaction
Redirected to http://localhost:3000/
Completed 302 Found in 175ms (ActiveRecord: 11.5ms)


Started GET "/" for 127.0.0.1 at 2016-01-14 21:27:08 -0800
Processing by MoviesController#index as HTML
  [1m[36mMovie Load (0.6ms)[0m  [1mSELECT "movies".* FROM "movies" WHERE (title LIKE '%%' OR description LIKE '%%' OR year_released LIKE '%%')[0m
  [1m[35mGenre Load (0.5ms)[0m  SELECT "genres".* FROM "genres" WHERE "genres"."id" = ? ORDER BY "genres"."id" ASC LIMIT 1  [["id", 5]]
  [1m[36mCACHE (0.0ms)[0m  [1mSELECT "genres".* FROM "genres" WHERE "genres"."id" = ? ORDER BY "genres"."id" ASC LIMIT 1[0m  [["id", 5]]
  [1m[35mCACHE (0.0ms)[0m  SELECT "genres".* FROM "genres" WHERE "genres"."id" = ? ORDER BY "genres"."id" ASC LIMIT 1  [["id", 5]]
  [1m[36mCACHE (0.0ms)[0m  [1mSELECT "genres".* FROM "genres" WHERE "genres"."id" = ? ORDER BY "genres"."id" ASC LIMIT 1[0m  [["id", 5]]
  [1m[35mGenre Load (0.1ms)[0m  SELECT "genres".* FROM "genres" WHERE "genres"."id" = ? ORDER BY "genres"."id" ASC LIMIT 1  [["id", 3]]
  Rendered movies/_list.html.erb (42.0ms)
  Rendered movies/index.html.erb within layouts/application (46.3ms)
  [1m[36mUser Load (0.2ms)[0m  [1mSELECT "users".* FROM "users" WHERE "users"."id" = 1 ORDER BY "users"."id" ASC LIMIT 1[0m
Completed 200 OK in 63ms (Views: 55.2ms | ActiveRecord: 2.0ms)


Started GET "/assets/application.css?body=1" for 127.0.0.1 at 2016-01-14 21:27:08 -0800


Started GET "/assets/actor.css?body=1" for 127.0.0.1 at 2016-01-14 21:27:08 -0800


Started GET "/assets/genre.css?body=1" for 127.0.0.1 at 2016-01-14 21:27:08 -0800


Started GET "/assets/movies.css?body=1" for 127.0.0.1 at 2016-01-14 21:27:08 -0800


Started GET "/assets/users.css?body=1" for 127.0.0.1 at 2016-01-14 21:27:08 -0800


Started GET "/assets/jquery_ujs.js?body=1" for 127.0.0.1 at 2016-01-14 21:27:08 -0800


Started GET "/assets/turbolinks.js?body=1" for 127.0.0.1 at 2016-01-14 21:27:08 -0800


Started GET "/assets/jquery.js?body=1" for 127.0.0.1 at 2016-01-14 21:27:08 -0800


Started GET "/assets/actor.js?body=1" for 127.0.0.1 at 2016-01-14 21:27:08 -0800


Started GET "/assets/genre.js?body=1" for 127.0.0.1 at 2016-01-14 21:27:08 -0800


Started GET "/assets/movies.js?body=1" for 127.0.0.1 at 2016-01-14 21:27:08 -0800


Started GET "/assets/users.js?body=1" for 127.0.0.1 at 2016-01-14 21:27:08 -0800


Started GET "/assets/application.js?body=1" for 127.0.0.1 at 2016-01-14 21:27:08 -0800
  [1m[36mUser Load (1.8ms)[0m  [1mSELECT "users".* FROM "users"[0m
  [1m[35mUser Load (0.2ms)[0m  SELECT "users".* FROM "users" ORDER BY "users"."id" ASC LIMIT 1
  [1m[36mUser Load (0.3ms)[0m  [1mSELECT "users".* FROM "users" ORDER BY "users"."id" ASC LIMIT 1[0m
  [1m[35mUser Load (0.2ms)[0m  SELECT "users".* FROM "users" ORDER BY "users"."id" ASC LIMIT 1
  [1m[36mUser Load (0.2ms)[0m  [1mSELECT "users".* FROM "users" ORDER BY "users"."id" ASC LIMIT 1[0m
  [1m[35mMovie Load (3.5ms)[0m  SELECT "movies".* FROM "movies" INNER JOIN "movies_users" ON "movies"."id" = "movies_users"."movie_id" WHERE "movies_users"."user_id" = ?  [["user_id", 1]]
